[ 2017-06-15T10:54:48+08:00 ] 223.104.1.96 /ACM/repair_system/Home/Index/addOrder
INFO: [ app_init ] --START--
INFO: Run Behavior\BuildLiteBehavior [ RunTime:0.000026s ]
INFO: [ app_init ] --END-- [ RunTime:0.002380s ]
INFO: [ app_begin ] --START--
INFO: Run Behavior\ReadHtmlCacheBehavior [ RunTime:0.002978s ]
INFO: [ app_begin ] --END-- [ RunTime:0.003078s ]
SQL: SHOW COLUMNS FROM `user_cookie` [ RunTime:0.0006s ]
SQL: SELECT * FROM `user_cookie` WHERE `account` = null LIMIT 1   [ RunTime:0.0003s ]

[ 2017-06-15T10:54:49+08:00 ] 223.104.1.96 /ACM/repair_system/index.php/Home/Index/auth.html
INFO: [ app_init ] --START--
INFO: Run Behavior\BuildLiteBehavior [ RunTime:0.000009s ]
INFO: [ app_init ] --END-- [ RunTime:0.000066s ]
INFO: [ app_begin ] --START--
INFO: Run Behavior\ReadHtmlCacheBehavior [ RunTime:0.000023s ]
INFO: [ app_begin ] --END-- [ RunTime:0.000045s ]
INFO: [ view_parse ] --START--
INFO: [ template_filter ] --START--
INFO: Run Behavior\ContentReplaceBehavior [ RunTime:0.000048s ]
INFO: [ template_filter ] --END-- [ RunTime:0.000093s ]
INFO: Run Behavior\ParseTemplateBehavior [ RunTime:0.019870s ]
INFO: [ view_parse ] --END-- [ RunTime:0.019892s ]
INFO: [ view_filter ] --START--
INFO: Run Behavior\WriteHtmlCacheBehavior [ RunTime:0.009655s ]
INFO: [ view_filter ] --END-- [ RunTime:0.009698s ]
INFO: [ app_end ] --START--
INFO: Run Behavior\ShowPageTraceBehavior [ RunTime:0.001990s ]
INFO: [ app_end ] --END-- [ RunTime:0.002049s ]

[ 2017-06-15T10:54:52+08:00 ] 223.104.1.96 /ACM/repair_system/index.php/Home/User/checkAuthCodeAjax.html
INFO: [ app_init ] --START--
INFO: Run Behavior\BuildLiteBehavior [ RunTime:0.000009s ]
INFO: [ app_init ] --END-- [ RunTime:0.000089s ]
INFO: [ app_begin ] --START--
INFO: Run Behavior\ReadHtmlCacheBehavior [ RunTime:0.000033s ]
INFO: [ app_begin ] --END-- [ RunTime:0.000062s ]

[ 2017-06-15T12:20:40+08:00 ] 117.136.41.34 /ACM/repair_system/Home/Index/addOrder
INFO: [ app_init ] --START--
INFO: Run Behavior\BuildLiteBehavior [ RunTime:0.000009s ]
INFO: [ app_init ] --END-- [ RunTime:0.000075s ]
INFO: [ app_begin ] --START--
INFO: Run Behavior\ReadHtmlCacheBehavior [ RunTime:0.000047s ]
INFO: [ app_begin ] --END-- [ RunTime:0.000077s ]
SQL: SHOW COLUMNS FROM `user_cookie` [ RunTime:0.0006s ]
SQL: SELECT * FROM `user_cookie` WHERE `account` = null LIMIT 1   [ RunTime:0.0003s ]

[ 2017-06-15T12:20:40+08:00 ] 117.136.41.34 /ACM/repair_system/index.php/Home/Index/auth.html
INFO: [ app_init ] --START--
INFO: Run Behavior\BuildLiteBehavior [ RunTime:0.000009s ]
INFO: [ app_init ] --END-- [ RunTime:0.000058s ]
INFO: [ app_begin ] --START--
INFO: Run Behavior\ReadHtmlCacheBehavior [ RunTime:0.000021s ]
INFO: [ app_begin ] --END-- [ RunTime:0.000044s ]
INFO: [ view_parse ] --START--
INFO: [ template_filter ] --START--
INFO: Run Behavior\ContentReplaceBehavior [ RunTime:0.000042s ]
INFO: [ template_filter ] --END-- [ RunTime:0.000066s ]
INFO: Run Behavior\ParseTemplateBehavior [ RunTime:0.002718s ]
INFO: [ view_parse ] --END-- [ RunTime:0.002740s ]
INFO: [ view_filter ] --START--
INFO: Run Behavior\WriteHtmlCacheBehavior [ RunTime:0.000031s ]
INFO: [ view_filter ] --END-- [ RunTime:0.000046s ]
INFO: [ app_end ] --START--
INFO: Run Behavior\ShowPageTraceBehavior [ RunTime:0.000025s ]
INFO: [ app_end ] --END-- [ RunTime:0.000040s ]

[ 2017-06-15T12:25:54+08:00 ] 117.136.31.219 /ACM/repair_system/Home/Index/addOrder
INFO: [ app_init ] --START--
INFO: Run Behavior\BuildLiteBehavior [ RunTime:0.000014s ]
INFO: [ app_init ] --END-- [ RunTime:0.000117s ]
INFO: [ app_begin ] --START--
INFO: Run Behavior\ReadHtmlCacheBehavior [ RunTime:0.000040s ]
INFO: [ app_begin ] --END-- [ RunTime:0.000061s ]
SQL: SHOW COLUMNS FROM `user_cookie` [ RunTime:0.0006s ]
SQL: SELECT * FROM `user_cookie` WHERE `account` = null LIMIT 1   [ RunTime:0.0003s ]

[ 2017-06-15T12:25:54+08:00 ] 117.136.31.219 /ACM/repair_system/index.php/Home/Index/auth.html
INFO: [ app_init ] --START--
INFO: Run Behavior\BuildLiteBehavior [ RunTime:0.000016s ]
INFO: [ app_init ] --END-- [ RunTime:0.000110s ]
INFO: [ app_begin ] --START--
INFO: Run Behavior\ReadHtmlCacheBehavior [ RunTime:0.000050s ]
INFO: [ app_begin ] --END-- [ RunTime:0.000094s ]
INFO: [ view_parse ] --START--
INFO: [ template_filter ] --START--
INFO: Run Behavior\ContentReplaceBehavior [ RunTime:0.000083s ]
INFO: [ template_filter ] --END-- [ RunTime:0.000178s ]
INFO: Run Behavior\ParseTemplateBehavior [ RunTime:0.005192s ]
INFO: [ view_parse ] --END-- [ RunTime:0.005225s ]
INFO: [ view_filter ] --START--
INFO: Run Behavior\WriteHtmlCacheBehavior [ RunTime:0.000044s ]
INFO: [ view_filter ] --END-- [ RunTime:0.000059s ]
INFO: [ app_end ] --START--
INFO: Run Behavior\ShowPageTraceBehavior [ RunTime:0.000027s ]
INFO: [ app_end ] --END-- [ RunTime:0.000043s ]

[ 2017-06-15T13:04:10+08:00 ] 117.136.31.219 /ACM/repair_system/Home/Index/addOrder
INFO: [ app_init ] --START--
INFO: Run Behavior\BuildLiteBehavior [ RunTime:0.000013s ]
INFO: [ app_init ] --END-- [ RunTime:0.000100s ]
INFO: [ app_begin ] --START--
INFO: Run Behavior\ReadHtmlCacheBehavior [ RunTime:0.000033s ]
INFO: [ app_begin ] --END-- [ RunTime:0.000055s ]
SQL: SHOW COLUMNS FROM `user_cookie` [ RunTime:0.0006s ]
SQL: SELECT * FROM `user_cookie` WHERE `account` = null LIMIT 1   [ RunTime:0.0004s ]

[ 2017-06-15T13:04:10+08:00 ] 117.136.31.219 /ACM/repair_system/index.php/Home/Index/auth.html
INFO: [ app_init ] --START--
INFO: Run Behavior\BuildLiteBehavior [ RunTime:0.000010s ]
INFO: [ app_init ] --END-- [ RunTime:0.000059s ]
INFO: [ app_begin ] --START--
INFO: Run Behavior\ReadHtmlCacheBehavior [ RunTime:0.000022s ]
INFO: [ app_begin ] --END-- [ RunTime:0.000043s ]
INFO: [ view_parse ] --START--
INFO: [ template_filter ] --START--
INFO: Run Behavior\ContentReplaceBehavior [ RunTime:0.000048s ]
INFO: [ template_filter ] --END-- [ RunTime:0.000075s ]
INFO: Run Behavior\ParseTemplateBehavior [ RunTime:0.002593s ]
INFO: [ view_parse ] --END-- [ RunTime:0.002615s ]
INFO: [ view_filter ] --START--
INFO: Run Behavior\WriteHtmlCacheBehavior [ RunTime:0.000030s ]
INFO: [ view_filter ] --END-- [ RunTime:0.000047s ]
INFO: [ app_end ] --START--
INFO: Run Behavior\ShowPageTraceBehavior [ RunTime:0.000040s ]
INFO: [ app_end ] --END-- [ RunTime:0.000065s ]

[ 2017-06-15T13:04:26+08:00 ] 117.136.31.219 /ACM/repair_system/index.php/Home/User/getAuthCodeAjax.html
INFO: [ app_init ] --START--
INFO: Run Behavior\BuildLiteBehavior [ RunTime:0.000010s ]
INFO: [ app_init ] --END-- [ RunTime:0.000075s ]
INFO: [ app_begin ] --START--
INFO: Run Behavior\ReadHtmlCacheBehavior [ RunTime:0.000032s ]
INFO: [ app_begin ] --END-- [ RunTime:0.000053s ]
SQL: SHOW COLUMNS FROM `user_auth` [ RunTime:0.0006s ]
SQL: SELECT * FROM `user_auth` WHERE `account` = '15975556175'  [ RunTime:0.0002s ]
SQL: SHOW COLUMNS FROM `user` [ RunTime:0.0003s ]
SQL: INSERT INTO `user` (`mobile`,`student_number`,`name`) VALUES ('15975556175','0','0') [ RunTime:0.0062s ]
SQL: SELECT * FROM `user` WHERE `mobile` = '15975556175' LIMIT 1   [ RunTime:0.0003s ]
SQL: SHOW COLUMNS FROM `user_password` [ RunTime:0.0005s ]
SQL: INSERT INTO `user_password` (`salt`,`password`,`account`,`id`) VALUES ('9707','0','15975556175','109') [ RunTime:0.0049s ]
SQL: SHOW COLUMNS FROM `user_cookie` [ RunTime:0.0004s ]
SQL: INSERT INTO `user_cookie` (`user_id`,`cookie`,`account`,`time`) VALUES ('109','8c8dd83169652de193b0b5eb81f49719','15975556175','1497503066') [ RunTime:0.0047s ]
SQL: INSERT INTO `user_auth` (`account`,`time`,`auth_code`) VALUES ('15975556175','1497503066','7141') [ RunTime:0.0051s ]
SQL: UPDATE `user_auth` SET `time`='1497503066' WHERE `account` = '15975556175' [ RunTime:0.0065s ]

[ 2017-06-15T13:04:37+08:00 ] 117.136.31.219 /ACM/repair_system/index.php/Home/User/checkAuthCodeAjax.html
INFO: [ app_init ] --START--
INFO: Run Behavior\BuildLiteBehavior [ RunTime:0.000009s ]
INFO: [ app_init ] --END-- [ RunTime:0.000073s ]
INFO: [ app_begin ] --START--
INFO: Run Behavior\ReadHtmlCacheBehavior [ RunTime:0.000031s ]
INFO: [ app_begin ] --END-- [ RunTime:0.000052s ]
SQL: SHOW COLUMNS FROM `user` [ RunTime:0.0006s ]
SQL: SELECT * FROM `user` WHERE `mobile` = '15975556175'  [ RunTime:0.0003s ]
SQL: SHOW COLUMNS FROM `user_auth` [ RunTime:0.0004s ]
SQL: SELECT * FROM `user_auth` WHERE `account` = '15975556175'  [ RunTime:0.0002s ]

[ 2017-06-15T13:04:39+08:00 ] 117.136.31.219 /ACM/repair_system/index.php/Home/Index/addOrder.html
INFO: [ app_init ] --START--
INFO: Run Behavior\BuildLiteBehavior [ RunTime:0.000009s ]
INFO: [ app_init ] --END-- [ RunTime:0.000058s ]
INFO: [ app_begin ] --START--
INFO: Run Behavior\ReadHtmlCacheBehavior [ RunTime:0.000022s ]
INFO: [ app_begin ] --END-- [ RunTime:0.000042s ]
SQL: SHOW COLUMNS FROM `user_cookie` [ RunTime:0.0006s ]
SQL: SELECT * FROM `user_cookie` WHERE `account` = '15975556175' LIMIT 1   [ RunTime:0.0006s ]
SQL: SHOW COLUMNS FROM `service_types` [ RunTime:0.0003s ]
SQL: SELECT * FROM `service_types`  [ RunTime:0.0002s ]
SQL: SHOW COLUMNS FROM `user` [ RunTime:0.0003s ]
SQL: SELECT * FROM `user` WHERE `mobile` = '15975556175' LIMIT 1   [ RunTime:0.0002s ]
INFO: [ view_parse ] --START--
INFO: [ template_filter ] --START--
INFO: Run Behavior\ContentReplaceBehavior [ RunTime:0.000053s ]
INFO: [ template_filter ] --END-- [ RunTime:0.000098s ]
INFO: Run Behavior\ParseTemplateBehavior [ RunTime:0.038448s ]
INFO: [ view_parse ] --END-- [ RunTime:0.038471s ]
INFO: [ view_filter ] --START--
INFO: Run Behavior\WriteHtmlCacheBehavior [ RunTime:0.000032s ]
INFO: [ view_filter ] --END-- [ RunTime:0.000047s ]
INFO: [ app_end ] --START--
INFO: Run Behavior\ShowPageTraceBehavior [ RunTime:0.000027s ]
INFO: [ app_end ] --END-- [ RunTime:0.000043s ]

[ 2017-06-15T19:20:11+08:00 ] 117.136.41.44 /ACM/repair_system/Home/Index/addOrder
INFO: [ app_init ] --START--
INFO: Run Behavior\BuildLiteBehavior [ RunTime:0.000011s ]
INFO: [ app_init ] --END-- [ RunTime:0.000075s ]
INFO: [ app_begin ] --START--
INFO: Run Behavior\ReadHtmlCacheBehavior [ RunTime:0.000037s ]
INFO: [ app_begin ] --END-- [ RunTime:0.000064s ]
SQL: SHOW COLUMNS FROM `user_cookie` [ RunTime:0.0006s ]
SQL: SELECT * FROM `user_cookie` WHERE `account` = null LIMIT 1   [ RunTime:0.0003s ]

[ 2017-06-15T19:20:11+08:00 ] 117.136.41.44 /ACM/repair_system/index.php/Home/Index/auth.html
INFO: [ app_init ] --START--
INFO: Run Behavior\BuildLiteBehavior [ RunTime:0.000009s ]
INFO: [ app_init ] --END-- [ RunTime:0.000059s ]
INFO: [ app_begin ] --START--
INFO: Run Behavior\ReadHtmlCacheBehavior [ RunTime:0.000022s ]
INFO: [ app_begin ] --END-- [ RunTime:0.000039s ]
INFO: [ view_parse ] --START--
INFO: [ template_filter ] --START--
INFO: Run Behavior\ContentReplaceBehavior [ RunTime:0.000054s ]
INFO: [ template_filter ] --END-- [ RunTime:0.000097s ]
INFO: Run Behavior\ParseTemplateBehavior [ RunTime:0.022333s ]
INFO: [ view_parse ] --END-- [ RunTime:0.022359s ]
INFO: [ view_filter ] --START--
INFO: Run Behavior\WriteHtmlCacheBehavior [ RunTime:0.000041s ]
INFO: [ view_filter ] --END-- [ RunTime:0.000057s ]
INFO: [ app_end ] --START--
INFO: Run Behavior\ShowPageTraceBehavior [ RunTime:0.000044s ]
INFO: [ app_end ] --END-- [ RunTime:0.000067s ]

[ 2017-06-15T19:48:15+08:00 ] 14.23.185.81 /ACM/repair_system/index.php/Home/Index/addOrder
INFO: [ app_init ] --START--
INFO: Run Behavior\BuildLiteBehavior [ RunTime:0.000009s ]
INFO: [ app_init ] --END-- [ RunTime:0.000064s ]
INFO: [ app_begin ] --START--
INFO: Run Behavior\ReadHtmlCacheBehavior [ RunTime:0.000028s ]
INFO: [ app_begin ] --END-- [ RunTime:0.000051s ]
SQL: SHOW COLUMNS FROM `user_cookie` [ RunTime:0.0006s ]
SQL: SELECT * FROM `user_cookie` WHERE `account` = null LIMIT 1   [ RunTime:0.0003s ]

[ 2017-06-15T19:48:15+08:00 ] 14.23.185.81 /ACM/repair_system/index.php/Home/Index/auth.html
INFO: [ app_init ] --START--
INFO: Run Behavior\BuildLiteBehavior [ RunTime:0.000010s ]
INFO: [ app_init ] --END-- [ RunTime:0.000057s ]
INFO: [ app_begin ] --START--
INFO: Run Behavior\ReadHtmlCacheBehavior [ RunTime:0.000023s ]
INFO: [ app_begin ] --END-- [ RunTime:0.000044s ]
INFO: [ view_parse ] --START--
INFO: [ template_filter ] --START--
INFO: Run Behavior\ContentReplaceBehavior [ RunTime:0.000039s ]
INFO: [ template_filter ] --END-- [ RunTime:0.000059s ]
INFO: Run Behavior\ParseTemplateBehavior [ RunTime:0.001181s ]
INFO: [ view_parse ] --END-- [ RunTime:0.001204s ]
INFO: [ view_filter ] --START--
INFO: Run Behavior\WriteHtmlCacheBehavior [ RunTime:0.000029s ]
INFO: [ view_filter ] --END-- [ RunTime:0.000043s ]
INFO: [ app_end ] --START--
INFO: Run Behavior\ShowPageTraceBehavior [ RunTime:0.000023s ]
INFO: [ app_end ] --END-- [ RunTime:0.000038s ]

[ 2017-06-15T19:48:25+08:00 ] 101.226.65.107 /ACM/repair_system/index.php/Home/Index/addOrder
INFO: [ app_init ] --START--
INFO: Run Behavior\BuildLiteBehavior [ RunTime:0.000009s ]
INFO: [ app_init ] --END-- [ RunTime:0.000067s ]
INFO: [ app_begin ] --START--
INFO: Run Behavior\ReadHtmlCacheBehavior [ RunTime:0.000027s ]
INFO: [ app_begin ] --END-- [ RunTime:0.000048s ]
SQL: SHOW COLUMNS FROM `user_cookie` [ RunTime:0.0006s ]
SQL: SELECT * FROM `user_cookie` WHERE `account` = null LIMIT 1   [ RunTime:0.0003s ]

[ 2017-06-15T19:48:25+08:00 ] 101.226.65.107 /ACM/repair_system/index.php/Home/Index/auth.html
INFO: [ app_init ] --START--
INFO: Run Behavior\BuildLiteBehavior [ RunTime:0.000010s ]
INFO: [ app_init ] --END-- [ RunTime:0.000061s ]
INFO: [ app_begin ] --START--
INFO: Run Behavior\ReadHtmlCacheBehavior [ RunTime:0.000020s ]
INFO: [ app_begin ] --END-- [ RunTime:0.000040s ]
INFO: [ view_parse ] --START--
INFO: [ template_filter ] --START--
INFO: Run Behavior\ContentReplaceBehavior [ RunTime:0.000040s ]
INFO: [ template_filter ] --END-- [ RunTime:0.000062s ]
INFO: Run Behavior\ParseTemplateBehavior [ RunTime:0.001234s ]
INFO: [ view_parse ] --END-- [ RunTime:0.001256s ]
INFO: [ view_filter ] --START--
INFO: Run Behavior\WriteHtmlCacheBehavior [ RunTime:0.000030s ]
INFO: [ view_filter ] --END-- [ RunTime:0.000045s ]
INFO: [ app_end ] --START--
INFO: Run Behavior\ShowPageTraceBehavior [ RunTime:0.000025s ]
INFO: [ app_end ] --END-- [ RunTime:0.000040s ]

[ 2017-06-15T19:56:01+08:00 ] 117.136.32.92 /ACM/repair_system/index.php/Home/Index/auth.html?from=singlemessage
INFO: [ app_init ] --START--
INFO: Run Behavior\BuildLiteBehavior [ RunTime:0.000009s ]
INFO: [ app_init ] --END-- [ RunTime:0.000069s ]
INFO: [ app_begin ] --START--
INFO: Run Behavior\ReadHtmlCacheBehavior [ RunTime:0.000026s ]
INFO: [ app_begin ] --END-- [ RunTime:0.000046s ]
INFO: [ view_parse ] --START--
INFO: [ template_filter ] --START--
INFO: Run Behavior\ContentReplaceBehavior [ RunTime:0.000039s ]
INFO: [ template_filter ] --END-- [ RunTime:0.000061s ]
INFO: Run Behavior\ParseTemplateBehavior [ RunTime:0.001172s ]
INFO: [ view_parse ] --END-- [ RunTime:0.001238s ]
INFO: [ view_filter ] --START--
INFO: Run Behavior\WriteHtmlCacheBehavior [ RunTime:0.000030s ]
INFO: [ view_filter ] --END-- [ RunTime:0.000045s ]
INFO: [ app_end ] --START--
INFO: Run Behavior\ShowPageTraceBehavior [ RunTime:0.000025s ]
INFO: [ app_end ] --END-- [ RunTime:0.000039s ]

[ 2017-06-15T19:56:15+08:00 ] 117.136.32.92 /ACM/repair_system/index.php/Home/User/getAuthCodeAjax.html
INFO: [ app_init ] --START--
INFO: Run Behavior\BuildLiteBehavior [ RunTime:0.000046s ]
INFO: [ app_init ] --END-- [ RunTime:0.000105s ]
INFO: [ app_begin ] --START--
INFO: Run Behavior\ReadHtmlCacheBehavior [ RunTime:0.000025s ]
INFO: [ app_begin ] --END-- [ RunTime:0.000044s ]
SQL: SHOW COLUMNS FROM `user_auth` [ RunTime:0.0006s ]
SQL: SELECT * FROM `user_auth` WHERE `account` = '13418050803'  [ RunTime:0.0002s ]
SQL: SHOW COLUMNS FROM `user` [ RunTime:0.0003s ]
SQL: INSERT INTO `user` (`mobile`,`student_number`,`name`) VALUES ('13418050803','0','0') [ RunTime:0.0079s ]
SQL: SELECT * FROM `user` WHERE `mobile` = '13418050803' LIMIT 1   [ RunTime:0.0003s ]
SQL: SHOW COLUMNS FROM `user_password` [ RunTime:0.0004s ]
SQL: INSERT INTO `user_password` (`salt`,`password`,`account`,`id`) VALUES ('7211','0','13418050803','110') [ RunTime:0.0048s ]
SQL: SHOW COLUMNS FROM `user_cookie` [ RunTime:0.0004s ]
SQL: INSERT INTO `user_cookie` (`user_id`,`cookie`,`account`,`time`) VALUES ('110','f20b17b1e4e163c807c07869a8b5bcef','13418050803','1497527775') [ RunTime:0.0047s ]
SQL: INSERT INTO `user_auth` (`account`,`time`,`auth_code`) VALUES ('13418050803','1497527775','5897') [ RunTime:0.0064s ]
SQL: UPDATE `user_auth` SET `time`='1497527775' WHERE `account` = '13418050803' [ RunTime:0.0068s ]

[ 2017-06-15T19:56:27+08:00 ] 117.136.32.92 /ACM/repair_system/index.php/Home/User/checkAuthCodeAjax.html
INFO: [ app_init ] --START--
INFO: Run Behavior\BuildLiteBehavior [ RunTime:0.000009s ]
INFO: [ app_init ] --END-- [ RunTime:0.000065s ]
INFO: [ app_begin ] --START--
INFO: Run Behavior\ReadHtmlCacheBehavior [ RunTime:0.000026s ]
INFO: [ app_begin ] --END-- [ RunTime:0.000044s ]
SQL: SHOW COLUMNS FROM `user` [ RunTime:0.0006s ]
SQL: SELECT * FROM `user` WHERE `mobile` = '13418050803'  [ RunTime:0.0002s ]
SQL: SHOW COLUMNS FROM `user_auth` [ RunTime:0.0003s ]
SQL: SELECT * FROM `user_auth` WHERE `account` = '13418050803'  [ RunTime:0.0002s ]

[ 2017-06-15T19:56:29+08:00 ] 117.136.32.92 /ACM/repair_system/index.php/Home/Index/addOrder.html
INFO: [ app_init ] --START--
INFO: Run Behavior\BuildLiteBehavior [ RunTime:0.000009s ]
INFO: [ app_init ] --END-- [ RunTime:0.000058s ]
INFO: [ app_begin ] --START--
INFO: Run Behavior\ReadHtmlCacheBehavior [ RunTime:0.000021s ]
INFO: [ app_begin ] --END-- [ RunTime:0.000042s ]
SQL: SHOW COLUMNS FROM `user_cookie` [ RunTime:0.0006s ]
SQL: SELECT * FROM `user_cookie` WHERE `account` = '13418050803' LIMIT 1   [ RunTime:0.0003s ]
SQL: SHOW COLUMNS FROM `service_types` [ RunTime:0.0003s ]
SQL: SELECT * FROM `service_types`  [ RunTime:0.0002s ]
SQL: SHOW COLUMNS FROM `user` [ RunTime:0.0003s ]
SQL: SELECT * FROM `user` WHERE `mobile` = '13418050803' LIMIT 1   [ RunTime:0.0002s ]
INFO: [ view_parse ] --START--
INFO: [ template_filter ] --START--
INFO: Run Behavior\ContentReplaceBehavior [ RunTime:0.000044s ]
INFO: [ template_filter ] --END-- [ RunTime:0.000068s ]
INFO: Run Behavior\ParseTemplateBehavior [ RunTime:0.017502s ]
INFO: [ view_parse ] --END-- [ RunTime:0.017525s ]
INFO: [ view_filter ] --START--
INFO: Run Behavior\WriteHtmlCacheBehavior [ RunTime:0.000029s ]
INFO: [ view_filter ] --END-- [ RunTime:0.000045s ]
INFO: [ app_end ] --START--
INFO: Run Behavior\ShowPageTraceBehavior [ RunTime:0.000025s ]
INFO: [ app_end ] --END-- [ RunTime:0.000041s ]

[ 2017-06-15T19:56:39+08:00 ] 180.153.81.212 /ACM/repair_system/index.php/Home/Index/addOrder.html
INFO: [ app_init ] --START--
INFO: Run Behavior\BuildLiteBehavior [ RunTime:0.000012s ]
INFO: [ app_init ] --END-- [ RunTime:0.000097s ]
INFO: [ app_begin ] --START--
INFO: Run Behavior\ReadHtmlCacheBehavior [ RunTime:0.000047s ]
INFO: [ app_begin ] --END-- [ RunTime:0.000080s ]
SQL: SHOW COLUMNS FROM `user_cookie` [ RunTime:0.0007s ]
SQL: SELECT * FROM `user_cookie` WHERE `account` = null LIMIT 1   [ RunTime:0.0004s ]

[ 2017-06-15T19:56:39+08:00 ] 180.153.81.212 /ACM/repair_system/index.php/Home/Index/auth.html
INFO: [ app_init ] --START--
INFO: Run Behavior\BuildLiteBehavior [ RunTime:0.000009s ]
INFO: [ app_init ] --END-- [ RunTime:0.000057s ]
INFO: [ app_begin ] --START--
INFO: Run Behavior\ReadHtmlCacheBehavior [ RunTime:0.000021s ]
INFO: [ app_begin ] --END-- [ RunTime:0.000042s ]
INFO: [ view_parse ] --START--
INFO: [ template_filter ] --START--
INFO: Run Behavior\ContentReplaceBehavior [ RunTime:0.000039s ]
INFO: [ template_filter ] --END-- [ RunTime:0.000061s ]
INFO: Run Behavior\ParseTemplateBehavior [ RunTime:0.001256s ]
INFO: [ view_parse ] --END-- [ RunTime:0.001278s ]
INFO: [ view_filter ] --START--
INFO: Run Behavior\WriteHtmlCacheBehavior [ RunTime:0.000028s ]
INFO: [ view_filter ] --END-- [ RunTime:0.000042s ]
INFO: [ app_end ] --START--
INFO: Run Behavior\ShowPageTraceBehavior [ RunTime:0.000024s ]
INFO: [ app_end ] --END-- [ RunTime:0.000039s ]

[ 2017-06-15T19:57:46+08:00 ] 14.23.185.99 /ACM/repair_system/index.php/Home/Index/auth.html
INFO: [ app_init ] --START--
INFO: Run Behavior\BuildLiteBehavior [ RunTime:0.000011s ]
INFO: [ app_init ] --END-- [ RunTime:0.000073s ]
INFO: [ app_begin ] --START--
INFO: Run Behavior\ReadHtmlCacheBehavior [ RunTime:0.000026s ]
INFO: [ app_begin ] --END-- [ RunTime:0.000045s ]
INFO: [ view_parse ] --START--
INFO: [ template_filter ] --START--
INFO: Run Behavior\ContentReplaceBehavior [ RunTime:0.000040s ]
INFO: [ template_filter ] --END-- [ RunTime:0.000060s ]
INFO: Run Behavior\ParseTemplateBehavior [ RunTime:0.001244s ]
INFO: [ view_parse ] --END-- [ RunTime:0.001266s ]
INFO: [ view_filter ] --START--
INFO: Run Behavior\WriteHtmlCacheBehavior [ RunTime:0.000030s ]
INFO: [ view_filter ] --END-- [ RunTime:0.000043s ]
INFO: [ app_end ] --START--
INFO: Run Behavior\ShowPageTraceBehavior [ RunTime:0.000024s ]
INFO: [ app_end ] --END-- [ RunTime:0.000038s ]

[ 2017-06-15T19:58:54+08:00 ] 117.136.32.92 /ACM/repair_system/index.php/Home/Index/addOrderAjax.html
INFO: [ app_init ] --START--
INFO: Run Behavior\BuildLiteBehavior [ RunTime:0.000009s ]
INFO: [ app_init ] --END-- [ RunTime:0.000063s ]
INFO: [ app_begin ] --START--
INFO: Run Behavior\ReadHtmlCacheBehavior [ RunTime:0.000024s ]
INFO: [ app_begin ] --END-- [ RunTime:0.000042s ]
SQL: SHOW COLUMNS FROM `user` [ RunTime:0.0006s ]
SQL: SELECT * FROM `user` WHERE `mobile` = '13418050803'  [ RunTime:0.0002s ]
SQL: SHOW COLUMNS FROM `order_list` [ RunTime:0.0003s ]
SQL: INSERT INTO `order_list` (`user_id`,`state`,`time`) VALUES ('110','0','1497527934') [ RunTime:0.0109s ]
SQL: SHOW COLUMNS FROM `order_detail` [ RunTime:0.0004s ]
SQL: INSERT INTO `order_detail` (`mobile`,`content`,`service_type`,`computer_type`) VALUES ('13418050803','电脑屏幕出现了两条横线','其他','华硕') [ RunTime:0.0040s ]
SQL: UPDATE `user` SET `name`='闲玉',`student_number`='151033104' WHERE `id` = 110 [ RunTime:0.0086s ]
SQL: SHOW COLUMNS FROM `admin` [ RunTime:0.0006s ]
SQL: SELECT * FROM `admin` WHERE ( auth > 2 )  [ RunTime:0.0002s ]

[ 2017-06-15T19:58:56+08:00 ] 117.136.32.92 /ACM/repair_system/index.php/Home/CheckOrder/checkOrderView.html
INFO: [ app_init ] --START--
INFO: Run Behavior\BuildLiteBehavior [ RunTime:0.000009s ]
INFO: [ app_init ] --END-- [ RunTime:0.000060s ]
INFO: [ app_begin ] --START--
INFO: Run Behavior\ReadHtmlCacheBehavior [ RunTime:0.000020s ]
INFO: [ app_begin ] --END-- [ RunTime:0.000040s ]
SQL: SHOW COLUMNS FROM `user_cookie` [ RunTime:0.0006s ]
SQL: SELECT * FROM `user_cookie` WHERE `account` = '13418050803' LIMIT 1   [ RunTime:0.0003s ]
SQL: SHOW COLUMNS FROM `user` [ RunTime:0.0003s ]
SQL: SELECT * FROM `user` WHERE `mobile` = '13418050803' LIMIT 1   [ RunTime:0.0002s ]
SQL: SHOW COLUMNS FROM `order_list` [ RunTime:0.0004s ]
SQL: SELECT * FROM `order_list` WHERE `user_id` = 110 ORDER BY id desc  [ RunTime:0.0002s ]
INFO: [ view_parse ] --START--
INFO: [ template_filter ] --START--
INFO: Run Behavior\ContentReplaceBehavior [ RunTime:0.000037s ]
INFO: [ template_filter ] --END-- [ RunTime:0.000065s ]
INFO: Run Behavior\ParseTemplateBehavior [ RunTime:0.005475s ]
INFO: [ view_parse ] --END-- [ RunTime:0.005501s ]
INFO: [ view_filter ] --START--
INFO: Run Behavior\WriteHtmlCacheBehavior [ RunTime:0.000032s ]
INFO: [ view_filter ] --END-- [ RunTime:0.000046s ]
INFO: [ app_end ] --START--
INFO: Run Behavior\ShowPageTraceBehavior [ RunTime:0.000025s ]
INFO: [ app_end ] --END-- [ RunTime:0.000040s ]

[ 2017-06-15T22:13:27+08:00 ] 117.136.31.217 /ACM/repair_system/Home/Index/addOrder
INFO: [ app_init ] --START--
INFO: Run Behavior\BuildLiteBehavior [ RunTime:0.000009s ]
INFO: [ app_init ] --END-- [ RunTime:0.000068s ]
INFO: [ app_begin ] --START--
INFO: Run Behavior\ReadHtmlCacheBehavior [ RunTime:0.000026s ]
INFO: [ app_begin ] --END-- [ RunTime:0.000047s ]
SQL: SHOW COLUMNS FROM `user_cookie` [ RunTime:0.0006s ]
SQL: SELECT * FROM `user_cookie` WHERE `account` = null LIMIT 1   [ RunTime:0.0003s ]

[ 2017-06-15T22:13:27+08:00 ] 117.136.31.217 /ACM/repair_system/index.php/Home/Index/auth.html
INFO: [ app_init ] --START--
INFO: Run Behavior\BuildLiteBehavior [ RunTime:0.000012s ]
INFO: [ app_init ] --END-- [ RunTime:0.000078s ]
INFO: [ app_begin ] --START--
INFO: Run Behavior\ReadHtmlCacheBehavior [ RunTime:0.000021s ]
INFO: [ app_begin ] --END-- [ RunTime:0.000039s ]
INFO: [ view_parse ] --START--
INFO: [ template_filter ] --START--
INFO: Run Behavior\ContentReplaceBehavior [ RunTime:0.000039s ]
INFO: [ template_filter ] --END-- [ RunTime:0.000060s ]
INFO: Run Behavior\ParseTemplateBehavior [ RunTime:0.001266s ]
INFO: [ view_parse ] --END-- [ RunTime:0.001295s ]
INFO: [ view_filter ] --START--
INFO: Run Behavior\WriteHtmlCacheBehavior [ RunTime:0.000032s ]
INFO: [ view_filter ] --END-- [ RunTime:0.000046s ]
INFO: [ app_end ] --START--
INFO: Run Behavior\ShowPageTraceBehavior [ RunTime:0.000024s ]
INFO: [ app_end ] --END-- [ RunTime:0.000039s ]

[ 2017-06-15T22:13:38+08:00 ] 117.136.31.217 /ACM/repair_system/index.php/Home/User/getAuthCodeAjax.html
INFO: [ app_init ] --START--
INFO: Run Behavior\BuildLiteBehavior [ RunTime:0.000010s ]
INFO: [ app_init ] --END-- [ RunTime:0.000066s ]
INFO: [ app_begin ] --START--
INFO: Run Behavior\ReadHtmlCacheBehavior [ RunTime:0.000025s ]
INFO: [ app_begin ] --END-- [ RunTime:0.000043s ]
SQL: SHOW COLUMNS FROM `user_auth` [ RunTime:0.0006s ]
SQL: SELECT * FROM `user_auth` WHERE `account` = '15914384907'  [ RunTime:0.0002s ]
SQL: SHOW COLUMNS FROM `user` [ RunTime:0.0003s ]
SQL: INSERT INTO `user` (`mobile`,`student_number`,`name`) VALUES ('15914384907','0','0') [ RunTime:0.0058s ]
SQL: SELECT * FROM `user` WHERE `mobile` = '15914384907' LIMIT 1   [ RunTime:0.0003s ]
SQL: SHOW COLUMNS FROM `user_password` [ RunTime:0.0005s ]
SQL: INSERT INTO `user_password` (`salt`,`password`,`account`,`id`) VALUES ('9543','0','15914384907','111') [ RunTime:0.0053s ]
SQL: SHOW COLUMNS FROM `user_cookie` [ RunTime:0.0006s ]
SQL: INSERT INTO `user_cookie` (`user_id`,`cookie`,`account`,`time`) VALUES ('111','9738890732bcd622abcfb332962fefd7','15914384907','1497536018') [ RunTime:0.0047s ]
SQL: INSERT INTO `user_auth` (`account`,`time`,`auth_code`) VALUES ('15914384907','1497536018','3284') [ RunTime:0.0019s ]
SQL: UPDATE `user_auth` SET `time`='1497536018' WHERE `account` = '15914384907' [ RunTime:0.0053s ]

[ 2017-06-15T22:13:48+08:00 ] 117.136.31.217 /ACM/repair_system/index.php/Home/User/checkAuthCodeAjax.html
INFO: [ app_init ] --START--
INFO: Run Behavior\BuildLiteBehavior [ RunTime:0.000012s ]
INFO: [ app_init ] --END-- [ RunTime:0.000088s ]
INFO: [ app_begin ] --START--
INFO: Run Behavior\ReadHtmlCacheBehavior [ RunTime:0.000038s ]
INFO: [ app_begin ] --END-- [ RunTime:0.000068s ]
SQL: SHOW COLUMNS FROM `user` [ RunTime:0.0006s ]
SQL: SELECT * FROM `user` WHERE `mobile` = '15914384907'  [ RunTime:0.0002s ]
SQL: SHOW COLUMNS FROM `user_auth` [ RunTime:0.0003s ]
SQL: SELECT * FROM `user_auth` WHERE `account` = '15914384907'  [ RunTime:0.0002s ]

[ 2017-06-15T22:13:50+08:00 ] 117.136.31.217 /ACM/repair_system/index.php/Home/Index/addOrder.html
INFO: [ app_init ] --START--
INFO: Run Behavior\BuildLiteBehavior [ RunTime:0.000009s ]
INFO: [ app_init ] --END-- [ RunTime:0.000058s ]
INFO: [ app_begin ] --START--
INFO: Run Behavior\ReadHtmlCacheBehavior [ RunTime:0.000021s ]
INFO: [ app_begin ] --END-- [ RunTime:0.000042s ]
SQL: SHOW COLUMNS FROM `user_cookie` [ RunTime:0.0006s ]
SQL: SELECT * FROM `user_cookie` WHERE `account` = '15914384907' LIMIT 1   [ RunTime:0.0004s ]
SQL: SHOW COLUMNS FROM `service_types` [ RunTime:0.0003s ]
SQL: SELECT * FROM `service_types`  [ RunTime:0.0002s ]
SQL: SHOW COLUMNS FROM `user` [ RunTime:0.0003s ]
SQL: SELECT * FROM `user` WHERE `mobile` = '15914384907' LIMIT 1   [ RunTime:0.0002s ]
INFO: [ view_parse ] --START--
INFO: [ template_filter ] --START--
INFO: Run Behavior\ContentReplaceBehavior [ RunTime:0.000044s ]
INFO: [ template_filter ] --END-- [ RunTime:0.000067s ]
INFO: Run Behavior\ParseTemplateBehavior [ RunTime:0.001711s ]
INFO: [ view_parse ] --END-- [ RunTime:0.001734s ]
INFO: [ view_filter ] --START--
INFO: Run Behavior\WriteHtmlCacheBehavior [ RunTime:0.000031s ]
INFO: [ view_filter ] --END-- [ RunTime:0.000045s ]
INFO: [ app_end ] --START--
INFO: Run Behavior\ShowPageTraceBehavior [ RunTime:0.000025s ]
INFO: [ app_end ] --END-- [ RunTime:0.000040s ]

[ 2017-06-15T22:16:52+08:00 ] 117.136.31.217 /ACM/repair_system/index.php/Home/Index/addOrderAjax.html
INFO: [ app_init ] --START--
INFO: Run Behavior\BuildLiteBehavior [ RunTime:0.000009s ]
INFO: [ app_init ] --END-- [ RunTime:0.000075s ]
INFO: [ app_begin ] --START--
INFO: Run Behavior\ReadHtmlCacheBehavior [ RunTime:0.000032s ]
INFO: [ app_begin ] --END-- [ RunTime:0.000051s ]
SQL: SHOW COLUMNS FROM `user` [ RunTime:0.0006s ]
SQL: SELECT * FROM `user` WHERE `mobile` = '15914384907'  [ RunTime:0.0003s ]
SQL: SHOW COLUMNS FROM `order_list` [ RunTime:0.0003s ]
SQL: INSERT INTO `order_list` (`user_id`,`state`,`time`) VALUES ('111','0','1497536211') [ RunTime:0.0057s ]
SQL: SHOW COLUMNS FROM `order_detail` [ RunTime:0.0004s ]
SQL: INSERT INTO `order_detail` (`mobile`,`content`,`service_type`,`computer_type`) VALUES ('15914384907','经常蓝屏，然后重启时黑屏，显示:找不到启动设备，请在硬盘上安装操作系统','蓝屏','惠普') [ RunTime:0.0045s ]
SQL: UPDATE `user` SET `name`='刘健琳',`student_number`='161042080' WHERE `id` = 111 [ RunTime:0.0053s ]
SQL: SHOW COLUMNS FROM `admin` [ RunTime:0.0005s ]
SQL: SELECT * FROM `admin` WHERE ( auth > 2 )  [ RunTime:0.0002s ]

[ 2017-06-15T22:16:54+08:00 ] 117.136.31.217 /ACM/repair_system/index.php/Home/CheckOrder/checkOrderView.html
INFO: [ app_init ] --START--
INFO: Run Behavior\BuildLiteBehavior [ RunTime:0.000009s ]
INFO: [ app_init ] --END-- [ RunTime:0.000063s ]
INFO: [ app_begin ] --START--
INFO: Run Behavior\ReadHtmlCacheBehavior [ RunTime:0.000024s ]
INFO: [ app_begin ] --END-- [ RunTime:0.000043s ]
SQL: SHOW COLUMNS FROM `user_cookie` [ RunTime:0.0006s ]
SQL: SELECT * FROM `user_cookie` WHERE `account` = '15914384907' LIMIT 1   [ RunTime:0.0003s ]
SQL: SHOW COLUMNS FROM `user` [ RunTime:0.0003s ]
SQL: SELECT * FROM `user` WHERE `mobile` = '15914384907' LIMIT 1   [ RunTime:0.0002s ]
SQL: SHOW COLUMNS FROM `order_list` [ RunTime:0.0003s ]
SQL: SELECT * FROM `order_list` WHERE `user_id` = 111 ORDER BY id desc  [ RunTime:0.0002s ]
INFO: [ view_parse ] --START--
INFO: [ template_filter ] --START--
INFO: Run Behavior\ContentReplaceBehavior [ RunTime:0.000034s ]
INFO: [ template_filter ] --END-- [ RunTime:0.000059s ]
INFO: Run Behavior\ParseTemplateBehavior [ RunTime:0.014818s ]
INFO: [ view_parse ] --END-- [ RunTime:0.014841s ]
INFO: [ view_filter ] --START--
INFO: Run Behavior\WriteHtmlCacheBehavior [ RunTime:0.000039s ]
INFO: [ view_filter ] --END-- [ RunTime:0.000055s ]
INFO: [ app_end ] --START--
INFO: Run Behavior\ShowPageTraceBehavior [ RunTime:0.000034s ]
INFO: [ app_end ] --END-- [ RunTime:0.000051s ]

[ 2017-06-15T22:16:59+08:00 ] 117.136.31.217 /ACM/repair_system/index.php/Home/CheckOrder/checkDetail/id/124.html
INFO: [ app_init ] --START--
INFO: Run Behavior\BuildLiteBehavior [ RunTime:0.000009s ]
INFO: [ app_init ] --END-- [ RunTime:0.000065s ]
INFO: [ app_begin ] --START--
INFO: Run Behavior\ReadHtmlCacheBehavior [ RunTime:0.000030s ]
INFO: [ app_begin ] --END-- [ RunTime:0.000049s ]
SQL: SHOW COLUMNS FROM `user_cookie` [ RunTime:0.0006s ]
SQL: SELECT * FROM `user_cookie` WHERE `account` = '15914384907' LIMIT 1   [ RunTime:0.0003s ]
SQL: SELECT list.state,list.time,list.id,detail.content,detail.service_type,detail.computer_type,admin.mobile,admin.name
			FROM order_list as list,order_detail as detail,admin_to_order as ato,admin as admin
			WHERE list.id=124 and list.id=detail.id and admin.id=ato.admin_id and ato.order_id=list.id [ RunTime:0.0004s ]
NOTIC: [8] Undefined offset: 0 /var/www/html/ACM/repair_system/Application/Home/Controller/CheckOrderController.class.php 第 82 行.
SQL: SHOW COLUMNS FROM `admin_to_order` [ RunTime:0.0004s ]
SQL: SELECT * FROM `admin_to_order` WHERE `order_id` = 124  [ RunTime:0.0003s ]
NOTIC: [8] Undefined index: id /var/www/html/ACM/repair_system/Application/Home/Controller/CheckOrderController.class.php 第 106 行.
INFO: [ view_parse ] --START--
INFO: [ template_filter ] --START--
INFO: Run Behavior\ContentReplaceBehavior [ RunTime:0.000044s ]
INFO: [ template_filter ] --END-- [ RunTime:0.000082s ]
NOTIC: [8] Undefined index: state /var/www/html/ACM/repair_system/Application/Runtime/Cache/Home/92146b3b3e554601ae9b3d363a52fd19.php 第 21 行.
NOTIC: [8] Undefined index: state /var/www/html/ACM/repair_system/Application/Runtime/Cache/Home/92146b3b3e554601ae9b3d363a52fd19.php 第 39 行.
NOTIC: [8] Undefined index: state /var/www/html/ACM/repair_system/Application/Runtime/Cache/Home/92146b3b3e554601ae9b3d363a52fd19.php 第 42 行.
NOTIC: [8] Undefined index: state /var/www/html/ACM/repair_system/Application/Runtime/Cache/Home/92146b3b3e554601ae9b3d363a52fd19.php 第 42 行.
NOTIC: [8] Undefined variable: item /var/www/html/ACM/repair_system/Application/Runtime/Cache/Home/92146b3b3e554601ae9b3d363a52fd19.php 第 45 行.
NOTIC: [8] Undefined index: name /var/www/html/ACM/repair_system/Application/Runtime/Cache/Home/92146b3b3e554601ae9b3d363a52fd19.php 第 50 行.
NOTIC: [8] Undefined index: mobile /var/www/html/ACM/repair_system/Application/Runtime/Cache/Home/92146b3b3e554601ae9b3d363a52fd19.php 第 53 行.
INFO: Run Behavior\ParseTemplateBehavior [ RunTime:0.011986s ]
INFO: [ view_parse ] --END-- [ RunTime:0.012011s ]
INFO: [ view_filter ] --START--
INFO: Run Behavior\WriteHtmlCacheBehavior [ RunTime:0.000043s ]
INFO: [ view_filter ] --END-- [ RunTime:0.000068s ]
INFO: [ app_end ] --START--
INFO: Run Behavior\ShowPageTraceBehavior [ RunTime:0.000040s ]
INFO: [ app_end ] --END-- [ RunTime:0.000067s ]

[ 2017-06-15T22:17:09+08:00 ] 61.151.226.199 /ACM/repair_system/index.php/Home/CheckOrder/checkDetail/id/124.html
INFO: [ app_init ] --START--
INFO: Run Behavior\BuildLiteBehavior [ RunTime:0.000012s ]
INFO: [ app_init ] --END-- [ RunTime:0.000087s ]
INFO: [ app_begin ] --START--
INFO: Run Behavior\ReadHtmlCacheBehavior [ RunTime:0.000053s ]
INFO: [ app_begin ] --END-- [ RunTime:0.000080s ]
SQL: SHOW COLUMNS FROM `user_cookie` [ RunTime:0.0007s ]
SQL: SELECT * FROM `user_cookie` WHERE `account` = null LIMIT 1   [ RunTime:0.0004s ]

[ 2017-06-15T22:17:09+08:00 ] 61.151.226.199 /ACM/repair_system/index.php/Home/Index/auth.html
INFO: [ app_init ] --START--
INFO: Run Behavior\BuildLiteBehavior [ RunTime:0.000011s ]
INFO: [ app_init ] --END-- [ RunTime:0.000071s ]
INFO: [ app_begin ] --START--
INFO: Run Behavior\ReadHtmlCacheBehavior [ RunTime:0.000027s ]
INFO: [ app_begin ] --END-- [ RunTime:0.000053s ]
INFO: [ view_parse ] --START--
INFO: [ template_filter ] --START--
INFO: Run Behavior\ContentReplaceBehavior [ RunTime:0.000047s ]
INFO: [ template_filter ] --END-- [ RunTime:0.000078s ]
INFO: Run Behavior\ParseTemplateBehavior [ RunTime:0.003177s ]
INFO: [ view_parse ] --END-- [ RunTime:0.003204s ]
INFO: [ view_filter ] --START--
INFO: Run Behavior\WriteHtmlCacheBehavior [ RunTime:0.000030s ]
INFO: [ view_filter ] --END-- [ RunTime:0.000044s ]
INFO: [ app_end ] --START--
INFO: Run Behavior\ShowPageTraceBehavior [ RunTime:0.000024s ]
INFO: [ app_end ] --END-- [ RunTime:0.000039s ]

[ 2017-06-15T22:38:50+08:00 ] 219.136.113.86 /ACM/repair_system/Home/Index/addOrder
INFO: [ app_init ] --START--
INFO: Run Behavior\BuildLiteBehavior [ RunTime:0.000009s ]
INFO: [ app_init ] --END-- [ RunTime:0.000065s ]
INFO: [ app_begin ] --START--
INFO: Run Behavior\ReadHtmlCacheBehavior [ RunTime:0.000027s ]
INFO: [ app_begin ] --END-- [ RunTime:0.000046s ]
SQL: SHOW COLUMNS FROM `user_cookie` [ RunTime:0.0006s ]
SQL: SELECT * FROM `user_cookie` WHERE `account` = null LIMIT 1   [ RunTime:0.0003s ]

[ 2017-06-15T22:38:51+08:00 ] 219.136.113.86 /ACM/repair_system/index.php/Home/Index/auth.html
INFO: [ app_init ] --START--
INFO: Run Behavior\BuildLiteBehavior [ RunTime:0.000010s ]
INFO: [ app_init ] --END-- [ RunTime:0.000059s ]
INFO: [ app_begin ] --START--
INFO: Run Behavior\ReadHtmlCacheBehavior [ RunTime:0.000021s ]
INFO: [ app_begin ] --END-- [ RunTime:0.000040s ]
INFO: [ view_parse ] --START--
INFO: [ template_filter ] --START--
INFO: Run Behavior\ContentReplaceBehavior [ RunTime:0.000039s ]
INFO: [ template_filter ] --END-- [ RunTime:0.000060s ]
INFO: Run Behavior\ParseTemplateBehavior [ RunTime:0.001195s ]
INFO: [ view_parse ] --END-- [ RunTime:0.001216s ]
INFO: [ view_filter ] --START--
INFO: Run Behavior\WriteHtmlCacheBehavior [ RunTime:0.000029s ]
INFO: [ view_filter ] --END-- [ RunTime:0.000043s ]
INFO: [ app_end ] --START--
INFO: Run Behavior\ShowPageTraceBehavior [ RunTime:0.000024s ]
INFO: [ app_end ] --END-- [ RunTime:0.000040s ]

[ 2017-06-15T22:40:53+08:00 ] 112.96.128.26 /ACM/repair_system/Home/Index/addOrder
INFO: [ app_init ] --START--
INFO: Run Behavior\BuildLiteBehavior [ RunTime:0.000010s ]
INFO: [ app_init ] --END-- [ RunTime:0.000084s ]
INFO: [ app_begin ] --START--
INFO: Run Behavior\ReadHtmlCacheBehavior [ RunTime:0.000069s ]
INFO: [ app_begin ] --END-- [ RunTime:0.000112s ]
SQL: SHOW COLUMNS FROM `user_cookie` [ RunTime:0.0006s ]
SQL: SELECT * FROM `user_cookie` WHERE `account` = null LIMIT 1   [ RunTime:0.0003s ]

[ 2017-06-15T22:40:53+08:00 ] 112.96.128.26 /ACM/repair_system/index.php/Home/Index/auth.html
INFO: [ app_init ] --START--
INFO: Run Behavior\BuildLiteBehavior [ RunTime:0.000008s ]
INFO: [ app_init ] --END-- [ RunTime:0.000059s ]
INFO: [ app_begin ] --START--
INFO: Run Behavior\ReadHtmlCacheBehavior [ RunTime:0.000021s ]
INFO: [ app_begin ] --END-- [ RunTime:0.000043s ]
INFO: [ view_parse ] --START--
INFO: [ template_filter ] --START--
INFO: Run Behavior\ContentReplaceBehavior [ RunTime:0.000044s ]
INFO: [ template_filter ] --END-- [ RunTime:0.000076s ]
INFO: Run Behavior\ParseTemplateBehavior [ RunTime:0.013160s ]
INFO: [ view_parse ] --END-- [ RunTime:0.013183s ]
INFO: [ view_filter ] --START--
INFO: Run Behavior\WriteHtmlCacheBehavior [ RunTime:0.000042s ]
INFO: [ view_filter ] --END-- [ RunTime:0.000057s ]
INFO: [ app_end ] --START--
INFO: Run Behavior\ShowPageTraceBehavior [ RunTime:0.000034s ]
INFO: [ app_end ] --END-- [ RunTime:0.000051s ]

[ 2017-06-15T22:41:00+08:00 ] 112.96.128.26 /ACM/repair_system/index.php/Home/User/getAuthCodeAjax.html
INFO: [ app_init ] --START--
INFO: Run Behavior\BuildLiteBehavior [ RunTime:0.000010s ]
INFO: [ app_init ] --END-- [ RunTime:0.000064s ]
INFO: [ app_begin ] --START--
INFO: Run Behavior\ReadHtmlCacheBehavior [ RunTime:0.000024s ]
INFO: [ app_begin ] --END-- [ RunTime:0.000043s ]
SQL: SHOW COLUMNS FROM `user_auth` [ RunTime:0.0006s ]
SQL: SELECT * FROM `user_auth` WHERE `account` = ' 13570094059'  [ RunTime:0.0002s ]
SQL: SHOW COLUMNS FROM `user` [ RunTime:0.0003s ]
ERR: 1406:Data too long for column 'mobile' at row 1
 [ SQL语句 ] : INSERT INTO `user` (`mobile`,`student_number`,`name`) VALUES (' 13570094059','0','0')
ERR: 1406:Data too long for column 'mobile' at row 1
 [ SQL语句 ] : INSERT INTO `user` (`mobile`,`student_number`,`name`) VALUES (' 13570094059','0','0')

[ 2017-06-15T22:41:03+08:00 ] 112.96.128.26 /ACM/repair_system/index.php/Home/User/getAuthCodeAjax.html
INFO: [ app_init ] --START--
INFO: Run Behavior\BuildLiteBehavior [ RunTime:0.000009s ]
INFO: [ app_init ] --END-- [ RunTime:0.000063s ]
INFO: [ app_begin ] --START--
INFO: Run Behavior\ReadHtmlCacheBehavior [ RunTime:0.000023s ]
INFO: [ app_begin ] --END-- [ RunTime:0.000043s ]
SQL: SHOW COLUMNS FROM `user_auth` [ RunTime:0.0007s ]
SQL: SELECT * FROM `user_auth` WHERE `account` = ' 13570094059'  [ RunTime:0.0002s ]
SQL: SHOW COLUMNS FROM `user` [ RunTime:0.0003s ]
ERR: 1406:Data too long for column 'mobile' at row 1
 [ SQL语句 ] : INSERT INTO `user` (`mobile`,`student_number`,`name`) VALUES (' 13570094059','0','0')
ERR: 1406:Data too long for column 'mobile' at row 1
 [ SQL语句 ] : INSERT INTO `user` (`mobile`,`student_number`,`name`) VALUES (' 13570094059','0','0')

[ 2017-06-15T23:26:39+08:00 ] 14.30.161.18 /ACM/repair_system/index.php/Home/Index/addOrder
INFO: [ app_init ] --START--
INFO: Run Behavior\BuildLiteBehavior [ RunTime:0.000009s ]
INFO: [ app_init ] --END-- [ RunTime:0.000074s ]
INFO: [ app_begin ] --START--
INFO: Run Behavior\ReadHtmlCacheBehavior [ RunTime:0.000034s ]
INFO: [ app_begin ] --END-- [ RunTime:0.000056s ]
INFO: [ view_parse ] --START--
INFO: [ template_filter ] --START--
INFO: Run Behavior\ContentReplaceBehavior [ RunTime:0.000029s ]
INFO: [ template_filter ] --END-- [ RunTime:0.000054s ]
INFO: Run Behavior\ParseTemplateBehavior [ RunTime:0.005006s ]
INFO: [ view_parse ] --END-- [ RunTime:0.005028s ]
INFO: [ view_filter ] --START--
INFO: Run Behavior\WriteHtmlCacheBehavior [ RunTime:0.000029s ]
INFO: [ view_filter ] --END-- [ RunTime:0.000043s ]
INFO: [ app_end ] --START--
INFO: Run Behavior\ShowPageTraceBehavior [ RunTime:0.000024s ]
INFO: [ app_end ] --END-- [ RunTime:0.000040s ]

[ 2017-06-15T23:26:43+08:00 ] 14.30.161.18 /ACM/repair_system/index.php/Home/CheckOrder/checkOrderView.html
INFO: [ app_init ] --START--
INFO: Run Behavior\BuildLiteBehavior [ RunTime:0.000011s ]
INFO: [ app_init ] --END-- [ RunTime:0.000081s ]
INFO: [ app_begin ] --START--
INFO: Run Behavior\ReadHtmlCacheBehavior [ RunTime:0.000035s ]
INFO: [ app_begin ] --END-- [ RunTime:0.000060s ]
SQL: SHOW COLUMNS FROM `user_cookie` [ RunTime:0.0007s ]
SQL: SELECT * FROM `user_cookie` WHERE `account` = '18929889966' LIMIT 1   [ RunTime:0.0003s ]
SQL: SHOW COLUMNS FROM `user` [ RunTime:0.0004s ]
SQL: SELECT * FROM `user` WHERE `mobile` = '18929889966' LIMIT 1   [ RunTime:0.0003s ]
SQL: SHOW COLUMNS FROM `order_list` [ RunTime:0.0003s ]
SQL: SELECT * FROM `order_list` WHERE `user_id` = 2 ORDER BY id desc  [ RunTime:0.0002s ]
INFO: [ view_parse ] --START--
INFO: [ template_filter ] --START--
INFO: Run Behavior\ContentReplaceBehavior [ RunTime:0.000034s ]
INFO: [ template_filter ] --END-- [ RunTime:0.000056s ]
NOTIC: [2] file_put_contents(./Application/Runtime/Cache/Home/6fbd1919a53c19fc9cce23cae1e61d3c.php): failed to open stream: Permission denied /var/www/html/ACM/repair_system/ThinkPHP/Library/Think/Storage/Driver/File.class.php 第 47 行.
ERR: _STORAGE_WRITE_ERROR_:./Application/Runtime/Cache/Home/6fbd1919a53c19fc9cce23cae1e61d3c.php

[ 2017-06-15T23:26:45+08:00 ] 14.30.161.18 /ACM/repair_system/index.php/Home/Index/addOrder
INFO: [ app_init ] --START--
INFO: Run Behavior\BuildLiteBehavior [ RunTime:0.000009s ]
INFO: [ app_init ] --END-- [ RunTime:0.000062s ]
INFO: [ app_begin ] --START--
INFO: Run Behavior\ReadHtmlCacheBehavior [ RunTime:0.000020s ]
INFO: [ app_begin ] --END-- [ RunTime:0.000039s ]
INFO: [ view_parse ] --START--
INFO: [ template_filter ] --START--
INFO: Run Behavior\ContentReplaceBehavior [ RunTime:0.000027s ]
INFO: [ template_filter ] --END-- [ RunTime:0.000048s ]
INFO: Run Behavior\ParseTemplateBehavior [ RunTime:0.000838s ]
INFO: [ view_parse ] --END-- [ RunTime:0.000859s ]
INFO: [ view_filter ] --START--
INFO: Run Behavior\WriteHtmlCacheBehavior [ RunTime:0.000029s ]
INFO: [ view_filter ] --END-- [ RunTime:0.000043s ]
INFO: [ app_end ] --START--
INFO: Run Behavior\ShowPageTraceBehavior [ RunTime:0.000024s ]
INFO: [ app_end ] --END-- [ RunTime:0.000038s ]

[ 2017-06-15T23:26:54+08:00 ] 14.30.161.18 /ACM/repair_system/index.php/Home/CheckOrder/checkOrderView.html
INFO: [ app_init ] --START--
INFO: Run Behavior\BuildLiteBehavior [ RunTime:0.000010s ]
INFO: [ app_init ] --END-- [ RunTime:0.000076s ]
INFO: [ app_begin ] --START--
INFO: Run Behavior\ReadHtmlCacheBehavior [ RunTime:0.000026s ]
INFO: [ app_begin ] --END-- [ RunTime:0.000046s ]
SQL: SHOW COLUMNS FROM `user_cookie` [ RunTime:0.0006s ]
SQL: SELECT * FROM `user_cookie` WHERE `account` = '18929889966' LIMIT 1   [ RunTime:0.0002s ]
SQL: SHOW COLUMNS FROM `user` [ RunTime:0.0003s ]
SQL: SELECT * FROM `user` WHERE `mobile` = '18929889966' LIMIT 1   [ RunTime:0.0002s ]
SQL: SHOW COLUMNS FROM `order_list` [ RunTime:0.0003s ]
SQL: SELECT * FROM `order_list` WHERE `user_id` = 2 ORDER BY id desc  [ RunTime:0.0002s ]
INFO: [ view_parse ] --START--
INFO: [ template_filter ] --START--
INFO: Run Behavior\ContentReplaceBehavior [ RunTime:0.000034s ]
INFO: [ template_filter ] --END-- [ RunTime:0.000057s ]
INFO: Run Behavior\ParseTemplateBehavior [ RunTime:0.001760s ]
INFO: [ view_parse ] --END-- [ RunTime:0.001783s ]
INFO: [ view_filter ] --START--
INFO: Run Behavior\WriteHtmlCacheBehavior [ RunTime:0.000030s ]
INFO: [ view_filter ] --END-- [ RunTime:0.000045s ]
INFO: [ app_end ] --START--
INFO: Run Behavior\ShowPageTraceBehavior [ RunTime:0.000024s ]
INFO: [ app_end ] --END-- [ RunTime:0.000039s ]

[ 2017-06-15T23:29:28+08:00 ] 14.30.161.18 /ACM/repair_system/index.php/Home/Index/addOrder
INFO: [ app_init ] --START--
INFO: Run Behavior\BuildLiteBehavior [ RunTime:0.000009s ]
INFO: [ app_init ] --END-- [ RunTime:0.000068s ]
INFO: [ app_begin ] --START--
INFO: Run Behavior\ReadHtmlCacheBehavior [ RunTime:0.000033s ]
INFO: [ app_begin ] --END-- [ RunTime:0.000054s ]
INFO: [ view_parse ] --START--
INFO: [ template_filter ] --START--
INFO: Run Behavior\ContentReplaceBehavior [ RunTime:0.000026s ]
INFO: [ template_filter ] --END-- [ RunTime:0.000048s ]
INFO: Run Behavior\ParseTemplateBehavior [ RunTime:0.000896s ]
INFO: [ view_parse ] --END-- [ RunTime:0.000918s ]
INFO: [ view_filter ] --START--
INFO: Run Behavior\WriteHtmlCacheBehavior [ RunTime:0.000029s ]
INFO: [ view_filter ] --END-- [ RunTime:0.000043s ]
INFO: [ app_end ] --START--
INFO: Run Behavior\ShowPageTraceBehavior [ RunTime:0.000024s ]
INFO: [ app_end ] --END-- [ RunTime:0.000039s ]

[ 2017-06-15T23:38:09+08:00 ] 14.24.214.248 /ACM/repair_system/Home/Index/addOrder
INFO: [ app_init ] --START--
INFO: Run Behavior\BuildLiteBehavior [ RunTime:0.000012s ]
INFO: [ app_init ] --END-- [ RunTime:0.000081s ]
INFO: [ app_begin ] --START--
INFO: Run Behavior\ReadHtmlCacheBehavior [ RunTime:0.000042s ]
INFO: [ app_begin ] --END-- [ RunTime:0.000074s ]
INFO: [ view_parse ] --START--
INFO: [ template_filter ] --START--
INFO: Run Behavior\ContentReplaceBehavior [ RunTime:0.000035s ]
INFO: [ template_filter ] --END-- [ RunTime:0.000070s ]
INFO: Run Behavior\ParseTemplateBehavior [ RunTime:0.001186s ]
INFO: [ view_parse ] --END-- [ RunTime:0.001212s ]
INFO: [ view_filter ] --START--
INFO: Run Behavior\WriteHtmlCacheBehavior [ RunTime:0.000029s ]
INFO: [ view_filter ] --END-- [ RunTime:0.000044s ]
INFO: [ app_end ] --START--
INFO: Run Behavior\ShowPageTraceBehavior [ RunTime:0.000023s ]
INFO: [ app_end ] --END-- [ RunTime:0.000037s ]

