[ 2017-09-05T09:00:28+08:00 ] ::1 /repair_system/index.php?BackgroundAdmin/index/index
INFO: [ app_init ] --START--
INFO: Run Behavior\BuildLiteBehavior [ RunTime:0.000027s ]
INFO: [ app_init ] --END-- [ RunTime:0.016544s ]
INFO: [ app_begin ] --START--
INFO: Run Behavior\ReadHtmlCacheBehavior [ RunTime:0.001217s ]
INFO: [ app_begin ] --END-- [ RunTime:0.001288s ]
INFO: [ app_end ] --START--
INFO: Run Behavior\ShowPageTraceBehavior [ RunTime:0.001146s ]
INFO: [ app_end ] --END-- [ RunTime:0.001222s ]

[ 2017-09-05T09:02:03+08:00 ] ::1 /repair_system/index.php
INFO: [ app_init ] --START--
INFO: Run Behavior\BuildLiteBehavior [ RunTime:0.000021s ]
INFO: [ app_init ] --END-- [ RunTime:0.001052s ]
INFO: [ app_begin ] --START--
INFO: Run Behavior\ReadHtmlCacheBehavior [ RunTime:0.002151s ]
INFO: [ app_begin ] --END-- [ RunTime:0.002217s ]
INFO: [ app_end ] --START--
INFO: Run Behavior\ShowPageTraceBehavior [ RunTime:0.002156s ]
INFO: [ app_end ] --END-- [ RunTime:0.002238s ]

[ 2017-09-05T19:27:05+08:00 ] ::1 /repair_system/index.php/home/index/index
INFO: [ app_init ] --START--
INFO: Run Behavior\BuildLiteBehavior [ RunTime:0.000047s ]
INFO: [ app_init ] --END-- [ RunTime:0.001033s ]
INFO: [ app_begin ] --START--
INFO: Run Behavior\ReadHtmlCacheBehavior [ RunTime:0.001335s ]
INFO: [ app_begin ] --END-- [ RunTime:0.001419s ]
INFO: [ app_end ] --START--
INFO: Run Behavior\ShowPageTraceBehavior [ RunTime:0.002149s ]
INFO: [ app_end ] --END-- [ RunTime:0.002272s ]

[ 2017-09-05T19:27:12+08:00 ] ::1 /repair_system/index.php/home/index/login
INFO: [ app_init ] --START--
INFO: Run Behavior\BuildLiteBehavior [ RunTime:0.000019s ]
INFO: [ app_init ] --END-- [ RunTime:0.000496s ]
INFO: [ app_begin ] --START--
INFO: Run Behavior\ReadHtmlCacheBehavior [ RunTime:0.001193s ]
INFO: [ app_begin ] --END-- [ RunTime:0.001272s ]
ERR: 非法操作:login

[ 2017-09-05T19:28:47+08:00 ] ::1 /repair_system/index.php/home/index/auth
INFO: [ app_init ] --START--
INFO: Run Behavior\BuildLiteBehavior [ RunTime:0.000029s ]
INFO: [ app_init ] --END-- [ RunTime:0.000783s ]
INFO: [ app_begin ] --START--
INFO: Run Behavior\ReadHtmlCacheBehavior [ RunTime:0.001135s ]
INFO: [ app_begin ] --END-- [ RunTime:0.001220s ]
INFO: [ view_parse ] --START--
INFO: [ template_filter ] --START--
INFO: Run Behavior\ContentReplaceBehavior [ RunTime:0.000100s ]
INFO: [ template_filter ] --END-- [ RunTime:0.000210s ]
INFO: Run Behavior\ParseTemplateBehavior [ RunTime:0.035679s ]
INFO: [ view_parse ] --END-- [ RunTime:0.035750s ]
INFO: [ view_filter ] --START--
INFO: Run Behavior\WriteHtmlCacheBehavior [ RunTime:0.000537s ]
INFO: [ view_filter ] --END-- [ RunTime:0.000585s ]
INFO: [ app_end ] --START--
INFO: Run Behavior\ShowPageTraceBehavior [ RunTime:0.000869s ]
INFO: [ app_end ] --END-- [ RunTime:0.000917s ]

[ 2017-09-05T19:28:59+08:00 ] ::1 /repair_system/index.php/Home/User/getAuthCodeAjax.html
INFO: [ app_init ] --START--
INFO: Run Behavior\BuildLiteBehavior [ RunTime:0.000018s ]
INFO: [ app_init ] --END-- [ RunTime:0.000484s ]
INFO: [ app_begin ] --START--
INFO: Run Behavior\ReadHtmlCacheBehavior [ RunTime:0.000870s ]
INFO: [ app_begin ] --END-- [ RunTime:0.000921s ]
SQL: SHOW COLUMNS FROM `user_auth` [ RunTime:0.0056s ]
SQL: SELECT * FROM `user_auth` WHERE `account` = '15819064843'  [ RunTime:0.0005s ]
SQL: UPDATE `user_auth` SET `account`='15819064843',`time`='1501271627',`auth_code`='8403' WHERE `account` = '15819064843' [ RunTime:0.0720s ]
SQL: UPDATE `user_auth` SET `time`='1504610939' WHERE `account` = '15819064843' [ RunTime:0.0355s ]

[ 2017-09-05T19:29:19+08:00 ] ::1 /repair_system/index.php
INFO: [ app_init ] --START--
INFO: Run Behavior\BuildLiteBehavior [ RunTime:0.000017s ]
INFO: [ app_init ] --END-- [ RunTime:0.000521s ]
INFO: [ app_begin ] --START--
INFO: Run Behavior\ReadHtmlCacheBehavior [ RunTime:0.000899s ]
INFO: [ app_begin ] --END-- [ RunTime:0.000956s ]
INFO: [ app_end ] --START--
INFO: Run Behavior\ShowPageTraceBehavior [ RunTime:0.000961s ]
INFO: [ app_end ] --END-- [ RunTime:0.001031s ]

[ 2017-09-05T19:29:20+08:00 ] ::1 /repair_system/index.php/Home/User/checkAuthCodeAjax.html
INFO: [ app_init ] --START--
INFO: Run Behavior\BuildLiteBehavior [ RunTime:0.000018s ]
INFO: [ app_init ] --END-- [ RunTime:0.000477s ]
INFO: [ app_begin ] --START--
INFO: Run Behavior\ReadHtmlCacheBehavior [ RunTime:0.001258s ]
INFO: [ app_begin ] --END-- [ RunTime:0.001361s ]
SQL: SHOW COLUMNS FROM `user` [ RunTime:0.0053s ]
SQL: SELECT * FROM `user` WHERE `mobile` = '15819064843'  [ RunTime:0.0006s ]
SQL: SHOW COLUMNS FROM `user_auth` [ RunTime:0.0103s ]
SQL: SELECT * FROM `user_auth` WHERE `account` = '15819064843'  [ RunTime:0.0005s ]

[ 2017-09-05T19:29:22+08:00 ] ::1 /repair_system/index.php/Home/Index/addOrder.html
INFO: [ app_init ] --START--
INFO: Run Behavior\BuildLiteBehavior [ RunTime:0.000019s ]
INFO: [ app_init ] --END-- [ RunTime:0.000483s ]
INFO: [ app_begin ] --START--
INFO: Run Behavior\ReadHtmlCacheBehavior [ RunTime:0.000850s ]
INFO: [ app_begin ] --END-- [ RunTime:0.000905s ]
SQL: SHOW COLUMNS FROM `user_cookie` [ RunTime:0.0054s ]
SQL: SELECT * FROM `user_cookie` WHERE `account` = '15819064843' LIMIT 1   [ RunTime:0.0010s ]
SQL: SHOW COLUMNS FROM `service_types` [ RunTime:0.0053s ]
SQL: SELECT * FROM `service_types`  [ RunTime:0.0006s ]
SQL: SHOW COLUMNS FROM `user` [ RunTime:0.0055s ]
SQL: SELECT * FROM `user` WHERE `mobile` = '15819064843' LIMIT 1   [ RunTime:0.0006s ]
INFO: [ view_parse ] --START--
INFO: [ template_filter ] --START--
INFO: Run Behavior\ContentReplaceBehavior [ RunTime:0.000102s ]
INFO: [ template_filter ] --END-- [ RunTime:0.000190s ]
INFO: Run Behavior\ParseTemplateBehavior [ RunTime:0.012890s ]
INFO: [ view_parse ] --END-- [ RunTime:0.012953s ]
INFO: [ view_filter ] --START--
INFO: Run Behavior\WriteHtmlCacheBehavior [ RunTime:0.000634s ]
INFO: [ view_filter ] --END-- [ RunTime:0.000694s ]
INFO: [ app_end ] --START--
INFO: Run Behavior\ShowPageTraceBehavior [ RunTime:0.001046s ]
INFO: [ app_end ] --END-- [ RunTime:0.001103s ]

[ 2017-09-05T19:31:52+08:00 ] ::1 /repair_system/index.php/Home/Index/addOrderAjax.html
INFO: [ app_init ] --START--
INFO: Run Behavior\BuildLiteBehavior [ RunTime:0.000018s ]
INFO: [ app_init ] --END-- [ RunTime:0.000518s ]
INFO: [ app_begin ] --START--
INFO: Run Behavior\ReadHtmlCacheBehavior [ RunTime:0.001265s ]
INFO: [ app_begin ] --END-- [ RunTime:0.001328s ]
SQL: SHOW COLUMNS FROM `user` [ RunTime:0.0053s ]
SQL: SELECT * FROM `user` WHERE `mobile` = '15819064843'  [ RunTime:0.0006s ]
SQL: SHOW COLUMNS FROM `order_list` [ RunTime:0.0055s ]
SQL: INSERT INTO `order_list` (`user_id`,`state`,`time`) VALUES ('108','0','1504611111') [ RunTime:0.0555s ]
SQL: SHOW COLUMNS FROM `order_detail` [ RunTime:0.0057s ]
SQL: INSERT INTO `order_detail` (`mobile`,`content`,`service_type`,`computer_type`) VALUES ('15819064843','11111','开不了机','1111111') [ RunTime:0.0492s ]
SQL: UPDATE `user` SET `name`='zgz',`student_number`='162011417' WHERE `id` = 108 [ RunTime:0.0331s ]
SQL: SHOW COLUMNS FROM `admin` [ RunTime:0.0057s ]
SQL: SELECT * FROM `admin` WHERE ( auth > 2 )  [ RunTime:0.0006s ]

[ 2017-09-05T19:31:54+08:00 ] ::1 /repair_system/index.php/Home/CheckOrder/checkOrderView.html
INFO: [ app_init ] --START--
INFO: Run Behavior\BuildLiteBehavior [ RunTime:0.000019s ]
INFO: [ app_init ] --END-- [ RunTime:0.000523s ]
INFO: [ app_begin ] --START--
INFO: Run Behavior\ReadHtmlCacheBehavior [ RunTime:0.001543s ]
INFO: [ app_begin ] --END-- [ RunTime:0.001647s ]
SQL: SHOW COLUMNS FROM `user_cookie` [ RunTime:0.0059s ]
SQL: SELECT * FROM `user_cookie` WHERE `account` = '15819064843' LIMIT 1   [ RunTime:0.0010s ]
SQL: SHOW COLUMNS FROM `user` [ RunTime:0.0093s ]
SQL: SELECT * FROM `user` WHERE `mobile` = '15819064843' LIMIT 1   [ RunTime:0.0006s ]
SQL: SHOW COLUMNS FROM `order_list` [ RunTime:0.0063s ]
SQL: SELECT * FROM `order_list` WHERE `user_id` = 108 ORDER BY id desc  [ RunTime:0.0007s ]
INFO: [ view_parse ] --START--
INFO: [ template_filter ] --START--
INFO: Run Behavior\ContentReplaceBehavior [ RunTime:0.000057s ]
INFO: [ template_filter ] --END-- [ RunTime:0.000134s ]
INFO: Run Behavior\ParseTemplateBehavior [ RunTime:0.077349s ]
INFO: [ view_parse ] --END-- [ RunTime:0.077433s ]
INFO: [ view_filter ] --START--
INFO: Run Behavior\WriteHtmlCacheBehavior [ RunTime:0.000725s ]
INFO: [ view_filter ] --END-- [ RunTime:0.000785s ]
INFO: [ app_end ] --START--
INFO: Run Behavior\ShowPageTraceBehavior [ RunTime:0.001211s ]
INFO: [ app_end ] --END-- [ RunTime:0.001275s ]

[ 2017-09-05T19:34:34+08:00 ] ::1 /repair_system/index.php/Home/CheckOrder/checkDetail/id/125.html
INFO: [ app_init ] --START--
INFO: Run Behavior\BuildLiteBehavior [ RunTime:0.000019s ]
INFO: [ app_init ] --END-- [ RunTime:0.000527s ]
INFO: [ app_begin ] --START--
INFO: Run Behavior\ReadHtmlCacheBehavior [ RunTime:0.001345s ]
INFO: [ app_begin ] --END-- [ RunTime:0.001433s ]
SQL: SHOW COLUMNS FROM `user_cookie` [ RunTime:0.0164s ]
SQL: SELECT * FROM `user_cookie` WHERE `account` = '15819064843' LIMIT 1   [ RunTime:0.0009s ]
SQL: SELECT list.state,list.time,list.id,detail.content,detail.service_type,detail.computer_type,admin.mobile,admin.name
			FROM order_list as list,order_detail as detail,admin_to_order as ato,admin as admin
			WHERE list.id=125 and list.id=detail.id and admin.id=ato.admin_id and ato.order_id=list.id [ RunTime:0.0010s ]
NOTIC: [8] Undefined offset: 0 E:\phpstudy\WWW\repair_system\Application\Home\Controller\CheckOrderController.class.php 第 82 行.
SQL: SHOW COLUMNS FROM `admin_to_order` [ RunTime:0.0077s ]
SQL: SELECT * FROM `admin_to_order` WHERE `order_id` = 125  [ RunTime:0.0010s ]
NOTIC: [8] Undefined index: id E:\phpstudy\WWW\repair_system\Application\Home\Controller\CheckOrderController.class.php 第 106 行.
INFO: [ view_parse ] --START--
INFO: [ template_filter ] --START--
INFO: Run Behavior\ContentReplaceBehavior [ RunTime:0.000061s ]
INFO: [ template_filter ] --END-- [ RunTime:0.000142s ]
NOTIC: [8] Undefined index: state E:\phpstudy\WWW\repair_system\Application\Runtime\Cache\Home\92146b3b3e554601ae9b3d363a52fd19.php 第 21 行.
NOTIC: [8] Undefined index: state E:\phpstudy\WWW\repair_system\Application\Runtime\Cache\Home\92146b3b3e554601ae9b3d363a52fd19.php 第 39 行.
NOTIC: [8] Undefined index: state E:\phpstudy\WWW\repair_system\Application\Runtime\Cache\Home\92146b3b3e554601ae9b3d363a52fd19.php 第 42 行.
NOTIC: [8] Undefined index: state E:\phpstudy\WWW\repair_system\Application\Runtime\Cache\Home\92146b3b3e554601ae9b3d363a52fd19.php 第 42 行.
NOTIC: [8] Undefined variable: item E:\phpstudy\WWW\repair_system\Application\Runtime\Cache\Home\92146b3b3e554601ae9b3d363a52fd19.php 第 45 行.
NOTIC: [8] Undefined index: name E:\phpstudy\WWW\repair_system\Application\Runtime\Cache\Home\92146b3b3e554601ae9b3d363a52fd19.php 第 50 行.
NOTIC: [8] Undefined index: mobile E:\phpstudy\WWW\repair_system\Application\Runtime\Cache\Home\92146b3b3e554601ae9b3d363a52fd19.php 第 53 行.
INFO: Run Behavior\ParseTemplateBehavior [ RunTime:0.132908s ]
INFO: [ view_parse ] --END-- [ RunTime:0.132987s ]
INFO: [ view_filter ] --START--
INFO: Run Behavior\WriteHtmlCacheBehavior [ RunTime:0.000559s ]
INFO: [ view_filter ] --END-- [ RunTime:0.000611s ]
INFO: [ app_end ] --START--
INFO: Run Behavior\ShowPageTraceBehavior [ RunTime:0.000857s ]
INFO: [ app_end ] --END-- [ RunTime:0.000907s ]

[ 2017-09-05T19:34:42+08:00 ] ::1 /repair_system/index.php/Home/Index/addOrder.html
INFO: [ app_init ] --START--
INFO: Run Behavior\BuildLiteBehavior [ RunTime:0.000030s ]
INFO: [ app_init ] --END-- [ RunTime:0.000563s ]
INFO: [ app_begin ] --START--
INFO: Run Behavior\ReadHtmlCacheBehavior [ RunTime:0.001102s ]
INFO: [ app_begin ] --END-- [ RunTime:0.001179s ]
SQL: SHOW COLUMNS FROM `user_cookie` [ RunTime:0.0054s ]
SQL: SELECT * FROM `user_cookie` WHERE `account` = '15819064843' LIMIT 1   [ RunTime:0.0010s ]
SQL: SHOW COLUMNS FROM `service_types` [ RunTime:0.0094s ]
SQL: SELECT * FROM `service_types`  [ RunTime:0.0006s ]
SQL: SHOW COLUMNS FROM `user` [ RunTime:0.0055s ]
SQL: SELECT * FROM `user` WHERE `mobile` = '15819064843' LIMIT 1   [ RunTime:0.0005s ]
INFO: [ view_parse ] --START--
INFO: [ template_filter ] --START--
INFO: Run Behavior\ContentReplaceBehavior [ RunTime:0.000073s ]
INFO: [ template_filter ] --END-- [ RunTime:0.000138s ]
INFO: Run Behavior\ParseTemplateBehavior [ RunTime:0.013100s ]
INFO: [ view_parse ] --END-- [ RunTime:0.013170s ]
INFO: [ view_filter ] --START--
INFO: Run Behavior\WriteHtmlCacheBehavior [ RunTime:0.000506s ]
INFO: [ view_filter ] --END-- [ RunTime:0.000553s ]
INFO: [ app_end ] --START--
INFO: Run Behavior\ShowPageTraceBehavior [ RunTime:0.001082s ]
INFO: [ app_end ] --END-- [ RunTime:0.001137s ]

[ 2017-09-05T19:34:44+08:00 ] ::1 /repair_system/index.php/Home/CheckOrder/checkOrderView.html
INFO: [ app_init ] --START--
INFO: Run Behavior\BuildLiteBehavior [ RunTime:0.000022s ]
INFO: [ app_init ] --END-- [ RunTime:0.000656s ]
INFO: [ app_begin ] --START--
INFO: Run Behavior\ReadHtmlCacheBehavior [ RunTime:0.001063s ]
INFO: [ app_begin ] --END-- [ RunTime:0.001133s ]
SQL: SHOW COLUMNS FROM `user_cookie` [ RunTime:0.0053s ]
SQL: SELECT * FROM `user_cookie` WHERE `account` = '15819064843' LIMIT 1   [ RunTime:0.0006s ]
SQL: SHOW COLUMNS FROM `user` [ RunTime:0.0097s ]
SQL: SELECT * FROM `user` WHERE `mobile` = '15819064843' LIMIT 1   [ RunTime:0.0006s ]
SQL: SHOW COLUMNS FROM `order_list` [ RunTime:0.0059s ]
SQL: SELECT * FROM `order_list` WHERE `user_id` = 108 ORDER BY id desc  [ RunTime:0.0007s ]
INFO: [ view_parse ] --START--
INFO: [ template_filter ] --START--
INFO: Run Behavior\ContentReplaceBehavior [ RunTime:0.000057s ]
INFO: [ template_filter ] --END-- [ RunTime:0.000134s ]
INFO: Run Behavior\ParseTemplateBehavior [ RunTime:0.012686s ]
INFO: [ view_parse ] --END-- [ RunTime:0.012774s ]
INFO: [ view_filter ] --START--
INFO: Run Behavior\WriteHtmlCacheBehavior [ RunTime:0.000515s ]
INFO: [ view_filter ] --END-- [ RunTime:0.000561s ]
INFO: [ app_end ] --START--
INFO: Run Behavior\ShowPageTraceBehavior [ RunTime:0.000856s ]
INFO: [ app_end ] --END-- [ RunTime:0.000908s ]

[ 2017-09-05T19:34:47+08:00 ] ::1 /repair_system/index.php/Home/CheckOrder/checkDetail/id/125.html
INFO: [ app_init ] --START--
INFO: Run Behavior\BuildLiteBehavior [ RunTime:0.000023s ]
INFO: [ app_init ] --END-- [ RunTime:0.000692s ]
INFO: [ app_begin ] --START--
INFO: Run Behavior\ReadHtmlCacheBehavior [ RunTime:0.001444s ]
INFO: [ app_begin ] --END-- [ RunTime:0.001555s ]
SQL: SHOW COLUMNS FROM `user_cookie` [ RunTime:0.0056s ]
SQL: SELECT * FROM `user_cookie` WHERE `account` = '15819064843' LIMIT 1   [ RunTime:0.0010s ]
SQL: SELECT list.state,list.time,list.id,detail.content,detail.service_type,detail.computer_type,admin.mobile,admin.name
			FROM order_list as list,order_detail as detail,admin_to_order as ato,admin as admin
			WHERE list.id=125 and list.id=detail.id and admin.id=ato.admin_id and ato.order_id=list.id [ RunTime:0.0009s ]
NOTIC: [8] Undefined offset: 0 E:\phpstudy\WWW\repair_system\Application\Home\Controller\CheckOrderController.class.php 第 82 行.
SQL: SHOW COLUMNS FROM `admin_to_order` [ RunTime:0.0075s ]
SQL: SELECT * FROM `admin_to_order` WHERE `order_id` = 125  [ RunTime:0.0007s ]
NOTIC: [8] Undefined index: id E:\phpstudy\WWW\repair_system\Application\Home\Controller\CheckOrderController.class.php 第 106 行.
INFO: [ view_parse ] --START--
INFO: [ template_filter ] --START--
INFO: Run Behavior\ContentReplaceBehavior [ RunTime:0.000080s ]
INFO: [ template_filter ] --END-- [ RunTime:0.000189s ]
NOTIC: [8] Undefined index: state E:\phpstudy\WWW\repair_system\Application\Runtime\Cache\Home\92146b3b3e554601ae9b3d363a52fd19.php 第 21 行.
NOTIC: [8] Undefined index: state E:\phpstudy\WWW\repair_system\Application\Runtime\Cache\Home\92146b3b3e554601ae9b3d363a52fd19.php 第 39 行.
NOTIC: [8] Undefined index: state E:\phpstudy\WWW\repair_system\Application\Runtime\Cache\Home\92146b3b3e554601ae9b3d363a52fd19.php 第 42 行.
NOTIC: [8] Undefined index: state E:\phpstudy\WWW\repair_system\Application\Runtime\Cache\Home\92146b3b3e554601ae9b3d363a52fd19.php 第 42 行.
NOTIC: [8] Undefined variable: item E:\phpstudy\WWW\repair_system\Application\Runtime\Cache\Home\92146b3b3e554601ae9b3d363a52fd19.php 第 45 行.
NOTIC: [8] Undefined index: name E:\phpstudy\WWW\repair_system\Application\Runtime\Cache\Home\92146b3b3e554601ae9b3d363a52fd19.php 第 50 行.
NOTIC: [8] Undefined index: mobile E:\phpstudy\WWW\repair_system\Application\Runtime\Cache\Home\92146b3b3e554601ae9b3d363a52fd19.php 第 53 行.
INFO: Run Behavior\ParseTemplateBehavior [ RunTime:0.015283s ]
INFO: [ view_parse ] --END-- [ RunTime:0.015354s ]
INFO: [ view_filter ] --START--
INFO: Run Behavior\WriteHtmlCacheBehavior [ RunTime:0.000618s ]
INFO: [ view_filter ] --END-- [ RunTime:0.000675s ]
INFO: [ app_end ] --START--
INFO: Run Behavior\ShowPageTraceBehavior [ RunTime:0.001034s ]
INFO: [ app_end ] --END-- [ RunTime:0.001096s ]

