[ 2017-10-30T00:06:49+08:00 ] 127.0.0.1 /repair_system/Home/index/login
INFO: [ app_init ] --START--
INFO: Run Behavior\BuildLiteBehavior [ RunTime:0.000020s ]
INFO: [ app_init ] --END-- [ RunTime:0.000559s ]
INFO: [ app_begin ] --START--
INFO: Run Behavior\ReadHtmlCacheBehavior [ RunTime:0.000759s ]
INFO: [ app_begin ] --END-- [ RunTime:0.000845s ]
ERR: 非法操作:login

[ 2017-10-30T00:06:54+08:00 ] 127.0.0.1 /repair_system/Home/index/auth
INFO: [ app_init ] --START--
INFO: Run Behavior\BuildLiteBehavior [ RunTime:0.000021s ]
INFO: [ app_init ] --END-- [ RunTime:0.000503s ]
INFO: [ app_begin ] --START--
INFO: Run Behavior\ReadHtmlCacheBehavior [ RunTime:0.000603s ]
INFO: [ app_begin ] --END-- [ RunTime:0.000682s ]
INFO: [ view_parse ] --START--
INFO: [ template_filter ] --START--
INFO: Run Behavior\ContentReplaceBehavior [ RunTime:0.000106s ]
INFO: [ template_filter ] --END-- [ RunTime:0.000197s ]
INFO: Run Behavior\ParseTemplateBehavior [ RunTime:0.023399s ]
INFO: [ view_parse ] --END-- [ RunTime:0.023480s ]
INFO: [ view_filter ] --START--
INFO: Run Behavior\WriteHtmlCacheBehavior [ RunTime:0.000346s ]
INFO: [ view_filter ] --END-- [ RunTime:0.000406s ]
INFO: [ app_end ] --START--
INFO: Run Behavior\ShowPageTraceBehavior [ RunTime:0.000705s ]
INFO: [ app_end ] --END-- [ RunTime:0.000771s ]

[ 2017-10-30T00:07:19+08:00 ] 127.0.0.1 /repair_system/Home/User/getAuthCodeAjax.html
INFO: [ app_init ] --START--
INFO: Run Behavior\BuildLiteBehavior [ RunTime:0.000019s ]
INFO: [ app_init ] --END-- [ RunTime:0.000488s ]
INFO: [ app_begin ] --START--
INFO: Run Behavior\ReadHtmlCacheBehavior [ RunTime:0.000596s ]
INFO: [ app_begin ] --END-- [ RunTime:0.000674s ]
SQL: SHOW COLUMNS FROM `user_auth` [ RunTime:0.0026s ]
SQL: SELECT * FROM `user_auth` WHERE `account` = '15819064843'  [ RunTime:0.0003s ]
SQL: UPDATE `user_auth` SET `account`='15819064843',`time`='1508843021',`auth_code`='9957' WHERE `account` = '15819064843' [ RunTime:0.0003s ]
SQL: UPDATE `user_auth` SET `time`='1509293239' WHERE `account` = '15819064843' [ RunTime:0.0004s ]

[ 2017-10-30T00:07:32+08:00 ] 127.0.0.1 /repair_system/Home/User/checkAuthCodeAjax.html
INFO: [ app_init ] --START--
INFO: Run Behavior\BuildLiteBehavior [ RunTime:0.000020s ]
INFO: [ app_init ] --END-- [ RunTime:0.000491s ]
INFO: [ app_begin ] --START--
INFO: Run Behavior\ReadHtmlCacheBehavior [ RunTime:0.000833s ]
INFO: [ app_begin ] --END-- [ RunTime:0.000917s ]
SQL: SHOW COLUMNS FROM `user` [ RunTime:0.0026s ]
SQL: SELECT * FROM `user` WHERE `mobile` = '15819064843'  [ RunTime:0.0004s ]
SQL: SHOW COLUMNS FROM `user_auth` [ RunTime:0.0022s ]
SQL: SELECT * FROM `user_auth` WHERE `account` = '15819064843'  [ RunTime:0.0003s ]

[ 2017-10-30T00:07:35+08:00 ] 127.0.0.1 /repair_system/Home/Index/addOrder.html
INFO: [ app_init ] --START--
INFO: Run Behavior\BuildLiteBehavior [ RunTime:0.000020s ]
INFO: [ app_init ] --END-- [ RunTime:0.000490s ]
INFO: [ app_begin ] --START--
INFO: Run Behavior\ReadHtmlCacheBehavior [ RunTime:0.000621s ]
INFO: [ app_begin ] --END-- [ RunTime:0.000702s ]
SQL: SHOW COLUMNS FROM `user_cookie` [ RunTime:0.0027s ]
SQL: SELECT * FROM `user_cookie` WHERE `account` = '15819064843' LIMIT 1   [ RunTime:0.0004s ]
SQL: SHOW COLUMNS FROM `service_types` [ RunTime:0.0024s ]
SQL: SELECT * FROM `service_types`  [ RunTime:0.0003s ]
SQL: SHOW COLUMNS FROM `user` [ RunTime:0.0022s ]
SQL: SELECT * FROM `user` WHERE `mobile` = '15819064843' LIMIT 1   [ RunTime:0.0003s ]
INFO: [ view_parse ] --START--
INFO: [ template_filter ] --START--
INFO: Run Behavior\ContentReplaceBehavior [ RunTime:0.000265s ]
INFO: [ template_filter ] --END-- [ RunTime:0.000367s ]
INFO: Run Behavior\ParseTemplateBehavior [ RunTime:0.010113s ]
INFO: [ view_parse ] --END-- [ RunTime:0.010188s ]
INFO: [ view_filter ] --START--
INFO: Run Behavior\WriteHtmlCacheBehavior [ RunTime:0.000282s ]
INFO: [ view_filter ] --END-- [ RunTime:0.000340s ]
INFO: [ app_end ] --START--
INFO: Run Behavior\ShowPageTraceBehavior [ RunTime:0.000622s ]
INFO: [ app_end ] --END-- [ RunTime:0.000689s ]

[ 2017-10-30T00:07:38+08:00 ] 127.0.0.1 /repair_system/Home/CheckOrder/checkOrderView.html
INFO: [ app_init ] --START--
INFO: Run Behavior\BuildLiteBehavior [ RunTime:0.000020s ]
INFO: [ app_init ] --END-- [ RunTime:0.000490s ]
INFO: [ app_begin ] --START--
INFO: Run Behavior\ReadHtmlCacheBehavior [ RunTime:0.000613s ]
INFO: [ app_begin ] --END-- [ RunTime:0.000694s ]
SQL: SHOW COLUMNS FROM `user_cookie` [ RunTime:0.0024s ]
SQL: SELECT * FROM `user_cookie` WHERE `account` = '15819064843' LIMIT 1   [ RunTime:0.0004s ]
SQL: SHOW COLUMNS FROM `user` [ RunTime:0.0022s ]
SQL: SELECT * FROM `user` WHERE `mobile` = '15819064843' LIMIT 1   [ RunTime:0.0003s ]
SQL: SHOW COLUMNS FROM `order_list` [ RunTime:0.0025s ]
SQL: SELECT * FROM `order_list` WHERE `user_id` = 108 ORDER BY id desc  [ RunTime:0.0004s ]
INFO: [ view_parse ] --START--
INFO: [ template_filter ] --START--
INFO: Run Behavior\ContentReplaceBehavior [ RunTime:0.000096s ]
INFO: [ template_filter ] --END-- [ RunTime:0.000179s ]
INFO: Run Behavior\ParseTemplateBehavior [ RunTime:0.010772s ]
INFO: [ view_parse ] --END-- [ RunTime:0.010852s ]
INFO: [ view_filter ] --START--
INFO: Run Behavior\WriteHtmlCacheBehavior [ RunTime:0.000289s ]
INFO: [ view_filter ] --END-- [ RunTime:0.000347s ]
INFO: [ app_end ] --START--
INFO: Run Behavior\ShowPageTraceBehavior [ RunTime:0.000654s ]
INFO: [ app_end ] --END-- [ RunTime:0.000721s ]

[ 2017-10-30T00:07:42+08:00 ] 127.0.0.1 /repair_system/Home/Index/addOrder.html
INFO: [ app_init ] --START--
INFO: Run Behavior\BuildLiteBehavior [ RunTime:0.000021s ]
INFO: [ app_init ] --END-- [ RunTime:0.000495s ]
INFO: [ app_begin ] --START--
INFO: Run Behavior\ReadHtmlCacheBehavior [ RunTime:0.000609s ]
INFO: [ app_begin ] --END-- [ RunTime:0.000690s ]
SQL: SHOW COLUMNS FROM `user_cookie` [ RunTime:0.0026s ]
SQL: SELECT * FROM `user_cookie` WHERE `account` = '15819064843' LIMIT 1   [ RunTime:0.0004s ]
SQL: SHOW COLUMNS FROM `service_types` [ RunTime:0.0023s ]
SQL: SELECT * FROM `service_types`  [ RunTime:0.0004s ]
SQL: SHOW COLUMNS FROM `user` [ RunTime:0.0023s ]
SQL: SELECT * FROM `user` WHERE `mobile` = '15819064843' LIMIT 1   [ RunTime:0.0003s ]
INFO: [ view_parse ] --START--
INFO: [ template_filter ] --START--
INFO: Run Behavior\ContentReplaceBehavior [ RunTime:0.000095s ]
INFO: [ template_filter ] --END-- [ RunTime:0.000181s ]
INFO: Run Behavior\ParseTemplateBehavior [ RunTime:0.009421s ]
INFO: [ view_parse ] --END-- [ RunTime:0.009497s ]
INFO: [ view_filter ] --START--
INFO: Run Behavior\WriteHtmlCacheBehavior [ RunTime:0.000290s ]
INFO: [ view_filter ] --END-- [ RunTime:0.000346s ]
INFO: [ app_end ] --START--
INFO: Run Behavior\ShowPageTraceBehavior [ RunTime:0.000634s ]
INFO: [ app_end ] --END-- [ RunTime:0.000701s ]

[ 2017-10-30T00:07:44+08:00 ] 127.0.0.1 /repair_system/Home/CheckOrder/checkOrderView.html
INFO: [ app_init ] --START--
INFO: Run Behavior\BuildLiteBehavior [ RunTime:0.000019s ]
INFO: [ app_init ] --END-- [ RunTime:0.000487s ]
INFO: [ app_begin ] --START--
INFO: Run Behavior\ReadHtmlCacheBehavior [ RunTime:0.000600s ]
INFO: [ app_begin ] --END-- [ RunTime:0.000679s ]
SQL: SHOW COLUMNS FROM `user_cookie` [ RunTime:0.0025s ]
SQL: SELECT * FROM `user_cookie` WHERE `account` = '15819064843' LIMIT 1   [ RunTime:0.0004s ]
SQL: SHOW COLUMNS FROM `user` [ RunTime:0.0022s ]
SQL: SELECT * FROM `user` WHERE `mobile` = '15819064843' LIMIT 1   [ RunTime:0.0003s ]
SQL: SHOW COLUMNS FROM `order_list` [ RunTime:0.0022s ]
SQL: SELECT * FROM `order_list` WHERE `user_id` = 108 ORDER BY id desc  [ RunTime:0.0004s ]
INFO: [ view_parse ] --START--
INFO: [ template_filter ] --START--
INFO: Run Behavior\ContentReplaceBehavior [ RunTime:0.000074s ]
INFO: [ template_filter ] --END-- [ RunTime:0.000154s ]
INFO: Run Behavior\ParseTemplateBehavior [ RunTime:0.009954s ]
INFO: [ view_parse ] --END-- [ RunTime:0.010038s ]
INFO: [ view_filter ] --START--
INFO: Run Behavior\WriteHtmlCacheBehavior [ RunTime:0.000281s ]
INFO: [ view_filter ] --END-- [ RunTime:0.000337s ]
INFO: [ app_end ] --START--
INFO: Run Behavior\ShowPageTraceBehavior [ RunTime:0.000633s ]
INFO: [ app_end ] --END-- [ RunTime:0.000697s ]

[ 2017-10-30T00:07:47+08:00 ] 127.0.0.1 /repair_system/Home/Index/addOrder.html
INFO: [ app_init ] --START--
INFO: Run Behavior\BuildLiteBehavior [ RunTime:0.000020s ]
INFO: [ app_init ] --END-- [ RunTime:0.000495s ]
INFO: [ app_begin ] --START--
INFO: Run Behavior\ReadHtmlCacheBehavior [ RunTime:0.000673s ]
INFO: [ app_begin ] --END-- [ RunTime:0.000767s ]
SQL: SHOW COLUMNS FROM `user_cookie` [ RunTime:0.0025s ]
SQL: SELECT * FROM `user_cookie` WHERE `account` = '15819064843' LIMIT 1   [ RunTime:0.0004s ]
SQL: SHOW COLUMNS FROM `service_types` [ RunTime:0.0023s ]
SQL: SELECT * FROM `service_types`  [ RunTime:0.0003s ]
SQL: SHOW COLUMNS FROM `user` [ RunTime:0.0023s ]
SQL: SELECT * FROM `user` WHERE `mobile` = '15819064843' LIMIT 1   [ RunTime:0.0003s ]
INFO: [ view_parse ] --START--
INFO: [ template_filter ] --START--
INFO: Run Behavior\ContentReplaceBehavior [ RunTime:0.000092s ]
INFO: [ template_filter ] --END-- [ RunTime:0.000169s ]
INFO: Run Behavior\ParseTemplateBehavior [ RunTime:0.010182s ]
INFO: [ view_parse ] --END-- [ RunTime:0.010257s ]
INFO: [ view_filter ] --START--
INFO: Run Behavior\WriteHtmlCacheBehavior [ RunTime:0.000284s ]
INFO: [ view_filter ] --END-- [ RunTime:0.000338s ]
INFO: [ app_end ] --START--
INFO: Run Behavior\ShowPageTraceBehavior [ RunTime:0.000619s ]
INFO: [ app_end ] --END-- [ RunTime:0.000683s ]

[ 2017-10-30T00:07:50+08:00 ] 127.0.0.1 /repair_system/Home/CheckOrder/checkOrderView.html
INFO: [ app_init ] --START--
INFO: Run Behavior\BuildLiteBehavior [ RunTime:0.000020s ]
INFO: [ app_init ] --END-- [ RunTime:0.000532s ]
INFO: [ app_begin ] --START--
INFO: Run Behavior\ReadHtmlCacheBehavior [ RunTime:0.000600s ]
INFO: [ app_begin ] --END-- [ RunTime:0.000678s ]
SQL: SHOW COLUMNS FROM `user_cookie` [ RunTime:0.0023s ]
SQL: SELECT * FROM `user_cookie` WHERE `account` = '15819064843' LIMIT 1   [ RunTime:0.0004s ]
SQL: SHOW COLUMNS FROM `user` [ RunTime:0.0022s ]
SQL: SELECT * FROM `user` WHERE `mobile` = '15819064843' LIMIT 1   [ RunTime:0.0003s ]
SQL: SHOW COLUMNS FROM `order_list` [ RunTime:0.0023s ]
SQL: SELECT * FROM `order_list` WHERE `user_id` = 108 ORDER BY id desc  [ RunTime:0.0009s ]
INFO: [ view_parse ] --START--
INFO: [ template_filter ] --START--
INFO: Run Behavior\ContentReplaceBehavior [ RunTime:0.000076s ]
INFO: [ template_filter ] --END-- [ RunTime:0.000162s ]
INFO: Run Behavior\ParseTemplateBehavior [ RunTime:0.016680s ]
INFO: [ view_parse ] --END-- [ RunTime:0.017043s ]
INFO: [ view_filter ] --START--
INFO: Run Behavior\WriteHtmlCacheBehavior [ RunTime:0.000287s ]
INFO: [ view_filter ] --END-- [ RunTime:0.000342s ]
INFO: [ app_end ] --START--
INFO: Run Behavior\ShowPageTraceBehavior [ RunTime:0.000635s ]
INFO: [ app_end ] --END-- [ RunTime:0.000697s ]

[ 2017-10-30T00:07:52+08:00 ] 127.0.0.1 /repair_system/Home/Index/addOrder.html
INFO: [ app_init ] --START--
INFO: Run Behavior\BuildLiteBehavior [ RunTime:0.000021s ]
INFO: [ app_init ] --END-- [ RunTime:0.000500s ]
INFO: [ app_begin ] --START--
INFO: Run Behavior\ReadHtmlCacheBehavior [ RunTime:0.000631s ]
INFO: [ app_begin ] --END-- [ RunTime:0.000711s ]
SQL: SHOW COLUMNS FROM `user_cookie` [ RunTime:0.0030s ]
SQL: SELECT * FROM `user_cookie` WHERE `account` = '15819064843' LIMIT 1   [ RunTime:0.0004s ]
SQL: SHOW COLUMNS FROM `service_types` [ RunTime:0.0022s ]
SQL: SELECT * FROM `service_types`  [ RunTime:0.0003s ]
SQL: SHOW COLUMNS FROM `user` [ RunTime:0.0022s ]
SQL: SELECT * FROM `user` WHERE `mobile` = '15819064843' LIMIT 1   [ RunTime:0.0010s ]
INFO: [ view_parse ] --START--
INFO: [ template_filter ] --START--
INFO: Run Behavior\ContentReplaceBehavior [ RunTime:0.000093s ]
INFO: [ template_filter ] --END-- [ RunTime:0.000169s ]
INFO: Run Behavior\ParseTemplateBehavior [ RunTime:0.009472s ]
INFO: [ view_parse ] --END-- [ RunTime:0.009550s ]
INFO: [ view_filter ] --START--
INFO: Run Behavior\WriteHtmlCacheBehavior [ RunTime:0.000272s ]
INFO: [ view_filter ] --END-- [ RunTime:0.000327s ]
INFO: [ app_end ] --START--
INFO: Run Behavior\ShowPageTraceBehavior [ RunTime:0.000603s ]
INFO: [ app_end ] --END-- [ RunTime:0.000668s ]

[ 2017-10-30T00:07:54+08:00 ] 127.0.0.1 /repair_system/Home/CheckOrder/checkOrderView.html
INFO: [ app_init ] --START--
INFO: Run Behavior\BuildLiteBehavior [ RunTime:0.000023s ]
INFO: [ app_init ] --END-- [ RunTime:0.000531s ]
INFO: [ app_begin ] --START--
INFO: Run Behavior\ReadHtmlCacheBehavior [ RunTime:0.003346s ]
INFO: [ app_begin ] --END-- [ RunTime:0.004222s ]
SQL: SHOW COLUMNS FROM `user_cookie` [ RunTime:0.0024s ]
SQL: SELECT * FROM `user_cookie` WHERE `account` = '15819064843' LIMIT 1   [ RunTime:0.0004s ]
SQL: SHOW COLUMNS FROM `user` [ RunTime:0.0023s ]
SQL: SELECT * FROM `user` WHERE `mobile` = '15819064843' LIMIT 1   [ RunTime:0.0003s ]
SQL: SHOW COLUMNS FROM `order_list` [ RunTime:0.0024s ]
SQL: SELECT * FROM `order_list` WHERE `user_id` = 108 ORDER BY id desc  [ RunTime:0.0004s ]
INFO: [ view_parse ] --START--
INFO: [ template_filter ] --START--
INFO: Run Behavior\ContentReplaceBehavior [ RunTime:0.000072s ]
INFO: [ template_filter ] --END-- [ RunTime:0.000148s ]
INFO: Run Behavior\ParseTemplateBehavior [ RunTime:0.009730s ]
INFO: [ view_parse ] --END-- [ RunTime:0.009808s ]
INFO: [ view_filter ] --START--
INFO: Run Behavior\WriteHtmlCacheBehavior [ RunTime:0.000280s ]
INFO: [ view_filter ] --END-- [ RunTime:0.000338s ]
INFO: [ app_end ] --START--
INFO: Run Behavior\ShowPageTraceBehavior [ RunTime:0.000633s ]
INFO: [ app_end ] --END-- [ RunTime:0.000702s ]

[ 2017-10-30T00:07:57+08:00 ] 127.0.0.1 /repair_system/Home/Index/addOrder.html
INFO: [ app_init ] --START--
INFO: Run Behavior\BuildLiteBehavior [ RunTime:0.000020s ]
INFO: [ app_init ] --END-- [ RunTime:0.000488s ]
INFO: [ app_begin ] --START--
INFO: Run Behavior\ReadHtmlCacheBehavior [ RunTime:0.000605s ]
INFO: [ app_begin ] --END-- [ RunTime:0.000685s ]
SQL: SHOW COLUMNS FROM `user_cookie` [ RunTime:0.0025s ]
SQL: SELECT * FROM `user_cookie` WHERE `account` = '15819064843' LIMIT 1   [ RunTime:0.0004s ]
SQL: SHOW COLUMNS FROM `service_types` [ RunTime:0.0021s ]
SQL: SELECT * FROM `service_types`  [ RunTime:0.0003s ]
SQL: SHOW COLUMNS FROM `user` [ RunTime:0.0023s ]
SQL: SELECT * FROM `user` WHERE `mobile` = '15819064843' LIMIT 1   [ RunTime:0.0003s ]
INFO: [ view_parse ] --START--
INFO: [ template_filter ] --START--
INFO: Run Behavior\ContentReplaceBehavior [ RunTime:0.000095s ]
INFO: [ template_filter ] --END-- [ RunTime:0.000173s ]
INFO: Run Behavior\ParseTemplateBehavior [ RunTime:0.009357s ]
INFO: [ view_parse ] --END-- [ RunTime:0.009457s ]
INFO: [ view_filter ] --START--
INFO: Run Behavior\WriteHtmlCacheBehavior [ RunTime:0.000286s ]
INFO: [ view_filter ] --END-- [ RunTime:0.000342s ]
INFO: [ app_end ] --START--
INFO: Run Behavior\ShowPageTraceBehavior [ RunTime:0.000634s ]
INFO: [ app_end ] --END-- [ RunTime:0.000712s ]

[ 2017-10-30T00:07:59+08:00 ] 127.0.0.1 /repair_system/Home/CheckOrder/checkOrderView.html
INFO: [ app_init ] --START--
INFO: Run Behavior\BuildLiteBehavior [ RunTime:0.000021s ]
INFO: [ app_init ] --END-- [ RunTime:0.000495s ]
INFO: [ app_begin ] --START--
INFO: Run Behavior\ReadHtmlCacheBehavior [ RunTime:0.000604s ]
INFO: [ app_begin ] --END-- [ RunTime:0.000686s ]
SQL: SHOW COLUMNS FROM `user_cookie` [ RunTime:0.0023s ]
SQL: SELECT * FROM `user_cookie` WHERE `account` = '15819064843' LIMIT 1   [ RunTime:0.0004s ]
SQL: SHOW COLUMNS FROM `user` [ RunTime:0.0023s ]
SQL: SELECT * FROM `user` WHERE `mobile` = '15819064843' LIMIT 1   [ RunTime:0.0003s ]
SQL: SHOW COLUMNS FROM `order_list` [ RunTime:0.0024s ]
SQL: SELECT * FROM `order_list` WHERE `user_id` = 108 ORDER BY id desc  [ RunTime:0.0004s ]
INFO: [ view_parse ] --START--
INFO: [ template_filter ] --START--
INFO: Run Behavior\ContentReplaceBehavior [ RunTime:0.000077s ]
INFO: [ template_filter ] --END-- [ RunTime:0.000174s ]
INFO: Run Behavior\ParseTemplateBehavior [ RunTime:0.009721s ]
INFO: [ view_parse ] --END-- [ RunTime:0.009801s ]
INFO: [ view_filter ] --START--
INFO: Run Behavior\WriteHtmlCacheBehavior [ RunTime:0.000285s ]
INFO: [ view_filter ] --END-- [ RunTime:0.000339s ]
INFO: [ app_end ] --START--
INFO: Run Behavior\ShowPageTraceBehavior [ RunTime:0.000638s ]
INFO: [ app_end ] --END-- [ RunTime:0.000704s ]

[ 2017-10-30T00:08:02+08:00 ] 127.0.0.1 /repair_system/Home/Index/addOrder.html
INFO: [ app_init ] --START--
INFO: Run Behavior\BuildLiteBehavior [ RunTime:0.000020s ]
INFO: [ app_init ] --END-- [ RunTime:0.000488s ]
INFO: [ app_begin ] --START--
INFO: Run Behavior\ReadHtmlCacheBehavior [ RunTime:0.000661s ]
INFO: [ app_begin ] --END-- [ RunTime:0.000753s ]
SQL: SHOW COLUMNS FROM `user_cookie` [ RunTime:0.0024s ]
SQL: SELECT * FROM `user_cookie` WHERE `account` = '15819064843' LIMIT 1   [ RunTime:0.0004s ]
SQL: SHOW COLUMNS FROM `service_types` [ RunTime:0.0022s ]
SQL: SELECT * FROM `service_types`  [ RunTime:0.0003s ]
SQL: SHOW COLUMNS FROM `user` [ RunTime:0.0025s ]
SQL: SELECT * FROM `user` WHERE `mobile` = '15819064843' LIMIT 1   [ RunTime:0.0003s ]
INFO: [ view_parse ] --START--
INFO: [ template_filter ] --START--
INFO: Run Behavior\ContentReplaceBehavior [ RunTime:0.000094s ]
INFO: [ template_filter ] --END-- [ RunTime:0.000175s ]
INFO: Run Behavior\ParseTemplateBehavior [ RunTime:0.009224s ]
INFO: [ view_parse ] --END-- [ RunTime:0.009299s ]
INFO: [ view_filter ] --START--
INFO: Run Behavior\WriteHtmlCacheBehavior [ RunTime:0.000287s ]
INFO: [ view_filter ] --END-- [ RunTime:0.000346s ]
INFO: [ app_end ] --START--
INFO: Run Behavior\ShowPageTraceBehavior [ RunTime:0.000638s ]
INFO: [ app_end ] --END-- [ RunTime:0.000705s ]

[ 2017-10-30T00:08:04+08:00 ] 127.0.0.1 /repair_system/Home/CheckOrder/checkOrderView.html
INFO: [ app_init ] --START--
INFO: Run Behavior\BuildLiteBehavior [ RunTime:0.000021s ]
INFO: [ app_init ] --END-- [ RunTime:0.000536s ]
INFO: [ app_begin ] --START--
INFO: Run Behavior\ReadHtmlCacheBehavior [ RunTime:0.000742s ]
INFO: [ app_begin ] --END-- [ RunTime:0.000840s ]
SQL: SHOW COLUMNS FROM `user_cookie` [ RunTime:0.0025s ]
SQL: SELECT * FROM `user_cookie` WHERE `account` = '15819064843' LIMIT 1   [ RunTime:0.0004s ]
SQL: SHOW COLUMNS FROM `user` [ RunTime:0.0022s ]
SQL: SELECT * FROM `user` WHERE `mobile` = '15819064843' LIMIT 1   [ RunTime:0.0003s ]
SQL: SHOW COLUMNS FROM `order_list` [ RunTime:0.0023s ]
SQL: SELECT * FROM `order_list` WHERE `user_id` = 108 ORDER BY id desc  [ RunTime:0.0004s ]
INFO: [ view_parse ] --START--
INFO: [ template_filter ] --START--
INFO: Run Behavior\ContentReplaceBehavior [ RunTime:0.000072s ]
INFO: [ template_filter ] --END-- [ RunTime:0.000160s ]
INFO: Run Behavior\ParseTemplateBehavior [ RunTime:0.009705s ]
INFO: [ view_parse ] --END-- [ RunTime:0.009783s ]
INFO: [ view_filter ] --START--
INFO: Run Behavior\WriteHtmlCacheBehavior [ RunTime:0.000279s ]
INFO: [ view_filter ] --END-- [ RunTime:0.000333s ]
INFO: [ app_end ] --START--
INFO: Run Behavior\ShowPageTraceBehavior [ RunTime:0.000638s ]
INFO: [ app_end ] --END-- [ RunTime:0.000701s ]

[ 2017-10-30T00:08:07+08:00 ] 127.0.0.1 /repair_system/Home/Index/addOrder.html
INFO: [ app_init ] --START--
INFO: Run Behavior\BuildLiteBehavior [ RunTime:0.000020s ]
INFO: [ app_init ] --END-- [ RunTime:0.000490s ]
INFO: [ app_begin ] --START--
INFO: Run Behavior\ReadHtmlCacheBehavior [ RunTime:0.000612s ]
INFO: [ app_begin ] --END-- [ RunTime:0.000692s ]
SQL: SHOW COLUMNS FROM `user_cookie` [ RunTime:0.0026s ]
SQL: SELECT * FROM `user_cookie` WHERE `account` = '15819064843' LIMIT 1   [ RunTime:0.0004s ]
SQL: SHOW COLUMNS FROM `service_types` [ RunTime:0.0021s ]
SQL: SELECT * FROM `service_types`  [ RunTime:0.0003s ]
SQL: SHOW COLUMNS FROM `user` [ RunTime:0.0023s ]
SQL: SELECT * FROM `user` WHERE `mobile` = '15819064843' LIMIT 1   [ RunTime:0.0003s ]
INFO: [ view_parse ] --START--
INFO: [ template_filter ] --START--
INFO: Run Behavior\ContentReplaceBehavior [ RunTime:0.000091s ]
INFO: [ template_filter ] --END-- [ RunTime:0.000165s ]
INFO: Run Behavior\ParseTemplateBehavior [ RunTime:0.009041s ]
INFO: [ view_parse ] --END-- [ RunTime:0.009116s ]
INFO: [ view_filter ] --START--
INFO: Run Behavior\WriteHtmlCacheBehavior [ RunTime:0.000282s ]
INFO: [ view_filter ] --END-- [ RunTime:0.000340s ]
INFO: [ app_end ] --START--
INFO: Run Behavior\ShowPageTraceBehavior [ RunTime:0.000619s ]
INFO: [ app_end ] --END-- [ RunTime:0.000685s ]

[ 2017-10-30T00:08:12+08:00 ] 127.0.0.1 /repair_system/Home/CheckOrder/checkOrderView.html
INFO: [ app_init ] --START--
INFO: Run Behavior\BuildLiteBehavior [ RunTime:0.000020s ]
INFO: [ app_init ] --END-- [ RunTime:0.000557s ]
INFO: [ app_begin ] --START--
INFO: Run Behavior\ReadHtmlCacheBehavior [ RunTime:0.000785s ]
INFO: [ app_begin ] --END-- [ RunTime:0.000869s ]
SQL: SHOW COLUMNS FROM `user_cookie` [ RunTime:0.0026s ]
SQL: SELECT * FROM `user_cookie` WHERE `account` = '15819064843' LIMIT 1   [ RunTime:0.0004s ]
SQL: SHOW COLUMNS FROM `user` [ RunTime:0.0023s ]
SQL: SELECT * FROM `user` WHERE `mobile` = '15819064843' LIMIT 1   [ RunTime:0.0003s ]
SQL: SHOW COLUMNS FROM `order_list` [ RunTime:0.0023s ]
SQL: SELECT * FROM `order_list` WHERE `user_id` = 108 ORDER BY id desc  [ RunTime:0.0003s ]
INFO: [ view_parse ] --START--
INFO: [ template_filter ] --START--
INFO: Run Behavior\ContentReplaceBehavior [ RunTime:0.000093s ]
INFO: [ template_filter ] --END-- [ RunTime:0.000179s ]
INFO: Run Behavior\ParseTemplateBehavior [ RunTime:0.026696s ]
INFO: [ view_parse ] --END-- [ RunTime:0.026775s ]
INFO: [ view_filter ] --START--
INFO: Run Behavior\WriteHtmlCacheBehavior [ RunTime:0.000359s ]
INFO: [ view_filter ] --END-- [ RunTime:0.000416s ]
INFO: [ app_end ] --START--
INFO: Run Behavior\ShowPageTraceBehavior [ RunTime:0.000758s ]
INFO: [ app_end ] --END-- [ RunTime:0.000824s ]

[ 2017-10-30T00:08:15+08:00 ] 127.0.0.1 /repair_system/Home/Index/addOrder.html
INFO: [ app_init ] --START--
INFO: Run Behavior\BuildLiteBehavior [ RunTime:0.000020s ]
INFO: [ app_init ] --END-- [ RunTime:0.000480s ]
INFO: [ app_begin ] --START--
INFO: Run Behavior\ReadHtmlCacheBehavior [ RunTime:0.000607s ]
INFO: [ app_begin ] --END-- [ RunTime:0.000692s ]
SQL: SHOW COLUMNS FROM `user_cookie` [ RunTime:0.0026s ]
SQL: SELECT * FROM `user_cookie` WHERE `account` = '15819064843' LIMIT 1   [ RunTime:0.0004s ]
SQL: SHOW COLUMNS FROM `service_types` [ RunTime:0.0023s ]
SQL: SELECT * FROM `service_types`  [ RunTime:0.0003s ]
SQL: SHOW COLUMNS FROM `user` [ RunTime:0.0022s ]
SQL: SELECT * FROM `user` WHERE `mobile` = '15819064843' LIMIT 1   [ RunTime:0.0003s ]
INFO: [ view_parse ] --START--
INFO: [ template_filter ] --START--
INFO: Run Behavior\ContentReplaceBehavior [ RunTime:0.000092s ]
INFO: [ template_filter ] --END-- [ RunTime:0.000166s ]
INFO: Run Behavior\ParseTemplateBehavior [ RunTime:0.009385s ]
INFO: [ view_parse ] --END-- [ RunTime:0.009461s ]
INFO: [ view_filter ] --START--
INFO: Run Behavior\WriteHtmlCacheBehavior [ RunTime:0.000283s ]
INFO: [ view_filter ] --END-- [ RunTime:0.000344s ]
INFO: [ app_end ] --START--
INFO: Run Behavior\ShowPageTraceBehavior [ RunTime:0.000724s ]
INFO: [ app_end ] --END-- [ RunTime:0.000791s ]

[ 2017-10-30T00:08:17+08:00 ] 127.0.0.1 /repair_system/Home/CheckOrder/checkOrderView.html
INFO: [ app_init ] --START--
INFO: Run Behavior\BuildLiteBehavior [ RunTime:0.000020s ]
INFO: [ app_init ] --END-- [ RunTime:0.000483s ]
INFO: [ app_begin ] --START--
INFO: Run Behavior\ReadHtmlCacheBehavior [ RunTime:0.000613s ]
INFO: [ app_begin ] --END-- [ RunTime:0.000694s ]
SQL: SHOW COLUMNS FROM `user_cookie` [ RunTime:0.0023s ]
SQL: SELECT * FROM `user_cookie` WHERE `account` = '15819064843' LIMIT 1   [ RunTime:0.0004s ]
SQL: SHOW COLUMNS FROM `user` [ RunTime:0.0022s ]
SQL: SELECT * FROM `user` WHERE `mobile` = '15819064843' LIMIT 1   [ RunTime:0.0003s ]
SQL: SHOW COLUMNS FROM `order_list` [ RunTime:0.0023s ]
SQL: SELECT * FROM `order_list` WHERE `user_id` = 108 ORDER BY id desc  [ RunTime:0.0004s ]
INFO: [ view_parse ] --START--
INFO: [ template_filter ] --START--
INFO: Run Behavior\ContentReplaceBehavior [ RunTime:0.000071s ]
INFO: [ template_filter ] --END-- [ RunTime:0.000147s ]
INFO: Run Behavior\ParseTemplateBehavior [ RunTime:0.009663s ]
INFO: [ view_parse ] --END-- [ RunTime:0.009743s ]
INFO: [ view_filter ] --START--
INFO: Run Behavior\WriteHtmlCacheBehavior [ RunTime:0.000283s ]
INFO: [ view_filter ] --END-- [ RunTime:0.000343s ]
INFO: [ app_end ] --START--
INFO: Run Behavior\ShowPageTraceBehavior [ RunTime:0.000734s ]
INFO: [ app_end ] --END-- [ RunTime:0.000802s ]

[ 2017-10-30T00:08:20+08:00 ] 127.0.0.1 /repair_system/Home/Index/addOrder.html
INFO: [ app_init ] --START--
INFO: Run Behavior\BuildLiteBehavior [ RunTime:0.000020s ]
INFO: [ app_init ] --END-- [ RunTime:0.000491s ]
INFO: [ app_begin ] --START--
INFO: Run Behavior\ReadHtmlCacheBehavior [ RunTime:0.000638s ]
INFO: [ app_begin ] --END-- [ RunTime:0.000721s ]
SQL: SHOW COLUMNS FROM `user_cookie` [ RunTime:0.0024s ]
SQL: SELECT * FROM `user_cookie` WHERE `account` = '15819064843' LIMIT 1   [ RunTime:0.0004s ]
SQL: SHOW COLUMNS FROM `service_types` [ RunTime:0.0022s ]
SQL: SELECT * FROM `service_types`  [ RunTime:0.0003s ]
SQL: SHOW COLUMNS FROM `user` [ RunTime:0.0023s ]
SQL: SELECT * FROM `user` WHERE `mobile` = '15819064843' LIMIT 1   [ RunTime:0.0003s ]
INFO: [ view_parse ] --START--
INFO: [ template_filter ] --START--
INFO: Run Behavior\ContentReplaceBehavior [ RunTime:0.000098s ]
INFO: [ template_filter ] --END-- [ RunTime:0.000179s ]
INFO: Run Behavior\ParseTemplateBehavior [ RunTime:0.009499s ]
INFO: [ view_parse ] --END-- [ RunTime:0.009576s ]
INFO: [ view_filter ] --START--
INFO: Run Behavior\WriteHtmlCacheBehavior [ RunTime:0.000285s ]
INFO: [ view_filter ] --END-- [ RunTime:0.000340s ]
INFO: [ app_end ] --START--
INFO: Run Behavior\ShowPageTraceBehavior [ RunTime:0.000727s ]
INFO: [ app_end ] --END-- [ RunTime:0.000794s ]

[ 2017-10-30T00:08:22+08:00 ] 127.0.0.1 /repair_system/Home/CheckOrder/checkOrderView.html
INFO: [ app_init ] --START--
INFO: Run Behavior\BuildLiteBehavior [ RunTime:0.000021s ]
INFO: [ app_init ] --END-- [ RunTime:0.000488s ]
INFO: [ app_begin ] --START--
INFO: Run Behavior\ReadHtmlCacheBehavior [ RunTime:0.000601s ]
INFO: [ app_begin ] --END-- [ RunTime:0.000682s ]
SQL: SHOW COLUMNS FROM `user_cookie` [ RunTime:0.0023s ]
SQL: SELECT * FROM `user_cookie` WHERE `account` = '15819064843' LIMIT 1   [ RunTime:0.0004s ]
SQL: SHOW COLUMNS FROM `user` [ RunTime:0.0022s ]
SQL: SELECT * FROM `user` WHERE `mobile` = '15819064843' LIMIT 1   [ RunTime:0.0003s ]
SQL: SHOW COLUMNS FROM `order_list` [ RunTime:0.0022s ]
SQL: SELECT * FROM `order_list` WHERE `user_id` = 108 ORDER BY id desc  [ RunTime:0.0004s ]
INFO: [ view_parse ] --START--
INFO: [ template_filter ] --START--
INFO: Run Behavior\ContentReplaceBehavior [ RunTime:0.000072s ]
INFO: [ template_filter ] --END-- [ RunTime:0.000147s ]
INFO: Run Behavior\ParseTemplateBehavior [ RunTime:0.009907s ]
INFO: [ view_parse ] --END-- [ RunTime:0.009995s ]
INFO: [ view_filter ] --START--
INFO: Run Behavior\WriteHtmlCacheBehavior [ RunTime:0.000283s ]
INFO: [ view_filter ] --END-- [ RunTime:0.000341s ]
INFO: [ app_end ] --START--
INFO: Run Behavior\ShowPageTraceBehavior [ RunTime:0.000736s ]
INFO: [ app_end ] --END-- [ RunTime:0.000805s ]

[ 2017-10-30T00:08:25+08:00 ] 127.0.0.1 /repair_system/Home/Index/addOrder.html
INFO: [ app_init ] --START--
INFO: Run Behavior\BuildLiteBehavior [ RunTime:0.000020s ]
INFO: [ app_init ] --END-- [ RunTime:0.000487s ]
INFO: [ app_begin ] --START--
INFO: Run Behavior\ReadHtmlCacheBehavior [ RunTime:0.000604s ]
INFO: [ app_begin ] --END-- [ RunTime:0.000685s ]
SQL: SHOW COLUMNS FROM `user_cookie` [ RunTime:0.0024s ]
SQL: SELECT * FROM `user_cookie` WHERE `account` = '15819064843' LIMIT 1   [ RunTime:0.0004s ]
SQL: SHOW COLUMNS FROM `service_types` [ RunTime:0.0022s ]
SQL: SELECT * FROM `service_types`  [ RunTime:0.0003s ]
SQL: SHOW COLUMNS FROM `user` [ RunTime:0.0023s ]
SQL: SELECT * FROM `user` WHERE `mobile` = '15819064843' LIMIT 1   [ RunTime:0.0003s ]
INFO: [ view_parse ] --START--
INFO: [ template_filter ] --START--
INFO: Run Behavior\ContentReplaceBehavior [ RunTime:0.000093s ]
INFO: [ template_filter ] --END-- [ RunTime:0.000172s ]
INFO: Run Behavior\ParseTemplateBehavior [ RunTime:0.009707s ]
INFO: [ view_parse ] --END-- [ RunTime:0.009783s ]
INFO: [ view_filter ] --START--
INFO: Run Behavior\WriteHtmlCacheBehavior [ RunTime:0.000283s ]
INFO: [ view_filter ] --END-- [ RunTime:0.000341s ]
INFO: [ app_end ] --START--
INFO: Run Behavior\ShowPageTraceBehavior [ RunTime:0.000729s ]
INFO: [ app_end ] --END-- [ RunTime:0.000797s ]

[ 2017-10-30T00:08:27+08:00 ] 127.0.0.1 /repair_system/Home/CheckOrder/checkOrderView.html
INFO: [ app_init ] --START--
INFO: Run Behavior\BuildLiteBehavior [ RunTime:0.000021s ]
INFO: [ app_init ] --END-- [ RunTime:0.000490s ]
INFO: [ app_begin ] --START--
INFO: Run Behavior\ReadHtmlCacheBehavior [ RunTime:0.000601s ]
INFO: [ app_begin ] --END-- [ RunTime:0.000683s ]
SQL: SHOW COLUMNS FROM `user_cookie` [ RunTime:0.0025s ]
SQL: SELECT * FROM `user_cookie` WHERE `account` = '15819064843' LIMIT 1   [ RunTime:0.0004s ]
SQL: SHOW COLUMNS FROM `user` [ RunTime:0.0023s ]
SQL: SELECT * FROM `user` WHERE `mobile` = '15819064843' LIMIT 1   [ RunTime:0.0003s ]
SQL: SHOW COLUMNS FROM `order_list` [ RunTime:0.0023s ]
SQL: SELECT * FROM `order_list` WHERE `user_id` = 108 ORDER BY id desc  [ RunTime:0.0004s ]
INFO: [ view_parse ] --START--
INFO: [ template_filter ] --START--
INFO: Run Behavior\ContentReplaceBehavior [ RunTime:0.000074s ]
INFO: [ template_filter ] --END-- [ RunTime:0.000150s ]
INFO: Run Behavior\ParseTemplateBehavior [ RunTime:0.009659s ]
INFO: [ view_parse ] --END-- [ RunTime:0.009738s ]
INFO: [ view_filter ] --START--
INFO: Run Behavior\WriteHtmlCacheBehavior [ RunTime:0.000282s ]
INFO: [ view_filter ] --END-- [ RunTime:0.000338s ]
INFO: [ app_end ] --START--
INFO: Run Behavior\ShowPageTraceBehavior [ RunTime:0.000725s ]
INFO: [ app_end ] --END-- [ RunTime:0.000793s ]

[ 2017-10-30T00:08:30+08:00 ] 127.0.0.1 /repair_system/Home/Index/addOrder.html
INFO: [ app_init ] --START--
INFO: Run Behavior\BuildLiteBehavior [ RunTime:0.000021s ]
INFO: [ app_init ] --END-- [ RunTime:0.000493s ]
INFO: [ app_begin ] --START--
INFO: Run Behavior\ReadHtmlCacheBehavior [ RunTime:0.000605s ]
INFO: [ app_begin ] --END-- [ RunTime:0.000687s ]
SQL: SHOW COLUMNS FROM `user_cookie` [ RunTime:0.0024s ]
SQL: SELECT * FROM `user_cookie` WHERE `account` = '15819064843' LIMIT 1   [ RunTime:0.0004s ]
SQL: SHOW COLUMNS FROM `service_types` [ RunTime:0.0022s ]
SQL: SELECT * FROM `service_types`  [ RunTime:0.0003s ]
SQL: SHOW COLUMNS FROM `user` [ RunTime:0.0022s ]
SQL: SELECT * FROM `user` WHERE `mobile` = '15819064843' LIMIT 1   [ RunTime:0.0003s ]
INFO: [ view_parse ] --START--
INFO: [ template_filter ] --START--
INFO: Run Behavior\ContentReplaceBehavior [ RunTime:0.000091s ]
INFO: [ template_filter ] --END-- [ RunTime:0.000166s ]
INFO: Run Behavior\ParseTemplateBehavior [ RunTime:0.009402s ]
INFO: [ view_parse ] --END-- [ RunTime:0.009477s ]
INFO: [ view_filter ] --START--
INFO: Run Behavior\WriteHtmlCacheBehavior [ RunTime:0.000282s ]
INFO: [ view_filter ] --END-- [ RunTime:0.000341s ]
INFO: [ app_end ] --START--
INFO: Run Behavior\ShowPageTraceBehavior [ RunTime:0.000720s ]
INFO: [ app_end ] --END-- [ RunTime:0.000788s ]

[ 2017-10-30T00:08:33+08:00 ] 127.0.0.1 /repair_system/Home/CheckOrder/checkOrderView.html
INFO: [ app_init ] --START--
INFO: Run Behavior\BuildLiteBehavior [ RunTime:0.000020s ]
INFO: [ app_init ] --END-- [ RunTime:0.000496s ]
INFO: [ app_begin ] --START--
INFO: Run Behavior\ReadHtmlCacheBehavior [ RunTime:0.000604s ]
INFO: [ app_begin ] --END-- [ RunTime:0.000683s ]
SQL: SHOW COLUMNS FROM `user_cookie` [ RunTime:0.0024s ]
SQL: SELECT * FROM `user_cookie` WHERE `account` = '15819064843' LIMIT 1   [ RunTime:0.0004s ]
SQL: SHOW COLUMNS FROM `user` [ RunTime:0.0023s ]
SQL: SELECT * FROM `user` WHERE `mobile` = '15819064843' LIMIT 1   [ RunTime:0.0003s ]
SQL: SHOW COLUMNS FROM `order_list` [ RunTime:0.0023s ]
SQL: SELECT * FROM `order_list` WHERE `user_id` = 108 ORDER BY id desc  [ RunTime:0.0004s ]
INFO: [ view_parse ] --START--
INFO: [ template_filter ] --START--
INFO: Run Behavior\ContentReplaceBehavior [ RunTime:0.000072s ]
INFO: [ template_filter ] --END-- [ RunTime:0.000146s ]
INFO: Run Behavior\ParseTemplateBehavior [ RunTime:0.009556s ]
INFO: [ view_parse ] --END-- [ RunTime:0.009633s ]
INFO: [ view_filter ] --START--
INFO: Run Behavior\WriteHtmlCacheBehavior [ RunTime:0.000282s ]
INFO: [ view_filter ] --END-- [ RunTime:0.000340s ]
INFO: [ app_end ] --START--
INFO: Run Behavior\ShowPageTraceBehavior [ RunTime:0.000729s ]
INFO: [ app_end ] --END-- [ RunTime:0.000800s ]

[ 2017-10-30T00:08:36+08:00 ] 127.0.0.1 /repair_system/Home/Index/addOrder.html
INFO: [ app_init ] --START--
INFO: Run Behavior\BuildLiteBehavior [ RunTime:0.000019s ]
INFO: [ app_init ] --END-- [ RunTime:0.000489s ]
INFO: [ app_begin ] --START--
INFO: Run Behavior\ReadHtmlCacheBehavior [ RunTime:0.000602s ]
INFO: [ app_begin ] --END-- [ RunTime:0.000685s ]
SQL: SHOW COLUMNS FROM `user_cookie` [ RunTime:0.0024s ]
SQL: SELECT * FROM `user_cookie` WHERE `account` = '15819064843' LIMIT 1   [ RunTime:0.0004s ]
SQL: SHOW COLUMNS FROM `service_types` [ RunTime:0.0021s ]
SQL: SELECT * FROM `service_types`  [ RunTime:0.0003s ]
SQL: SHOW COLUMNS FROM `user` [ RunTime:0.0023s ]
SQL: SELECT * FROM `user` WHERE `mobile` = '15819064843' LIMIT 1   [ RunTime:0.0003s ]
INFO: [ view_parse ] --START--
INFO: [ template_filter ] --START--
INFO: Run Behavior\ContentReplaceBehavior [ RunTime:0.000092s ]
INFO: [ template_filter ] --END-- [ RunTime:0.000172s ]
INFO: Run Behavior\ParseTemplateBehavior [ RunTime:0.009445s ]
INFO: [ view_parse ] --END-- [ RunTime:0.009521s ]
INFO: [ view_filter ] --START--
INFO: Run Behavior\WriteHtmlCacheBehavior [ RunTime:0.000283s ]
INFO: [ view_filter ] --END-- [ RunTime:0.000338s ]
INFO: [ app_end ] --START--
INFO: Run Behavior\ShowPageTraceBehavior [ RunTime:0.000720s ]
INFO: [ app_end ] --END-- [ RunTime:0.000784s ]

