[ 2017-10-15T13:04:44+08:00 ] 127.0.0.1 /repair_system/Home/index/auth
INFO: [ app_init ] --START--
INFO: Run Behavior\BuildLiteBehavior [ RunTime:0.000027s ]
INFO: [ app_init ] --END-- [ RunTime:0.000692s ]
INFO: [ app_begin ] --START--
INFO: Run Behavior\ReadHtmlCacheBehavior [ RunTime:0.001179s ]
INFO: [ app_begin ] --END-- [ RunTime:0.001278s ]
INFO: [ view_parse ] --START--
INFO: [ template_filter ] --START--
INFO: Run Behavior\ContentReplaceBehavior [ RunTime:0.000087s ]
INFO: [ template_filter ] --END-- [ RunTime:0.000177s ]
INFO: Run Behavior\ParseTemplateBehavior [ RunTime:0.011515s ]
INFO: [ view_parse ] --END-- [ RunTime:0.011609s ]
INFO: [ view_filter ] --START--
INFO: Run Behavior\WriteHtmlCacheBehavior [ RunTime:0.000572s ]
INFO: [ view_filter ] --END-- [ RunTime:0.000648s ]
INFO: [ app_end ] --START--
INFO: Run Behavior\ShowPageTraceBehavior [ RunTime:0.001129s ]
INFO: [ app_end ] --END-- [ RunTime:0.001210s ]

[ 2017-10-15T13:05:01+08:00 ] 127.0.0.1 /repair_system/Home/User/getAuthCodeAjax.html
INFO: [ app_init ] --START--
INFO: Run Behavior\BuildLiteBehavior [ RunTime:0.000027s ]
INFO: [ app_init ] --END-- [ RunTime:0.000657s ]
INFO: [ app_begin ] --START--
INFO: Run Behavior\ReadHtmlCacheBehavior [ RunTime:0.001117s ]
INFO: [ app_begin ] --END-- [ RunTime:0.001208s ]
SQL: SHOW COLUMNS FROM `user_auth` [ RunTime:0.0030s ]
SQL: SELECT * FROM `user_auth` WHERE `account` = '17328308021'  [ RunTime:0.0005s ]
SQL: SHOW COLUMNS FROM `user` [ RunTime:0.0027s ]
SQL: INSERT INTO `user` (`mobile`,`student_number`,`name`) VALUES ('17328308021','0','0') [ RunTime:0.0003s ]
SQL: SELECT * FROM `user` WHERE `mobile` = '17328308021' LIMIT 1   [ RunTime:0.0003s ]
SQL: SHOW COLUMNS FROM `user_password` [ RunTime:0.0028s ]
SQL: INSERT INTO `user_password` (`salt`,`password`,`account`,`id`) VALUES ('2043','0','17328308021','153') [ RunTime:0.0003s ]
SQL: SHOW COLUMNS FROM `user_cookie` [ RunTime:0.0028s ]
SQL: INSERT INTO `user_cookie` (`user_id`,`cookie`,`account`,`time`) VALUES ('153','881164f6f07a14b16efb628cfea7647f','17328308021','1508043900') [ RunTime:0.0003s ]
SQL: INSERT INTO `user_auth` (`account`,`time`,`auth_code`) VALUES ('17328308021','1508043900','2722') [ RunTime:0.0003s ]
SQL: UPDATE `user_auth` SET `time`='1508043901' WHERE `account` = '17328308021' [ RunTime:0.0004s ]

[ 2017-10-15T13:05:10+08:00 ] 127.0.0.1 /repair_system/Home/User/checkAuthCodeAjax.html
INFO: [ app_init ] --START--
INFO: Run Behavior\BuildLiteBehavior [ RunTime:0.000027s ]
INFO: [ app_init ] --END-- [ RunTime:0.000636s ]
INFO: [ app_begin ] --START--
INFO: Run Behavior\ReadHtmlCacheBehavior [ RunTime:0.001104s ]
INFO: [ app_begin ] --END-- [ RunTime:0.001196s ]
SQL: SHOW COLUMNS FROM `user` [ RunTime:0.0026s ]
SQL: SELECT * FROM `user` WHERE `mobile` = '17328308021'  [ RunTime:0.0004s ]
SQL: SHOW COLUMNS FROM `user_auth` [ RunTime:0.0024s ]
SQL: SELECT * FROM `user_auth` WHERE `account` = '17328308021'  [ RunTime:0.0003s ]

[ 2017-10-15T13:05:13+08:00 ] 127.0.0.1 /repair_system/Home/Index/addOrder.html
INFO: [ app_init ] --START--
INFO: Run Behavior\BuildLiteBehavior [ RunTime:0.000027s ]
INFO: [ app_init ] --END-- [ RunTime:0.000652s ]
INFO: [ app_begin ] --START--
INFO: Run Behavior\ReadHtmlCacheBehavior [ RunTime:0.001127s ]
INFO: [ app_begin ] --END-- [ RunTime:0.001232s ]
SQL: SHOW COLUMNS FROM `user_cookie` [ RunTime:0.0026s ]
SQL: SELECT * FROM `user_cookie` WHERE `account` = '17328308021' LIMIT 1   [ RunTime:0.0005s ]
SQL: SHOW COLUMNS FROM `service_types` [ RunTime:0.0027s ]
SQL: SELECT * FROM `service_types`  [ RunTime:0.0004s ]
SQL: SHOW COLUMNS FROM `user` [ RunTime:0.0025s ]
SQL: SELECT * FROM `user` WHERE `mobile` = '17328308021' LIMIT 1   [ RunTime:0.0003s ]
INFO: [ view_parse ] --START--
INFO: [ template_filter ] --START--
INFO: Run Behavior\ContentReplaceBehavior [ RunTime:0.000101s ]
INFO: [ template_filter ] --END-- [ RunTime:0.000193s ]
INFO: Run Behavior\ParseTemplateBehavior [ RunTime:0.013894s ]
INFO: [ view_parse ] --END-- [ RunTime:0.013991s ]
INFO: [ view_filter ] --START--
INFO: Run Behavior\WriteHtmlCacheBehavior [ RunTime:0.000588s ]
INFO: [ view_filter ] --END-- [ RunTime:0.000663s ]
INFO: [ app_end ] --START--
INFO: Run Behavior\ShowPageTraceBehavior [ RunTime:0.001127s ]
INFO: [ app_end ] --END-- [ RunTime:0.001208s ]

[ 2017-10-15T13:05:19+08:00 ] 127.0.0.1 /repair_system/Home/index/auth
INFO: [ app_init ] --START--
INFO: Run Behavior\BuildLiteBehavior [ RunTime:0.000027s ]
INFO: [ app_init ] --END-- [ RunTime:0.000642s ]
INFO: [ app_begin ] --START--
INFO: Run Behavior\ReadHtmlCacheBehavior [ RunTime:0.001131s ]
INFO: [ app_begin ] --END-- [ RunTime:0.001231s ]
INFO: [ view_parse ] --START--
INFO: [ template_filter ] --START--
INFO: Run Behavior\ContentReplaceBehavior [ RunTime:0.000088s ]
INFO: [ template_filter ] --END-- [ RunTime:0.000176s ]
INFO: Run Behavior\ParseTemplateBehavior [ RunTime:0.011542s ]
INFO: [ view_parse ] --END-- [ RunTime:0.011636s ]
INFO: [ view_filter ] --START--
INFO: Run Behavior\WriteHtmlCacheBehavior [ RunTime:0.000594s ]
INFO: [ view_filter ] --END-- [ RunTime:0.000668s ]
INFO: [ app_end ] --START--
INFO: Run Behavior\ShowPageTraceBehavior [ RunTime:0.001128s ]
INFO: [ app_end ] --END-- [ RunTime:0.001209s ]

[ 2017-10-15T13:06:12+08:00 ] 127.0.0.1 /repair_system/Home/index/auth
INFO: [ app_init ] --START--
INFO: Run Behavior\BuildLiteBehavior [ RunTime:0.000028s ]
INFO: [ app_init ] --END-- [ RunTime:0.000643s ]
INFO: [ app_begin ] --START--
INFO: Run Behavior\ReadHtmlCacheBehavior [ RunTime:0.001189s ]
INFO: [ app_begin ] --END-- [ RunTime:0.001288s ]
INFO: [ view_parse ] --START--
INFO: [ template_filter ] --START--
INFO: Run Behavior\ContentReplaceBehavior [ RunTime:0.000088s ]
INFO: [ template_filter ] --END-- [ RunTime:0.000179s ]
INFO: Run Behavior\ParseTemplateBehavior [ RunTime:0.011314s ]
INFO: [ view_parse ] --END-- [ RunTime:0.011409s ]
INFO: [ view_filter ] --START--
INFO: Run Behavior\WriteHtmlCacheBehavior [ RunTime:0.000570s ]
INFO: [ view_filter ] --END-- [ RunTime:0.000645s ]
INFO: [ app_end ] --START--
INFO: Run Behavior\ShowPageTraceBehavior [ RunTime:0.001120s ]
INFO: [ app_end ] --END-- [ RunTime:0.001201s ]

[ 2017-10-15T13:06:46+08:00 ] 127.0.0.1 /repair_system/Home/index/auth
INFO: [ app_init ] --START--
INFO: Run Behavior\BuildLiteBehavior [ RunTime:0.000027s ]
INFO: [ app_init ] --END-- [ RunTime:0.000689s ]
INFO: [ app_begin ] --START--
INFO: Run Behavior\ReadHtmlCacheBehavior [ RunTime:0.001161s ]
INFO: [ app_begin ] --END-- [ RunTime:0.001257s ]
INFO: [ view_parse ] --START--
INFO: [ template_filter ] --START--
INFO: Run Behavior\ContentReplaceBehavior [ RunTime:0.000087s ]
INFO: [ template_filter ] --END-- [ RunTime:0.000176s ]
INFO: Run Behavior\ParseTemplateBehavior [ RunTime:0.011202s ]
INFO: [ view_parse ] --END-- [ RunTime:0.011293s ]
INFO: [ view_filter ] --START--
INFO: Run Behavior\WriteHtmlCacheBehavior [ RunTime:0.000572s ]
INFO: [ view_filter ] --END-- [ RunTime:0.000646s ]
INFO: [ app_end ] --START--
INFO: Run Behavior\ShowPageTraceBehavior [ RunTime:0.001133s ]
INFO: [ app_end ] --END-- [ RunTime:0.001213s ]

[ 2017-10-15T13:06:53+08:00 ] 127.0.0.1 /repair_system/Home/User/getAuthCodeAjax.html
INFO: [ app_init ] --START--
INFO: Run Behavior\BuildLiteBehavior [ RunTime:0.000027s ]
INFO: [ app_init ] --END-- [ RunTime:0.000637s ]
INFO: [ app_begin ] --START--
INFO: Run Behavior\ReadHtmlCacheBehavior [ RunTime:0.001109s ]
INFO: [ app_begin ] --END-- [ RunTime:0.001199s ]
SQL: SHOW COLUMNS FROM `user_auth` [ RunTime:0.0026s ]
SQL: SELECT * FROM `user_auth` WHERE `account` = '13030260701'  [ RunTime:0.0003s ]
SQL: SHOW COLUMNS FROM `user` [ RunTime:0.0026s ]
SQL: INSERT INTO `user` (`mobile`,`student_number`,`name`) VALUES ('13030260701','0','0') [ RunTime:0.0003s ]
SQL: SELECT * FROM `user` WHERE `mobile` = '13030260701' LIMIT 1   [ RunTime:0.0003s ]
SQL: SHOW COLUMNS FROM `user_password` [ RunTime:0.0024s ]
SQL: INSERT INTO `user_password` (`salt`,`password`,`account`,`id`) VALUES ('4617','0','13030260701','154') [ RunTime:0.0003s ]
SQL: SHOW COLUMNS FROM `user_cookie` [ RunTime:0.0024s ]
SQL: INSERT INTO `user_cookie` (`user_id`,`cookie`,`account`,`time`) VALUES ('154','b5244ceb0edf1b152461ef550d0eddbc','13030260701','1508044012') [ RunTime:0.0003s ]
SQL: INSERT INTO `user_auth` (`account`,`time`,`auth_code`) VALUES ('13030260701','1508044012','6889') [ RunTime:0.0003s ]
SQL: UPDATE `user_auth` SET `time`='1508044013' WHERE `account` = '13030260701' [ RunTime:0.0004s ]

[ 2017-10-15T13:07:06+08:00 ] 127.0.0.1 /repair_system/Home/User/checkAuthCodeAjax.html
INFO: [ app_init ] --START--
INFO: Run Behavior\BuildLiteBehavior [ RunTime:0.000027s ]
INFO: [ app_init ] --END-- [ RunTime:0.000684s ]
INFO: [ app_begin ] --START--
INFO: Run Behavior\ReadHtmlCacheBehavior [ RunTime:0.001137s ]
INFO: [ app_begin ] --END-- [ RunTime:0.001227s ]
SQL: SHOW COLUMNS FROM `user` [ RunTime:0.0026s ]
SQL: SELECT * FROM `user` WHERE `mobile` = '13030260701'  [ RunTime:0.0003s ]
SQL: SHOW COLUMNS FROM `user_auth` [ RunTime:0.0026s ]
SQL: SELECT * FROM `user_auth` WHERE `account` = '13030260701'  [ RunTime:0.0003s ]

[ 2017-10-15T13:07:08+08:00 ] 127.0.0.1 /repair_system/Home/Index/addOrder.html
INFO: [ app_init ] --START--
INFO: Run Behavior\BuildLiteBehavior [ RunTime:0.000028s ]
INFO: [ app_init ] --END-- [ RunTime:0.000698s ]
INFO: [ app_begin ] --START--
INFO: Run Behavior\ReadHtmlCacheBehavior [ RunTime:0.001130s ]
INFO: [ app_begin ] --END-- [ RunTime:0.001231s ]
SQL: SHOW COLUMNS FROM `user_cookie` [ RunTime:0.0026s ]
SQL: SELECT * FROM `user_cookie` WHERE `account` = '13030260701' LIMIT 1   [ RunTime:0.0005s ]
SQL: SHOW COLUMNS FROM `service_types` [ RunTime:0.0024s ]
SQL: SELECT * FROM `service_types`  [ RunTime:0.0003s ]
SQL: SHOW COLUMNS FROM `user` [ RunTime:0.0025s ]
SQL: SELECT * FROM `user` WHERE `mobile` = '13030260701' LIMIT 1   [ RunTime:0.0003s ]
INFO: [ view_parse ] --START--
INFO: [ template_filter ] --START--
INFO: Run Behavior\ContentReplaceBehavior [ RunTime:0.000105s ]
INFO: [ template_filter ] --END-- [ RunTime:0.000198s ]
INFO: Run Behavior\ParseTemplateBehavior [ RunTime:0.013950s ]
INFO: [ view_parse ] --END-- [ RunTime:0.014048s ]
INFO: [ view_filter ] --START--
INFO: Run Behavior\WriteHtmlCacheBehavior [ RunTime:0.000585s ]
INFO: [ view_filter ] --END-- [ RunTime:0.000658s ]
INFO: [ app_end ] --START--
INFO: Run Behavior\ShowPageTraceBehavior [ RunTime:0.001127s ]
INFO: [ app_end ] --END-- [ RunTime:0.001210s ]

[ 2017-10-15T13:07:32+08:00 ] 127.0.0.1 /repair_system/Home/Index/addOrderAjax.html
INFO: [ app_init ] --START--
INFO: Run Behavior\BuildLiteBehavior [ RunTime:0.000026s ]
INFO: [ app_init ] --END-- [ RunTime:0.000680s ]
INFO: [ app_begin ] --START--
INFO: Run Behavior\ReadHtmlCacheBehavior [ RunTime:0.001109s ]
INFO: [ app_begin ] --END-- [ RunTime:0.001200s ]
SQL: SHOW COLUMNS FROM `user` [ RunTime:0.0026s ]
SQL: SELECT * FROM `user` WHERE `mobile` = '13030260701'  [ RunTime:0.0004s ]
SQL: SHOW COLUMNS FROM `order_list` [ RunTime:0.0031s ]
SQL: INSERT INTO `order_list` (`user_id`,`state`,`time`) VALUES ('154','0','1508044051') [ RunTime:0.0003s ]
SQL: SHOW COLUMNS FROM `order_detail` [ RunTime:0.0029s ]
SQL: INSERT INTO `order_detail` (`mobile`,`content`,`service_type`,`computer_type`) VALUES ('13030260701','测试测试','其他','测试测试') [ RunTime:0.0003s ]
SQL: UPDATE `user` SET `name`='阿卡林',`student_number`='162011398' WHERE `id` = 154 [ RunTime:0.0003s ]
SQL: SHOW COLUMNS FROM `admin` [ RunTime:0.0028s ]
SQL: SELECT * FROM `admin` WHERE ( auth > 2 )  [ RunTime:0.0004s ]

[ 2017-10-15T13:07:34+08:00 ] 127.0.0.1 /repair_system/Home/CheckOrder/checkOrderView.html
INFO: [ app_init ] --START--
INFO: Run Behavior\BuildLiteBehavior [ RunTime:0.000025s ]
INFO: [ app_init ] --END-- [ RunTime:0.000635s ]
INFO: [ app_begin ] --START--
INFO: Run Behavior\ReadHtmlCacheBehavior [ RunTime:0.001121s ]
INFO: [ app_begin ] --END-- [ RunTime:0.001216s ]
SQL: SHOW COLUMNS FROM `user_cookie` [ RunTime:0.0026s ]
SQL: SELECT * FROM `user_cookie` WHERE `account` = '13030260701' LIMIT 1   [ RunTime:0.0004s ]
SQL: SHOW COLUMNS FROM `user` [ RunTime:0.0027s ]
SQL: SELECT * FROM `user` WHERE `mobile` = '13030260701' LIMIT 1   [ RunTime:0.0003s ]
SQL: SHOW COLUMNS FROM `order_list` [ RunTime:0.0025s ]
SQL: SELECT * FROM `order_list` WHERE `user_id` = 154 ORDER BY id desc  [ RunTime:0.0004s ]
INFO: [ view_parse ] --START--
INFO: [ template_filter ] --START--
INFO: Run Behavior\ContentReplaceBehavior [ RunTime:0.000082s ]
INFO: [ template_filter ] --END-- [ RunTime:0.000187s ]
INFO: Run Behavior\ParseTemplateBehavior [ RunTime:0.014171s ]
INFO: [ view_parse ] --END-- [ RunTime:0.014267s ]
INFO: [ view_filter ] --START--
INFO: Run Behavior\WriteHtmlCacheBehavior [ RunTime:0.000584s ]
INFO: [ view_filter ] --END-- [ RunTime:0.000658s ]
INFO: [ app_end ] --START--
INFO: Run Behavior\ShowPageTraceBehavior [ RunTime:0.001139s ]
INFO: [ app_end ] --END-- [ RunTime:0.001216s ]

[ 2017-10-15T13:07:37+08:00 ] 127.0.0.1 /repair_system/Home/CheckOrder/checkDetail/id/161.html
INFO: [ app_init ] --START--
INFO: Run Behavior\BuildLiteBehavior [ RunTime:0.000026s ]
INFO: [ app_init ] --END-- [ RunTime:0.000638s ]
INFO: [ app_begin ] --START--
INFO: Run Behavior\ReadHtmlCacheBehavior [ RunTime:0.001122s ]
INFO: [ app_begin ] --END-- [ RunTime:0.001221s ]
SQL: SHOW COLUMNS FROM `user_cookie` [ RunTime:0.0026s ]
SQL: SELECT * FROM `user_cookie` WHERE `account` = '13030260701' LIMIT 1   [ RunTime:0.0005s ]
SQL: SELECT list.state,list.time,list.id,detail.content,detail.service_type,detail.computer_type,admin.mobile,admin.name
			FROM order_list as list,order_detail as detail,admin_to_order as ato,admin as admin
			WHERE list.id=161 and list.id=detail.id and admin.id=ato.admin_id and ato.order_id=list.id [ RunTime:0.0009s ]
NOTIC: [8] Undefined offset: 0 E:\phpstudy\WWW\repair_system\Application\Home\Controller\CheckOrderController.class.php 第 82 行.
SQL: SHOW COLUMNS FROM `admin_to_order` [ RunTime:0.0026s ]
SQL: SELECT * FROM `admin_to_order` WHERE `order_id` = 161  [ RunTime:0.0004s ]
NOTIC: [8] Undefined index: id E:\phpstudy\WWW\repair_system\Application\Home\Controller\CheckOrderController.class.php 第 106 行.
INFO: [ view_parse ] --START--
INFO: [ template_filter ] --START--
INFO: Run Behavior\ContentReplaceBehavior [ RunTime:0.000082s ]
INFO: [ template_filter ] --END-- [ RunTime:0.000185s ]
NOTIC: [8] Undefined index: state E:\phpstudy\WWW\repair_system\Application\Runtime\Cache\Home\92146b3b3e554601ae9b3d363a52fd19.php 第 21 行.
NOTIC: [8] Undefined index: state E:\phpstudy\WWW\repair_system\Application\Runtime\Cache\Home\92146b3b3e554601ae9b3d363a52fd19.php 第 39 行.
NOTIC: [8] Undefined index: state E:\phpstudy\WWW\repair_system\Application\Runtime\Cache\Home\92146b3b3e554601ae9b3d363a52fd19.php 第 42 行.
NOTIC: [8] Undefined index: state E:\phpstudy\WWW\repair_system\Application\Runtime\Cache\Home\92146b3b3e554601ae9b3d363a52fd19.php 第 42 行.
NOTIC: [8] Undefined variable: item E:\phpstudy\WWW\repair_system\Application\Runtime\Cache\Home\92146b3b3e554601ae9b3d363a52fd19.php 第 45 行.
NOTIC: [8] Undefined index: name E:\phpstudy\WWW\repair_system\Application\Runtime\Cache\Home\92146b3b3e554601ae9b3d363a52fd19.php 第 50 行.
NOTIC: [8] Undefined index: mobile E:\phpstudy\WWW\repair_system\Application\Runtime\Cache\Home\92146b3b3e554601ae9b3d363a52fd19.php 第 53 行.
INFO: Run Behavior\ParseTemplateBehavior [ RunTime:0.014071s ]
INFO: [ view_parse ] --END-- [ RunTime:0.014159s ]
INFO: [ view_filter ] --START--
INFO: Run Behavior\WriteHtmlCacheBehavior [ RunTime:0.000588s ]
INFO: [ view_filter ] --END-- [ RunTime:0.000660s ]
INFO: [ app_end ] --START--
INFO: Run Behavior\ShowPageTraceBehavior [ RunTime:0.001126s ]
INFO: [ app_end ] --END-- [ RunTime:0.001207s ]

