[ 2017-06-24T10:27:13+08:00 ] 117.136.79.21 /ACM/repair_system/index.php/BackgroundAdmin/Index/index.html
INFO: [ app_init ] --START--
INFO: Run Behavior\BuildLiteBehavior [ RunTime:0.000014s ]
INFO: [ app_init ] --END-- [ RunTime:0.001696s ]
INFO: [ app_begin ] --START--
INFO: Run Behavior\ReadHtmlCacheBehavior [ RunTime:0.001942s ]
INFO: [ app_begin ] --END-- [ RunTime:0.001972s ]
SQL: SHOW COLUMNS FROM `admin` [ RunTime:0.0006s ]
SQL: SELECT * FROM `admin` WHERE `student_number` = 164021074 LIMIT 1   [ RunTime:0.0003s ]
INFO: [ view_parse ] --START--
INFO: [ template_filter ] --START--
INFO: Run Behavior\ContentReplaceBehavior [ RunTime:0.000088s ]
INFO: [ template_filter ] --END-- [ RunTime:0.000143s ]
INFO: Run Behavior\ParseTemplateBehavior [ RunTime:0.025522s ]
INFO: [ view_parse ] --END-- [ RunTime:0.025554s ]
INFO: [ view_filter ] --START--
INFO: Run Behavior\WriteHtmlCacheBehavior [ RunTime:0.004898s ]
INFO: [ view_filter ] --END-- [ RunTime:0.004925s ]
INFO: [ app_end ] --START--
INFO: Run Behavior\ShowPageTraceBehavior [ RunTime:0.001644s ]
INFO: [ app_end ] --END-- [ RunTime:0.001668s ]

[ 2017-06-24T10:27:14+08:00 ] 117.136.79.21 /ACM/repair_system/index.php/BackgroundAdmin/Index/welcome.html
INFO: [ app_init ] --START--
INFO: Run Behavior\BuildLiteBehavior [ RunTime:0.000009s ]
INFO: [ app_init ] --END-- [ RunTime:0.000066s ]
INFO: [ app_begin ] --START--
INFO: Run Behavior\ReadHtmlCacheBehavior [ RunTime:0.000026s ]
INFO: [ app_begin ] --END-- [ RunTime:0.000051s ]
INFO: [ view_parse ] --START--
INFO: [ template_filter ] --START--
INFO: Run Behavior\ContentReplaceBehavior [ RunTime:0.000029s ]
INFO: [ template_filter ] --END-- [ RunTime:0.000054s ]
INFO: Run Behavior\ParseTemplateBehavior [ RunTime:0.004492s ]
INFO: [ view_parse ] --END-- [ RunTime:0.004519s ]
INFO: [ view_filter ] --START--
INFO: Run Behavior\WriteHtmlCacheBehavior [ RunTime:0.000023s ]
INFO: [ view_filter ] --END-- [ RunTime:0.000037s ]
INFO: [ app_end ] --START--
INFO: Run Behavior\ShowPageTraceBehavior [ RunTime:0.000019s ]
INFO: [ app_end ] --END-- [ RunTime:0.000034s ]

[ 2017-06-24T10:27:16+08:00 ] 117.136.79.21 /ACM/repair_system/index.php/BackgroundAdmin/OrderTask/orderTaskView.html
INFO: [ app_init ] --START--
INFO: Run Behavior\BuildLiteBehavior [ RunTime:0.000009s ]
INFO: [ app_init ] --END-- [ RunTime:0.000062s ]
INFO: [ app_begin ] --START--
INFO: Run Behavior\ReadHtmlCacheBehavior [ RunTime:0.000026s ]
INFO: [ app_begin ] --END-- [ RunTime:0.000046s ]
SQL: SHOW COLUMNS FROM `admin_cookie` [ RunTime:0.0006s ]
SQL: SELECT * FROM `admin_cookie` WHERE `account` = '164021074' LIMIT 1   [ RunTime:0.0002s ]
SQL: SHOW COLUMNS FROM `admin` [ RunTime:0.0004s ]
SQL: SELECT * FROM `admin` WHERE `student_number` = 164021074 LIMIT 1   [ RunTime:0.0002s ]
SQL: SELECT a.task_id,b.state,b.time,b.user_id,b.id,c.mobile,c.content,c.computer_type,c.service_type,d.name
		FROM admin_to_order as a,order_list as b,order_detail as c,user as d
		where a.admin_id=8 and a.order_id=b.id and a.order_id=c.id and b.user_id=d.id 
		order by a.task_id desc [ RunTime:0.0005s ]
INFO: [ view_parse ] --START--
INFO: [ template_filter ] --START--
INFO: Run Behavior\ContentReplaceBehavior [ RunTime:0.000057s ]
INFO: [ template_filter ] --END-- [ RunTime:0.000106s ]
INFO: Run Behavior\ParseTemplateBehavior [ RunTime:0.004167s ]
INFO: [ view_parse ] --END-- [ RunTime:0.004196s ]
INFO: [ view_filter ] --START--
INFO: Run Behavior\WriteHtmlCacheBehavior [ RunTime:0.000036s ]
INFO: [ view_filter ] --END-- [ RunTime:0.000051s ]
INFO: [ app_end ] --START--
INFO: Run Behavior\ShowPageTraceBehavior [ RunTime:0.000024s ]
INFO: [ app_end ] --END-- [ RunTime:0.000039s ]

[ 2017-06-24T10:27:20+08:00 ] 117.136.79.21 /ACM/repair_system/index.php/BackgroundAdmin/OrderTask/adminFinishedOrder.html
INFO: [ app_init ] --START--
INFO: Run Behavior\BuildLiteBehavior [ RunTime:0.000009s ]
INFO: [ app_init ] --END-- [ RunTime:0.000062s ]
INFO: [ app_begin ] --START--
INFO: Run Behavior\ReadHtmlCacheBehavior [ RunTime:0.000023s ]
INFO: [ app_begin ] --END-- [ RunTime:0.000043s ]
SQL: SHOW COLUMNS FROM `admin_to_order` [ RunTime:0.0007s ]
SQL: SELECT * FROM `admin_to_order` WHERE `task_id` = 109 LIMIT 1   [ RunTime:0.0002s ]
SQL: SHOW COLUMNS FROM `order_list` [ RunTime:0.0003s ]
SQL: UPDATE `order_list` SET `state`='2' WHERE `id` = 116 [ RunTime:0.0057s ]
SQL: UPDATE `admin_to_order` SET `msg`='',`isend`='1' WHERE `task_id` = 109 [ RunTime:0.0055s ]
INFO: [ view_parse ] --START--
INFO: [ template_filter ] --START--
INFO: Run Behavior\ContentReplaceBehavior [ RunTime:0.000035s ]
INFO: [ template_filter ] --END-- [ RunTime:0.000077s ]
INFO: Run Behavior\ParseTemplateBehavior [ RunTime:0.021178s ]
INFO: [ view_parse ] --END-- [ RunTime:0.021202s ]
INFO: [ view_filter ] --START--
INFO: Run Behavior\WriteHtmlCacheBehavior [ RunTime:0.000028s ]
INFO: [ view_filter ] --END-- [ RunTime:0.000043s ]
INFO: [ app_end ] --START--
INFO: Run Behavior\ShowPageTraceBehavior [ RunTime:0.000026s ]
INFO: [ app_end ] --END-- [ RunTime:0.000056s ]

[ 2017-06-24T10:27:21+08:00 ] 117.136.79.21 /ACM/repair_system/index.php/BackgroundAdmin/OrderTask/orderTaskView.html
INFO: [ app_init ] --START--
INFO: Run Behavior\BuildLiteBehavior [ RunTime:0.000012s ]
INFO: [ app_init ] --END-- [ RunTime:0.000075s ]
INFO: [ app_begin ] --START--
INFO: Run Behavior\ReadHtmlCacheBehavior [ RunTime:0.000028s ]
INFO: [ app_begin ] --END-- [ RunTime:0.000055s ]
SQL: SHOW COLUMNS FROM `admin_cookie` [ RunTime:0.0007s ]
SQL: SELECT * FROM `admin_cookie` WHERE `account` = '164021074' LIMIT 1   [ RunTime:0.0003s ]
SQL: SHOW COLUMNS FROM `admin` [ RunTime:0.0005s ]
SQL: SELECT * FROM `admin` WHERE `student_number` = 164021074 LIMIT 1   [ RunTime:0.0002s ]
SQL: SELECT a.task_id,b.state,b.time,b.user_id,b.id,c.mobile,c.content,c.computer_type,c.service_type,d.name
		FROM admin_to_order as a,order_list as b,order_detail as c,user as d
		where a.admin_id=8 and a.order_id=b.id and a.order_id=c.id and b.user_id=d.id 
		order by a.task_id desc [ RunTime:0.0006s ]
INFO: [ view_parse ] --START--
INFO: [ template_filter ] --START--
INFO: Run Behavior\ContentReplaceBehavior [ RunTime:0.000058s ]
INFO: [ template_filter ] --END-- [ RunTime:0.000089s ]
INFO: Run Behavior\ParseTemplateBehavior [ RunTime:0.002893s ]
INFO: [ view_parse ] --END-- [ RunTime:0.002927s ]
INFO: [ view_filter ] --START--
INFO: Run Behavior\WriteHtmlCacheBehavior [ RunTime:0.000033s ]
INFO: [ view_filter ] --END-- [ RunTime:0.000053s ]
INFO: [ app_end ] --START--
INFO: Run Behavior\ShowPageTraceBehavior [ RunTime:0.000025s ]
INFO: [ app_end ] --END-- [ RunTime:0.000047s ]

[ 2017-06-24T10:27:25+08:00 ] 117.136.79.21 /ACM/repair_system/index.php/BackgroundAdmin/OrderTask/orderTaskView/getAll/1.html
INFO: [ app_init ] --START--
INFO: Run Behavior\BuildLiteBehavior [ RunTime:0.000009s ]
INFO: [ app_init ] --END-- [ RunTime:0.000063s ]
INFO: [ app_begin ] --START--
INFO: Run Behavior\ReadHtmlCacheBehavior [ RunTime:0.000025s ]
INFO: [ app_begin ] --END-- [ RunTime:0.000045s ]
SQL: SHOW COLUMNS FROM `admin_cookie` [ RunTime:0.0006s ]
SQL: SELECT * FROM `admin_cookie` WHERE `account` = '164021074' LIMIT 1   [ RunTime:0.0002s ]
SQL: SHOW COLUMNS FROM `admin` [ RunTime:0.0003s ]
SQL: SELECT * FROM `admin` WHERE `student_number` = 164021074 LIMIT 1   [ RunTime:0.0002s ]
SQL: SELECT a.task_id,b.state,b.time,b.user_id,b.id,c.mobile,c.content,c.computer_type,c.service_type,d.name
		FROM admin_to_order as a,order_list as b,order_detail as c,user as d
		where a.admin_id=8 and a.order_id=b.id and a.order_id=c.id and b.user_id=d.id 
		order by a.task_id desc [ RunTime:0.0005s ]
INFO: [ view_parse ] --START--
INFO: [ template_filter ] --START--
INFO: Run Behavior\ContentReplaceBehavior [ RunTime:0.000047s ]
INFO: [ template_filter ] --END-- [ RunTime:0.000070s ]
INFO: Run Behavior\ParseTemplateBehavior [ RunTime:0.002368s ]
INFO: [ view_parse ] --END-- [ RunTime:0.002392s ]
INFO: [ view_filter ] --START--
INFO: Run Behavior\WriteHtmlCacheBehavior [ RunTime:0.000028s ]
INFO: [ view_filter ] --END-- [ RunTime:0.000044s ]
INFO: [ app_end ] --START--
INFO: Run Behavior\ShowPageTraceBehavior [ RunTime:0.000027s ]
INFO: [ app_end ] --END-- [ RunTime:0.000047s ]

[ 2017-06-24T10:27:35+08:00 ] 117.136.79.21 /ACM/repair_system/index.php/BackgroundAdmin/CheckOrder/checkOrderView.html
INFO: [ app_init ] --START--
INFO: Run Behavior\BuildLiteBehavior [ RunTime:0.000011s ]
INFO: [ app_init ] --END-- [ RunTime:0.000091s ]
INFO: [ app_begin ] --START--
INFO: Run Behavior\ReadHtmlCacheBehavior [ RunTime:0.000032s ]
INFO: [ app_begin ] --END-- [ RunTime:0.000056s ]
SQL: SHOW COLUMNS FROM `admin_cookie` [ RunTime:0.0006s ]
SQL: SELECT * FROM `admin_cookie` WHERE `account` = '164021074' LIMIT 1   [ RunTime:0.0002s ]
SQL: SHOW COLUMNS FROM `admin` [ RunTime:0.0003s ]
SQL: SELECT * FROM `admin` WHERE `student_number` = 164021074 LIMIT 1   [ RunTime:0.0002s ]
SQL: SHOW COLUMNS FROM `order_list` [ RunTime:0.0003s ]
SQL: SELECT * FROM `order_list` ORDER BY id desc  [ RunTime:0.0003s ]
SQL: SHOW COLUMNS FROM `order_detail` [ RunTime:0.0003s ]
SQL: SELECT * FROM `order_detail` ORDER BY id desc  [ RunTime:0.0005s ]
INFO: [ view_parse ] --START--
INFO: [ template_filter ] --START--
INFO: Run Behavior\ContentReplaceBehavior [ RunTime:0.000037s ]
INFO: [ template_filter ] --END-- [ RunTime:0.000062s ]
NOTIC: [8] Undefined index: admin /var/www/html/ACM/repair_system/Application/Runtime/Cache/BackgroundAdmin/6b37729e800be5ebfe66855e9a4cb110.php 第 54 行.
NOTIC: [8] Undefined index: admin /var/www/html/ACM/repair_system/Application/Runtime/Cache/BackgroundAdmin/6b37729e800be5ebfe66855e9a4cb110.php 第 54 行.
NOTIC: [8] Undefined index: admin /var/www/html/ACM/repair_system/Application/Runtime/Cache/BackgroundAdmin/6b37729e800be5ebfe66855e9a4cb110.php 第 54 行.
NOTIC: [8] Undefined index: admin /var/www/html/ACM/repair_system/Application/Runtime/Cache/BackgroundAdmin/6b37729e800be5ebfe66855e9a4cb110.php 第 54 行.
NOTIC: [8] Undefined index: admin /var/www/html/ACM/repair_system/Application/Runtime/Cache/BackgroundAdmin/6b37729e800be5ebfe66855e9a4cb110.php 第 54 行.
NOTIC: [8] Undefined index: admin /var/www/html/ACM/repair_system/Application/Runtime/Cache/BackgroundAdmin/6b37729e800be5ebfe66855e9a4cb110.php 第 54 行.
NOTIC: [8] Undefined index: admin /var/www/html/ACM/repair_system/Application/Runtime/Cache/BackgroundAdmin/6b37729e800be5ebfe66855e9a4cb110.php 第 54 行.
NOTIC: [8] Undefined index: admin /var/www/html/ACM/repair_system/Application/Runtime/Cache/BackgroundAdmin/6b37729e800be5ebfe66855e9a4cb110.php 第 54 行.
NOTIC: [8] Undefined index: admin /var/www/html/ACM/repair_system/Application/Runtime/Cache/BackgroundAdmin/6b37729e800be5ebfe66855e9a4cb110.php 第 54 行.
NOTIC: [8] Undefined index: admin /var/www/html/ACM/repair_system/Application/Runtime/Cache/BackgroundAdmin/6b37729e800be5ebfe66855e9a4cb110.php 第 54 行.
NOTIC: [8] Undefined index: admin /var/www/html/ACM/repair_system/Application/Runtime/Cache/BackgroundAdmin/6b37729e800be5ebfe66855e9a4cb110.php 第 54 行.
NOTIC: [8] Undefined index: admin /var/www/html/ACM/repair_system/Application/Runtime/Cache/BackgroundAdmin/6b37729e800be5ebfe66855e9a4cb110.php 第 54 行.
NOTIC: [8] Undefined index: admin /var/www/html/ACM/repair_system/Application/Runtime/Cache/BackgroundAdmin/6b37729e800be5ebfe66855e9a4cb110.php 第 54 行.
NOTIC: [8] Undefined index: admin /var/www/html/ACM/repair_system/Application/Runtime/Cache/BackgroundAdmin/6b37729e800be5ebfe66855e9a4cb110.php 第 54 行.
NOTIC: [8] Undefined index: admin /var/www/html/ACM/repair_system/Application/Runtime/Cache/BackgroundAdmin/6b37729e800be5ebfe66855e9a4cb110.php 第 54 行.
NOTIC: [8] Undefined index: admin /var/www/html/ACM/repair_system/Application/Runtime/Cache/BackgroundAdmin/6b37729e800be5ebfe66855e9a4cb110.php 第 54 行.
NOTIC: [8] Undefined index: admin /var/www/html/ACM/repair_system/Application/Runtime/Cache/BackgroundAdmin/6b37729e800be5ebfe66855e9a4cb110.php 第 54 行.
NOTIC: [8] Undefined index: admin /var/www/html/ACM/repair_system/Application/Runtime/Cache/BackgroundAdmin/6b37729e800be5ebfe66855e9a4cb110.php 第 54 行.
NOTIC: [8] Undefined index: admin /var/www/html/ACM/repair_system/Application/Runtime/Cache/BackgroundAdmin/6b37729e800be5ebfe66855e9a4cb110.php 第 54 行.
NOTIC: [8] Undefined index: admin /var/www/html/ACM/repair_system/Application/Runtime/Cache/BackgroundAdmin/6b37729e800be5ebfe66855e9a4cb110.php 第 54 行.
NOTIC: [8] Undefined index: admin /var/www/html/ACM/repair_system/Application/Runtime/Cache/BackgroundAdmin/6b37729e800be5ebfe66855e9a4cb110.php 第 54 行.
NOTIC: [8] Undefined index: admin /var/www/html/ACM/repair_system/Application/Runtime/Cache/BackgroundAdmin/6b37729e800be5ebfe66855e9a4cb110.php 第 54 行.
NOTIC: [8] Undefined index: admin /var/www/html/ACM/repair_system/Application/Runtime/Cache/BackgroundAdmin/6b37729e800be5ebfe66855e9a4cb110.php 第 54 行.
NOTIC: [8] Undefined index: admin /var/www/html/ACM/repair_system/Application/Runtime/Cache/BackgroundAdmin/6b37729e800be5ebfe66855e9a4cb110.php 第 54 行.
NOTIC: [8] Undefined index: admin /var/www/html/ACM/repair_system/Application/Runtime/Cache/BackgroundAdmin/6b37729e800be5ebfe66855e9a4cb110.php 第 54 行.
NOTIC: [8] Undefined index: admin /var/www/html/ACM/repair_system/Application/Runtime/Cache/BackgroundAdmin/6b37729e800be5ebfe66855e9a4cb110.php 第 54 行.
NOTIC: [8] Undefined index: admin /var/www/html/ACM/repair_system/Application/Runtime/Cache/BackgroundAdmin/6b37729e800be5ebfe66855e9a4cb110.php 第 54 行.
NOTIC: [8] Undefined index: admin /var/www/html/ACM/repair_system/Application/Runtime/Cache/BackgroundAdmin/6b37729e800be5ebfe66855e9a4cb110.php 第 54 行.
NOTIC: [8] Undefined index: admin /var/www/html/ACM/repair_system/Application/Runtime/Cache/BackgroundAdmin/6b37729e800be5ebfe66855e9a4cb110.php 第 54 行.
NOTIC: [8] Undefined index: admin /var/www/html/ACM/repair_system/Application/Runtime/Cache/BackgroundAdmin/6b37729e800be5ebfe66855e9a4cb110.php 第 54 行.
NOTIC: [8] Undefined index: admin /var/www/html/ACM/repair_system/Application/Runtime/Cache/BackgroundAdmin/6b37729e800be5ebfe66855e9a4cb110.php 第 54 行.
NOTIC: [8] Undefined index: admin /var/www/html/ACM/repair_system/Application/Runtime/Cache/BackgroundAdmin/6b37729e800be5ebfe66855e9a4cb110.php 第 54 行.
NOTIC: [8] Undefined index: admin /var/www/html/ACM/repair_system/Application/Runtime/Cache/BackgroundAdmin/6b37729e800be5ebfe66855e9a4cb110.php 第 54 行.
NOTIC: [8] Undefined index: admin /var/www/html/ACM/repair_system/Application/Runtime/Cache/BackgroundAdmin/6b37729e800be5ebfe66855e9a4cb110.php 第 54 行.
NOTIC: [8] Undefined index: admin /var/www/html/ACM/repair_system/Application/Runtime/Cache/BackgroundAdmin/6b37729e800be5ebfe66855e9a4cb110.php 第 54 行.
NOTIC: [8] Undefined index: admin /var/www/html/ACM/repair_system/Application/Runtime/Cache/BackgroundAdmin/6b37729e800be5ebfe66855e9a4cb110.php 第 54 行.
NOTIC: [8] Undefined index: admin /var/www/html/ACM/repair_system/Application/Runtime/Cache/BackgroundAdmin/6b37729e800be5ebfe66855e9a4cb110.php 第 54 行.
NOTIC: [8] Undefined index: admin /var/www/html/ACM/repair_system/Application/Runtime/Cache/BackgroundAdmin/6b37729e800be5ebfe66855e9a4cb110.php 第 54 行.
NOTIC: [8] Undefined index: admin /var/www/html/ACM/repair_system/Application/Runtime/Cache/BackgroundAdmin/6b37729e800be5ebfe66855e9a4cb110.php 第 54 行.
NOTIC: [8] Undefined index: admin /var/www/html/ACM/repair_system/Application/Runtime/Cache/BackgroundAdmin/6b37729e800be5ebfe66855e9a4cb110.php 第 54 行.
NOTIC: [8] Undefined index: admin /var/www/html/ACM/repair_system/Application/Runtime/Cache/BackgroundAdmin/6b37729e800be5ebfe66855e9a4cb110.php 第 54 行.
NOTIC: [8] Undefined index: admin /var/www/html/ACM/repair_system/Application/Runtime/Cache/BackgroundAdmin/6b37729e800be5ebfe66855e9a4cb110.php 第 54 行.
NOTIC: [8] Undefined index: admin /var/www/html/ACM/repair_system/Application/Runtime/Cache/BackgroundAdmin/6b37729e800be5ebfe66855e9a4cb110.php 第 54 行.
NOTIC: [8] Undefined index: admin /var/www/html/ACM/repair_system/Application/Runtime/Cache/BackgroundAdmin/6b37729e800be5ebfe66855e9a4cb110.php 第 54 行.
NOTIC: [8] Undefined index: admin /var/www/html/ACM/repair_system/Application/Runtime/Cache/BackgroundAdmin/6b37729e800be5ebfe66855e9a4cb110.php 第 54 行.
NOTIC: [8] Undefined index: admin /var/www/html/ACM/repair_system/Application/Runtime/Cache/BackgroundAdmin/6b37729e800be5ebfe66855e9a4cb110.php 第 54 行.
NOTIC: [8] Undefined index: admin /var/www/html/ACM/repair_system/Application/Runtime/Cache/BackgroundAdmin/6b37729e800be5ebfe66855e9a4cb110.php 第 54 行.
NOTIC: [8] Undefined index: admin /var/www/html/ACM/repair_system/Application/Runtime/Cache/BackgroundAdmin/6b37729e800be5ebfe66855e9a4cb110.php 第 54 行.
NOTIC: [8] Undefined index: admin /var/www/html/ACM/repair_system/Application/Runtime/Cache/BackgroundAdmin/6b37729e800be5ebfe66855e9a4cb110.php 第 54 行.
NOTIC: [8] Undefined index: admin /var/www/html/ACM/repair_system/Application/Runtime/Cache/BackgroundAdmin/6b37729e800be5ebfe66855e9a4cb110.php 第 54 行.
NOTIC: [8] Undefined index: admin /var/www/html/ACM/repair_system/Application/Runtime/Cache/BackgroundAdmin/6b37729e800be5ebfe66855e9a4cb110.php 第 54 行.
NOTIC: [8] Undefined index: admin /var/www/html/ACM/repair_system/Application/Runtime/Cache/BackgroundAdmin/6b37729e800be5ebfe66855e9a4cb110.php 第 54 行.
NOTIC: [8] Undefined index: admin /var/www/html/ACM/repair_system/Application/Runtime/Cache/BackgroundAdmin/6b37729e800be5ebfe66855e9a4cb110.php 第 54 行.
NOTIC: [8] Undefined index: admin /var/www/html/ACM/repair_system/Application/Runtime/Cache/BackgroundAdmin/6b37729e800be5ebfe66855e9a4cb110.php 第 54 行.
NOTIC: [8] Undefined index: admin /var/www/html/ACM/repair_system/Application/Runtime/Cache/BackgroundAdmin/6b37729e800be5ebfe66855e9a4cb110.php 第 54 行.
NOTIC: [8] Undefined index: admin /var/www/html/ACM/repair_system/Application/Runtime/Cache/BackgroundAdmin/6b37729e800be5ebfe66855e9a4cb110.php 第 54 行.
NOTIC: [8] Undefined index: admin /var/www/html/ACM/repair_system/Application/Runtime/Cache/BackgroundAdmin/6b37729e800be5ebfe66855e9a4cb110.php 第 54 行.
NOTIC: [8] Undefined index: admin /var/www/html/ACM/repair_system/Application/Runtime/Cache/BackgroundAdmin/6b37729e800be5ebfe66855e9a4cb110.php 第 54 行.
NOTIC: [8] Undefined index: admin /var/www/html/ACM/repair_system/Application/Runtime/Cache/BackgroundAdmin/6b37729e800be5ebfe66855e9a4cb110.php 第 54 行.
NOTIC: [8] Undefined index: admin /var/www/html/ACM/repair_system/Application/Runtime/Cache/BackgroundAdmin/6b37729e800be5ebfe66855e9a4cb110.php 第 54 行.
NOTIC: [8] Undefined index: admin /var/www/html/ACM/repair_system/Application/Runtime/Cache/BackgroundAdmin/6b37729e800be5ebfe66855e9a4cb110.php 第 54 行.
NOTIC: [8] Undefined index: admin /var/www/html/ACM/repair_system/Application/Runtime/Cache/BackgroundAdmin/6b37729e800be5ebfe66855e9a4cb110.php 第 54 行.
NOTIC: [8] Undefined index: admin /var/www/html/ACM/repair_system/Application/Runtime/Cache/BackgroundAdmin/6b37729e800be5ebfe66855e9a4cb110.php 第 54 行.
NOTIC: [8] Undefined index: admin /var/www/html/ACM/repair_system/Application/Runtime/Cache/BackgroundAdmin/6b37729e800be5ebfe66855e9a4cb110.php 第 54 行.
NOTIC: [8] Undefined index: admin /var/www/html/ACM/repair_system/Application/Runtime/Cache/BackgroundAdmin/6b37729e800be5ebfe66855e9a4cb110.php 第 54 行.
NOTIC: [8] Undefined index: admin /var/www/html/ACM/repair_system/Application/Runtime/Cache/BackgroundAdmin/6b37729e800be5ebfe66855e9a4cb110.php 第 54 行.
NOTIC: [8] Undefined index: admin /var/www/html/ACM/repair_system/Application/Runtime/Cache/BackgroundAdmin/6b37729e800be5ebfe66855e9a4cb110.php 第 54 行.
NOTIC: [8] Undefined index: admin /var/www/html/ACM/repair_system/Application/Runtime/Cache/BackgroundAdmin/6b37729e800be5ebfe66855e9a4cb110.php 第 54 行.
NOTIC: [8] Undefined index: admin /var/www/html/ACM/repair_system/Application/Runtime/Cache/BackgroundAdmin/6b37729e800be5ebfe66855e9a4cb110.php 第 54 行.
NOTIC: [8] Undefined index: admin /var/www/html/ACM/repair_system/Application/Runtime/Cache/BackgroundAdmin/6b37729e800be5ebfe66855e9a4cb110.php 第 54 行.
NOTIC: [8] Undefined index: admin /var/www/html/ACM/repair_system/Application/Runtime/Cache/BackgroundAdmin/6b37729e800be5ebfe66855e9a4cb110.php 第 54 行.
NOTIC: [8] Undefined index: admin /var/www/html/ACM/repair_system/Application/Runtime/Cache/BackgroundAdmin/6b37729e800be5ebfe66855e9a4cb110.php 第 54 行.
NOTIC: [8] Undefined index: admin /var/www/html/ACM/repair_system/Application/Runtime/Cache/BackgroundAdmin/6b37729e800be5ebfe66855e9a4cb110.php 第 54 行.
NOTIC: [8] Undefined index: admin /var/www/html/ACM/repair_system/Application/Runtime/Cache/BackgroundAdmin/6b37729e800be5ebfe66855e9a4cb110.php 第 54 行.
NOTIC: [8] Undefined index: admin /var/www/html/ACM/repair_system/Application/Runtime/Cache/BackgroundAdmin/6b37729e800be5ebfe66855e9a4cb110.php 第 54 行.
NOTIC: [8] Undefined index: admin /var/www/html/ACM/repair_system/Application/Runtime/Cache/BackgroundAdmin/6b37729e800be5ebfe66855e9a4cb110.php 第 54 行.
NOTIC: [8] Undefined index: admin /var/www/html/ACM/repair_system/Application/Runtime/Cache/BackgroundAdmin/6b37729e800be5ebfe66855e9a4cb110.php 第 54 行.
NOTIC: [8] Undefined index: admin /var/www/html/ACM/repair_system/Application/Runtime/Cache/BackgroundAdmin/6b37729e800be5ebfe66855e9a4cb110.php 第 54 行.
NOTIC: [8] Undefined index: admin /var/www/html/ACM/repair_system/Application/Runtime/Cache/BackgroundAdmin/6b37729e800be5ebfe66855e9a4cb110.php 第 54 行.
NOTIC: [8] Undefined index: admin /var/www/html/ACM/repair_system/Application/Runtime/Cache/BackgroundAdmin/6b37729e800be5ebfe66855e9a4cb110.php 第 54 行.
NOTIC: [8] Undefined index: admin /var/www/html/ACM/repair_system/Application/Runtime/Cache/BackgroundAdmin/6b37729e800be5ebfe66855e9a4cb110.php 第 54 行.
NOTIC: [8] Undefined index: admin /var/www/html/ACM/repair_system/Application/Runtime/Cache/BackgroundAdmin/6b37729e800be5ebfe66855e9a4cb110.php 第 54 行.
NOTIC: [8] Undefined index: admin /var/www/html/ACM/repair_system/Application/Runtime/Cache/BackgroundAdmin/6b37729e800be5ebfe66855e9a4cb110.php 第 54 行.
NOTIC: [8] Undefined index: admin /var/www/html/ACM/repair_system/Application/Runtime/Cache/BackgroundAdmin/6b37729e800be5ebfe66855e9a4cb110.php 第 54 行.
NOTIC: [8] Undefined index: admin /var/www/html/ACM/repair_system/Application/Runtime/Cache/BackgroundAdmin/6b37729e800be5ebfe66855e9a4cb110.php 第 54 行.
NOTIC: [8] Undefined index: admin /var/www/html/ACM/repair_system/Application/Runtime/Cache/BackgroundAdmin/6b37729e800be5ebfe66855e9a4cb110.php 第 54 行.
NOTIC: [8] Undefined index: admin /var/www/html/ACM/repair_system/Application/Runtime/Cache/BackgroundAdmin/6b37729e800be5ebfe66855e9a4cb110.php 第 54 行.
NOTIC: [8] Undefined index: admin /var/www/html/ACM/repair_system/Application/Runtime/Cache/BackgroundAdmin/6b37729e800be5ebfe66855e9a4cb110.php 第 54 行.
NOTIC: [8] Undefined index: admin /var/www/html/ACM/repair_system/Application/Runtime/Cache/BackgroundAdmin/6b37729e800be5ebfe66855e9a4cb110.php 第 54 行.
NOTIC: [8] Undefined index: admin /var/www/html/ACM/repair_system/Application/Runtime/Cache/BackgroundAdmin/6b37729e800be5ebfe66855e9a4cb110.php 第 54 行.
NOTIC: [8] Undefined index: admin /var/www/html/ACM/repair_system/Application/Runtime/Cache/BackgroundAdmin/6b37729e800be5ebfe66855e9a4cb110.php 第 54 行.
NOTIC: [8] Undefined index: admin /var/www/html/ACM/repair_system/Application/Runtime/Cache/BackgroundAdmin/6b37729e800be5ebfe66855e9a4cb110.php 第 54 行.
NOTIC: [8] Undefined index: admin /var/www/html/ACM/repair_system/Application/Runtime/Cache/BackgroundAdmin/6b37729e800be5ebfe66855e9a4cb110.php 第 54 行.
NOTIC: [8] Undefined index: admin /var/www/html/ACM/repair_system/Application/Runtime/Cache/BackgroundAdmin/6b37729e800be5ebfe66855e9a4cb110.php 第 54 行.
NOTIC: [8] Undefined index: admin /var/www/html/ACM/repair_system/Application/Runtime/Cache/BackgroundAdmin/6b37729e800be5ebfe66855e9a4cb110.php 第 54 行.
NOTIC: [8] Undefined index: admin /var/www/html/ACM/repair_system/Application/Runtime/Cache/BackgroundAdmin/6b37729e800be5ebfe66855e9a4cb110.php 第 54 行.
NOTIC: [8] Undefined index: admin /var/www/html/ACM/repair_system/Application/Runtime/Cache/BackgroundAdmin/6b37729e800be5ebfe66855e9a4cb110.php 第 54 行.
NOTIC: [8] Undefined index: admin /var/www/html/ACM/repair_system/Application/Runtime/Cache/BackgroundAdmin/6b37729e800be5ebfe66855e9a4cb110.php 第 54 行.
NOTIC: [8] Undefined index: admin /var/www/html/ACM/repair_system/Application/Runtime/Cache/BackgroundAdmin/6b37729e800be5ebfe66855e9a4cb110.php 第 54 行.
NOTIC: [8] Undefined index: admin /var/www/html/ACM/repair_system/Application/Runtime/Cache/BackgroundAdmin/6b37729e800be5ebfe66855e9a4cb110.php 第 54 行.
NOTIC: [8] Undefined index: admin /var/www/html/ACM/repair_system/Application/Runtime/Cache/BackgroundAdmin/6b37729e800be5ebfe66855e9a4cb110.php 第 54 行.
NOTIC: [8] Undefined index: admin /var/www/html/ACM/repair_system/Application/Runtime/Cache/BackgroundAdmin/6b37729e800be5ebfe66855e9a4cb110.php 第 54 行.
NOTIC: [8] Undefined index: admin /var/www/html/ACM/repair_system/Application/Runtime/Cache/BackgroundAdmin/6b37729e800be5ebfe66855e9a4cb110.php 第 54 行.
NOTIC: [8] Undefined index: admin /var/www/html/ACM/repair_system/Application/Runtime/Cache/BackgroundAdmin/6b37729e800be5ebfe66855e9a4cb110.php 第 54 行.
NOTIC: [8] Undefined index: admin /var/www/html/ACM/repair_system/Application/Runtime/Cache/BackgroundAdmin/6b37729e800be5ebfe66855e9a4cb110.php 第 54 行.
NOTIC: [8] Undefined index: admin /var/www/html/ACM/repair_system/Application/Runtime/Cache/BackgroundAdmin/6b37729e800be5ebfe66855e9a4cb110.php 第 54 行.
NOTIC: [8] Undefined index: admin /var/www/html/ACM/repair_system/Application/Runtime/Cache/BackgroundAdmin/6b37729e800be5ebfe66855e9a4cb110.php 第 54 行.
NOTIC: [8] Undefined index: admin /var/www/html/ACM/repair_system/Application/Runtime/Cache/BackgroundAdmin/6b37729e800be5ebfe66855e9a4cb110.php 第 54 行.
NOTIC: [8] Undefined index: admin /var/www/html/ACM/repair_system/Application/Runtime/Cache/BackgroundAdmin/6b37729e800be5ebfe66855e9a4cb110.php 第 54 行.
NOTIC: [8] Undefined index: admin /var/www/html/ACM/repair_system/Application/Runtime/Cache/BackgroundAdmin/6b37729e800be5ebfe66855e9a4cb110.php 第 54 行.
NOTIC: [8] Undefined index: admin /var/www/html/ACM/repair_system/Application/Runtime/Cache/BackgroundAdmin/6b37729e800be5ebfe66855e9a4cb110.php 第 54 行.
NOTIC: [8] Undefined index: admin /var/www/html/ACM/repair_system/Application/Runtime/Cache/BackgroundAdmin/6b37729e800be5ebfe66855e9a4cb110.php 第 54 行.
NOTIC: [8] Undefined index: admin /var/www/html/ACM/repair_system/Application/Runtime/Cache/BackgroundAdmin/6b37729e800be5ebfe66855e9a4cb110.php 第 54 行.
NOTIC: [8] Undefined index: admin /var/www/html/ACM/repair_system/Application/Runtime/Cache/BackgroundAdmin/6b37729e800be5ebfe66855e9a4cb110.php 第 54 行.
NOTIC: [8] Undefined index: admin /var/www/html/ACM/repair_system/Application/Runtime/Cache/BackgroundAdmin/6b37729e800be5ebfe66855e9a4cb110.php 第 54 行.
NOTIC: [8] Undefined index: admin /var/www/html/ACM/repair_system/Application/Runtime/Cache/BackgroundAdmin/6b37729e800be5ebfe66855e9a4cb110.php 第 54 行.
NOTIC: [8] Undefined index: admin /var/www/html/ACM/repair_system/Application/Runtime/Cache/BackgroundAdmin/6b37729e800be5ebfe66855e9a4cb110.php 第 54 行.
NOTIC: [8] Undefined index: admin /var/www/html/ACM/repair_system/Application/Runtime/Cache/BackgroundAdmin/6b37729e800be5ebfe66855e9a4cb110.php 第 54 行.
NOTIC: [8] Undefined index: admin /var/www/html/ACM/repair_system/Application/Runtime/Cache/BackgroundAdmin/6b37729e800be5ebfe66855e9a4cb110.php 第 54 行.
NOTIC: [8] Undefined index: admin /var/www/html/ACM/repair_system/Application/Runtime/Cache/BackgroundAdmin/6b37729e800be5ebfe66855e9a4cb110.php 第 54 行.
NOTIC: [8] Undefined index: admin /var/www/html/ACM/repair_system/Application/Runtime/Cache/BackgroundAdmin/6b37729e800be5ebfe66855e9a4cb110.php 第 54 行.
NOTIC: [8] Undefined index: admin /var/www/html/ACM/repair_system/Application/Runtime/Cache/BackgroundAdmin/6b37729e800be5ebfe66855e9a4cb110.php 第 54 行.
NOTIC: [8] Undefined index: admin /var/www/html/ACM/repair_system/Application/Runtime/Cache/BackgroundAdmin/6b37729e800be5ebfe66855e9a4cb110.php 第 54 行.
NOTIC: [8] Undefined index: admin /var/www/html/ACM/repair_system/Application/Runtime/Cache/BackgroundAdmin/6b37729e800be5ebfe66855e9a4cb110.php 第 54 行.
INFO: Run Behavior\ParseTemplateBehavior [ RunTime:0.007387s ]
INFO: [ view_parse ] --END-- [ RunTime:0.007407s ]
INFO: [ view_filter ] --START--
INFO: Run Behavior\WriteHtmlCacheBehavior [ RunTime:0.000032s ]
INFO: [ view_filter ] --END-- [ RunTime:0.000048s ]
INFO: [ app_end ] --START--
INFO: Run Behavior\ShowPageTraceBehavior [ RunTime:0.000032s ]
INFO: [ app_end ] --END-- [ RunTime:0.000053s ]

[ 2017-06-24T10:27:35+08:00 ] 117.136.79.21 /ACM/repair_system/index.php/BackgroundAdmin/OrderTask/orderTaskView.html
INFO: [ app_init ] --START--
INFO: Run Behavior\BuildLiteBehavior [ RunTime:0.000013s ]
INFO: [ app_init ] --END-- [ RunTime:0.000085s ]
INFO: [ app_begin ] --START--
INFO: Run Behavior\ReadHtmlCacheBehavior [ RunTime:0.000035s ]
INFO: [ app_begin ] --END-- [ RunTime:0.000067s ]
SQL: SHOW COLUMNS FROM `admin_cookie` [ RunTime:0.0006s ]
SQL: SELECT * FROM `admin_cookie` WHERE `account` = '164021074' LIMIT 1   [ RunTime:0.0003s ]
SQL: SHOW COLUMNS FROM `admin` [ RunTime:0.0003s ]
SQL: SELECT * FROM `admin` WHERE `student_number` = 164021074 LIMIT 1   [ RunTime:0.0002s ]
SQL: SELECT a.task_id,b.state,b.time,b.user_id,b.id,c.mobile,c.content,c.computer_type,c.service_type,d.name
		FROM admin_to_order as a,order_list as b,order_detail as c,user as d
		where a.admin_id=8 and a.order_id=b.id and a.order_id=c.id and b.user_id=d.id 
		order by a.task_id desc [ RunTime:0.0006s ]
INFO: [ view_parse ] --START--
INFO: [ template_filter ] --START--
INFO: Run Behavior\ContentReplaceBehavior [ RunTime:0.000050s ]
INFO: [ template_filter ] --END-- [ RunTime:0.000076s ]
INFO: Run Behavior\ParseTemplateBehavior [ RunTime:0.002236s ]
INFO: [ view_parse ] --END-- [ RunTime:0.002265s ]
INFO: [ view_filter ] --START--
INFO: Run Behavior\WriteHtmlCacheBehavior [ RunTime:0.000026s ]
INFO: [ view_filter ] --END-- [ RunTime:0.000045s ]
INFO: [ app_end ] --START--
INFO: Run Behavior\ShowPageTraceBehavior [ RunTime:0.000018s ]
INFO: [ app_end ] --END-- [ RunTime:0.000033s ]

[ 2017-06-24T10:27:49+08:00 ] 117.136.79.21 /ACM/repair_system/index.php/BackgroundAdmin/Index/welcome.html
INFO: [ app_init ] --START--
INFO: Run Behavior\BuildLiteBehavior [ RunTime:0.000009s ]
INFO: [ app_init ] --END-- [ RunTime:0.000081s ]
INFO: [ app_begin ] --START--
INFO: Run Behavior\ReadHtmlCacheBehavior [ RunTime:0.000042s ]
INFO: [ app_begin ] --END-- [ RunTime:0.000069s ]
INFO: [ view_parse ] --START--
INFO: [ template_filter ] --START--
INFO: Run Behavior\ContentReplaceBehavior [ RunTime:0.000031s ]
INFO: [ template_filter ] --END-- [ RunTime:0.000057s ]
INFO: Run Behavior\ParseTemplateBehavior [ RunTime:0.003970s ]
INFO: [ view_parse ] --END-- [ RunTime:0.003994s ]
INFO: [ view_filter ] --START--
INFO: Run Behavior\WriteHtmlCacheBehavior [ RunTime:0.000042s ]
INFO: [ view_filter ] --END-- [ RunTime:0.000057s ]
INFO: [ app_end ] --START--
INFO: Run Behavior\ShowPageTraceBehavior [ RunTime:0.000032s ]
INFO: [ app_end ] --END-- [ RunTime:0.000048s ]

