[ 2017-06-26T13:55:56+08:00 ] 14.23.185.42 /ACM/repair_system/index.php/BackgroundAdmin/Index/index.html
INFO: [ app_init ] --START--
INFO: Run Behavior\BuildLiteBehavior [ RunTime:0.000014s ]
INFO: [ app_init ] --END-- [ RunTime:0.002095s ]
INFO: [ app_begin ] --START--
INFO: Run Behavior\ReadHtmlCacheBehavior [ RunTime:0.002384s ]
INFO: [ app_begin ] --END-- [ RunTime:0.002412s ]
SQL: SHOW COLUMNS FROM `admin` [ RunTime:0.0006s ]
SQL: SELECT * FROM `admin` WHERE `student_number` = 142011042 LIMIT 1   [ RunTime:0.0003s ]
INFO: [ view_parse ] --START--
INFO: [ template_filter ] --START--
INFO: Run Behavior\ContentReplaceBehavior [ RunTime:0.000089s ]
INFO: [ template_filter ] --END-- [ RunTime:0.000146s ]
INFO: Run Behavior\ParseTemplateBehavior [ RunTime:0.022797s ]
INFO: [ view_parse ] --END-- [ RunTime:0.022830s ]
INFO: [ view_filter ] --START--
INFO: Run Behavior\WriteHtmlCacheBehavior [ RunTime:0.006968s ]
INFO: [ view_filter ] --END-- [ RunTime:0.006994s ]
INFO: [ app_end ] --START--
INFO: Run Behavior\ShowPageTraceBehavior [ RunTime:0.002101s ]
INFO: [ app_end ] --END-- [ RunTime:0.002128s ]

[ 2017-06-26T13:55:56+08:00 ] 14.23.185.42 /ACM/repair_system/index.php/BackgroundAdmin/Index/welcome.html
INFO: [ app_init ] --START--
INFO: Run Behavior\BuildLiteBehavior [ RunTime:0.000012s ]
INFO: [ app_init ] --END-- [ RunTime:0.000082s ]
INFO: [ app_begin ] --START--
INFO: Run Behavior\ReadHtmlCacheBehavior [ RunTime:0.000035s ]
INFO: [ app_begin ] --END-- [ RunTime:0.000063s ]
INFO: [ view_parse ] --START--
INFO: [ template_filter ] --START--
INFO: Run Behavior\ContentReplaceBehavior [ RunTime:0.000039s ]
INFO: [ template_filter ] --END-- [ RunTime:0.000075s ]
INFO: Run Behavior\ParseTemplateBehavior [ RunTime:0.005644s ]
INFO: [ view_parse ] --END-- [ RunTime:0.005676s ]
INFO: [ view_filter ] --START--
INFO: Run Behavior\WriteHtmlCacheBehavior [ RunTime:0.000032s ]
INFO: [ view_filter ] --END-- [ RunTime:0.000054s ]
INFO: [ app_end ] --START--
INFO: Run Behavior\ShowPageTraceBehavior [ RunTime:0.000028s ]
INFO: [ app_end ] --END-- [ RunTime:0.000049s ]

[ 2017-06-26T13:55:58+08:00 ] 14.23.185.42 /ACM/repair_system/index.php/BackgroundAdmin/OrderDistribute/orderDistributeView.html
INFO: [ app_init ] --START--
INFO: Run Behavior\BuildLiteBehavior [ RunTime:0.000009s ]
INFO: [ app_init ] --END-- [ RunTime:0.000061s ]
INFO: [ app_begin ] --START--
INFO: Run Behavior\ReadHtmlCacheBehavior [ RunTime:0.000022s ]
INFO: [ app_begin ] --END-- [ RunTime:0.000045s ]
SQL: SHOW COLUMNS FROM `admin_cookie` [ RunTime:0.0006s ]
SQL: SELECT * FROM `admin_cookie` WHERE `account` = '142011042' LIMIT 1   [ RunTime:0.0002s ]
INFO: [ view_parse ] --START--
INFO: [ template_filter ] --START--
INFO: Run Behavior\ContentReplaceBehavior [ RunTime:0.000035s ]
INFO: [ template_filter ] --END-- [ RunTime:0.000078s ]
INFO: Run Behavior\ParseTemplateBehavior [ RunTime:0.012728s ]
INFO: [ view_parse ] --END-- [ RunTime:0.012757s ]
INFO: [ view_filter ] --START--
INFO: Run Behavior\WriteHtmlCacheBehavior [ RunTime:0.000023s ]
INFO: [ view_filter ] --END-- [ RunTime:0.000037s ]

[ 2017-06-26T13:55:59+08:00 ] 14.23.185.42 /ACM/repair_system/index.php/BackgroundAdmin/Index/welcome.html
INFO: [ app_init ] --START--
INFO: Run Behavior\BuildLiteBehavior [ RunTime:0.000009s ]
INFO: [ app_init ] --END-- [ RunTime:0.000063s ]
INFO: [ app_begin ] --START--
INFO: Run Behavior\ReadHtmlCacheBehavior [ RunTime:0.000023s ]
INFO: [ app_begin ] --END-- [ RunTime:0.000042s ]
INFO: [ view_parse ] --START--
INFO: [ template_filter ] --START--
INFO: Run Behavior\ContentReplaceBehavior [ RunTime:0.000027s ]
INFO: [ template_filter ] --END-- [ RunTime:0.000049s ]
INFO: Run Behavior\ParseTemplateBehavior [ RunTime:0.001160s ]
INFO: [ view_parse ] --END-- [ RunTime:0.001182s ]
INFO: [ view_filter ] --START--
INFO: Run Behavior\WriteHtmlCacheBehavior [ RunTime:0.000026s ]
INFO: [ view_filter ] --END-- [ RunTime:0.000040s ]
INFO: [ app_end ] --START--
INFO: Run Behavior\ShowPageTraceBehavior [ RunTime:0.000021s ]
INFO: [ app_end ] --END-- [ RunTime:0.000036s ]

[ 2017-06-26T13:56:00+08:00 ] 14.23.185.42 /ACM/repair_system/index.php/backgroundAdmin/User/login.html
INFO: [ app_init ] --START--
INFO: Run Behavior\BuildLiteBehavior [ RunTime:0.000009s ]
INFO: [ app_init ] --END-- [ RunTime:0.000060s ]
INFO: [ app_begin ] --START--
INFO: Run Behavior\ReadHtmlCacheBehavior [ RunTime:0.000021s ]
INFO: [ app_begin ] --END-- [ RunTime:0.000042s ]
INFO: [ view_parse ] --START--
INFO: [ template_filter ] --START--
INFO: Run Behavior\ContentReplaceBehavior [ RunTime:0.000034s ]
INFO: [ template_filter ] --END-- [ RunTime:0.000057s ]
INFO: Run Behavior\ParseTemplateBehavior [ RunTime:0.002616s ]
INFO: [ view_parse ] --END-- [ RunTime:0.002649s ]
INFO: [ view_filter ] --START--
INFO: Run Behavior\WriteHtmlCacheBehavior [ RunTime:0.000023s ]
INFO: [ view_filter ] --END-- [ RunTime:0.000038s ]
INFO: [ app_end ] --START--
INFO: Run Behavior\ShowPageTraceBehavior [ RunTime:0.000018s ]
INFO: [ app_end ] --END-- [ RunTime:0.000033s ]

[ 2017-06-26T13:56:35+08:00 ] 14.23.185.42 /ACM/repair_system/index.php/backgroundAdmin/User/loginAjax.html
INFO: [ app_init ] --START--
INFO: Run Behavior\BuildLiteBehavior [ RunTime:0.000008s ]
INFO: [ app_init ] --END-- [ RunTime:0.000074s ]
INFO: [ app_begin ] --START--
INFO: Run Behavior\ReadHtmlCacheBehavior [ RunTime:0.000032s ]
INFO: [ app_begin ] --END-- [ RunTime:0.000052s ]
SQL: SHOW COLUMNS FROM `admin_password` [ RunTime:0.0007s ]
SQL: SELECT * FROM `admin_password` WHERE `account` = '142011042' LIMIT 1   [ RunTime:0.0003s ]
SQL: SHOW COLUMNS FROM `admin_cookie` [ RunTime:0.0003s ]
SQL: UPDATE `admin_cookie` SET `cookie`='323592ebec539f1f0eaddbb8a7d17d75' WHERE `account` = '142011042' [ RunTime:0.0061s ]

[ 2017-06-26T13:56:36+08:00 ] 14.23.185.42 /ACM/repair_system/index.php/BackgroundAdmin/Index/index.html
INFO: [ app_init ] --START--
INFO: Run Behavior\BuildLiteBehavior [ RunTime:0.000010s ]
INFO: [ app_init ] --END-- [ RunTime:0.000060s ]
INFO: [ app_begin ] --START--
INFO: Run Behavior\ReadHtmlCacheBehavior [ RunTime:0.000020s ]
INFO: [ app_begin ] --END-- [ RunTime:0.000039s ]
SQL: SHOW COLUMNS FROM `admin` [ RunTime:0.0006s ]
SQL: SELECT * FROM `admin` WHERE `student_number` = 142011042 LIMIT 1   [ RunTime:0.0003s ]
INFO: [ view_parse ] --START--
INFO: [ template_filter ] --START--
INFO: Run Behavior\ContentReplaceBehavior [ RunTime:0.000077s ]
INFO: [ template_filter ] --END-- [ RunTime:0.000108s ]
INFO: Run Behavior\ParseTemplateBehavior [ RunTime:0.003760s ]
INFO: [ view_parse ] --END-- [ RunTime:0.003782s ]
INFO: [ view_filter ] --START--
INFO: Run Behavior\WriteHtmlCacheBehavior [ RunTime:0.000034s ]
INFO: [ view_filter ] --END-- [ RunTime:0.000049s ]
INFO: [ app_end ] --START--
INFO: Run Behavior\ShowPageTraceBehavior [ RunTime:0.000031s ]
INFO: [ app_end ] --END-- [ RunTime:0.000052s ]

[ 2017-06-26T13:56:36+08:00 ] 14.23.185.42 /ACM/repair_system/index.php/BackgroundAdmin/Index/welcome.html
INFO: [ app_init ] --START--
INFO: Run Behavior\BuildLiteBehavior [ RunTime:0.000014s ]
INFO: [ app_init ] --END-- [ RunTime:0.000104s ]
INFO: [ app_begin ] --START--
INFO: Run Behavior\ReadHtmlCacheBehavior [ RunTime:0.000032s ]
INFO: [ app_begin ] --END-- [ RunTime:0.000054s ]
INFO: [ view_parse ] --START--
INFO: [ template_filter ] --START--
INFO: Run Behavior\ContentReplaceBehavior [ RunTime:0.000036s ]
INFO: [ template_filter ] --END-- [ RunTime:0.000084s ]
INFO: Run Behavior\ParseTemplateBehavior [ RunTime:0.004995s ]
INFO: [ view_parse ] --END-- [ RunTime:0.005018s ]
INFO: [ view_filter ] --START--
INFO: Run Behavior\WriteHtmlCacheBehavior [ RunTime:0.000033s ]
INFO: [ view_filter ] --END-- [ RunTime:0.000047s ]
INFO: [ app_end ] --START--
INFO: Run Behavior\ShowPageTraceBehavior [ RunTime:0.000019s ]
INFO: [ app_end ] --END-- [ RunTime:0.000034s ]

[ 2017-06-26T13:56:37+08:00 ] 14.23.185.42 /ACM/repair_system/index.php/BackgroundAdmin/OrderDistribute/orderDistributeView.html
INFO: [ app_init ] --START--
INFO: Run Behavior\BuildLiteBehavior [ RunTime:0.000013s ]
INFO: [ app_init ] --END-- [ RunTime:0.000093s ]
INFO: [ app_begin ] --START--
INFO: Run Behavior\ReadHtmlCacheBehavior [ RunTime:0.000041s ]
INFO: [ app_begin ] --END-- [ RunTime:0.000072s ]
SQL: SHOW COLUMNS FROM `admin_cookie` [ RunTime:0.0007s ]
SQL: SELECT * FROM `admin_cookie` WHERE `account` = '142011042' LIMIT 1   [ RunTime:0.0002s ]
SQL: SHOW COLUMNS FROM `admin` [ RunTime:0.0003s ]
SQL: SELECT * FROM `admin` WHERE `student_number` = 142011042 LIMIT 1   [ RunTime:0.0002s ]
SQL: SHOW COLUMNS FROM `order_list` [ RunTime:0.0003s ]
SQL: SELECT * FROM `order_list` WHERE `state` = 0  [ RunTime:0.0002s ]
SQL: SHOW COLUMNS FROM `order_detail` [ RunTime:0.0003s ]
SQL: SELECT * FROM `order_detail`  [ RunTime:0.0004s ]
SQL: SELECT * FROM `admin` WHERE ( auth < 5 and auth >0 )  [ RunTime:0.0002s ]
INFO: [ view_parse ] --START--
INFO: [ template_filter ] --START--
INFO: Run Behavior\ContentReplaceBehavior [ RunTime:0.000045s ]
INFO: [ template_filter ] --END-- [ RunTime:0.000085s ]
INFO: Run Behavior\ParseTemplateBehavior [ RunTime:0.006107s ]
INFO: [ view_parse ] --END-- [ RunTime:0.006131s ]
INFO: [ view_filter ] --START--
INFO: Run Behavior\WriteHtmlCacheBehavior [ RunTime:0.000029s ]
INFO: [ view_filter ] --END-- [ RunTime:0.000044s ]
INFO: [ app_end ] --START--
INFO: Run Behavior\ShowPageTraceBehavior [ RunTime:0.000020s ]
INFO: [ app_end ] --END-- [ RunTime:0.000041s ]

[ 2017-06-26T13:56:38+08:00 ] 14.23.185.42 /ACM/repair_system/index.php/BackgroundAdmin/User/addAdmin.html
INFO: [ app_init ] --START--
INFO: Run Behavior\BuildLiteBehavior [ RunTime:0.000010s ]
INFO: [ app_init ] --END-- [ RunTime:0.000067s ]
INFO: [ app_begin ] --START--
INFO: Run Behavior\ReadHtmlCacheBehavior [ RunTime:0.000026s ]
INFO: [ app_begin ] --END-- [ RunTime:0.000047s ]
SQL: SHOW COLUMNS FROM `admin_cookie` [ RunTime:0.0006s ]
SQL: SELECT * FROM `admin_cookie` WHERE `account` = '142011042' LIMIT 1   [ RunTime:0.0002s ]
SQL: SHOW COLUMNS FROM `admin` [ RunTime:0.0003s ]
SQL: SELECT * FROM `admin` WHERE `student_number` = 142011042 LIMIT 1   [ RunTime:0.0002s ]
INFO: [ view_parse ] --START--
INFO: [ template_filter ] --START--
INFO: Run Behavior\ContentReplaceBehavior [ RunTime:0.000040s ]
INFO: [ template_filter ] --END-- [ RunTime:0.000065s ]
INFO: Run Behavior\ParseTemplateBehavior [ RunTime:0.002772s ]
INFO: [ view_parse ] --END-- [ RunTime:0.002795s ]
INFO: [ view_filter ] --START--
INFO: Run Behavior\WriteHtmlCacheBehavior [ RunTime:0.000024s ]
INFO: [ view_filter ] --END-- [ RunTime:0.000037s ]
INFO: [ app_end ] --START--
INFO: Run Behavior\ShowPageTraceBehavior [ RunTime:0.000018s ]
INFO: [ app_end ] --END-- [ RunTime:0.000032s ]

[ 2017-06-26T13:56:40+08:00 ] 14.23.185.42 /ACM/repair_system/index.php/BackgroundAdmin/User/manageAdmin.html
INFO: [ app_init ] --START--
INFO: Run Behavior\BuildLiteBehavior [ RunTime:0.000009s ]
INFO: [ app_init ] --END-- [ RunTime:0.000059s ]
INFO: [ app_begin ] --START--
INFO: Run Behavior\ReadHtmlCacheBehavior [ RunTime:0.000021s ]
INFO: [ app_begin ] --END-- [ RunTime:0.000040s ]
SQL: SHOW COLUMNS FROM `admin_cookie` [ RunTime:0.0006s ]
SQL: SELECT * FROM `admin_cookie` WHERE `account` = '142011042' LIMIT 1   [ RunTime:0.0002s ]
SQL: SHOW COLUMNS FROM `admin` [ RunTime:0.0003s ]
SQL: SELECT * FROM `admin` WHERE `student_number` = 142011042 LIMIT 1   [ RunTime:0.0002s ]
SQL: SELECT * FROM `admin` WHERE ( auth < 5 and auth > 0 ) ORDER BY auth desc  [ RunTime:0.0003s ]
INFO: [ view_parse ] --START--
INFO: [ template_filter ] --START--
INFO: Run Behavior\ContentReplaceBehavior [ RunTime:0.000038s ]
INFO: [ template_filter ] --END-- [ RunTime:0.000073s ]
INFO: Run Behavior\ParseTemplateBehavior [ RunTime:0.003924s ]
INFO: [ view_parse ] --END-- [ RunTime:0.003947s ]
INFO: [ view_filter ] --START--
INFO: Run Behavior\WriteHtmlCacheBehavior [ RunTime:0.000030s ]
INFO: [ view_filter ] --END-- [ RunTime:0.000046s ]
INFO: [ app_end ] --START--
INFO: Run Behavior\ShowPageTraceBehavior [ RunTime:0.000030s ]
INFO: [ app_end ] --END-- [ RunTime:0.000049s ]

[ 2017-06-26T13:56:53+08:00 ] 14.23.185.42 /ACM/repair_system/index.php/BackgroundAdmin/OrderTask/orderTaskView.html
INFO: [ app_init ] --START--
INFO: Run Behavior\BuildLiteBehavior [ RunTime:0.000009s ]
INFO: [ app_init ] --END-- [ RunTime:0.000073s ]
INFO: [ app_begin ] --START--
INFO: Run Behavior\ReadHtmlCacheBehavior [ RunTime:0.000033s ]
INFO: [ app_begin ] --END-- [ RunTime:0.000054s ]
SQL: SHOW COLUMNS FROM `admin_cookie` [ RunTime:0.0006s ]
SQL: SELECT * FROM `admin_cookie` WHERE `account` = '142011042' LIMIT 1   [ RunTime:0.0002s ]
SQL: SHOW COLUMNS FROM `admin` [ RunTime:0.0004s ]
SQL: SELECT * FROM `admin` WHERE `student_number` = 142011042 LIMIT 1   [ RunTime:0.0002s ]
SQL: SELECT a.task_id,b.state,b.time,b.user_id,b.id,c.mobile,c.content,c.computer_type,c.service_type,d.name
		FROM admin_to_order as a,order_list as b,order_detail as c,user as d
		where a.admin_id=1 and a.order_id=b.id and a.order_id=c.id and b.user_id=d.id 
		order by a.task_id desc [ RunTime:0.0004s ]
INFO: [ view_parse ] --START--
INFO: [ template_filter ] --START--
INFO: Run Behavior\ContentReplaceBehavior [ RunTime:0.000052s ]
INFO: [ template_filter ] --END-- [ RunTime:0.000082s ]
INFO: Run Behavior\ParseTemplateBehavior [ RunTime:0.005481s ]
INFO: [ view_parse ] --END-- [ RunTime:0.005506s ]
INFO: [ view_filter ] --START--
INFO: Run Behavior\WriteHtmlCacheBehavior [ RunTime:0.000032s ]
INFO: [ view_filter ] --END-- [ RunTime:0.000047s ]
INFO: [ app_end ] --START--
INFO: Run Behavior\ShowPageTraceBehavior [ RunTime:0.000025s ]
INFO: [ app_end ] --END-- [ RunTime:0.000040s ]

[ 2017-06-26T13:56:54+08:00 ] 14.23.185.42 /ACM/repair_system/index.php/BackgroundAdmin/CheckOrder/checkOrderView.html
INFO: [ app_init ] --START--
INFO: Run Behavior\BuildLiteBehavior [ RunTime:0.000009s ]
INFO: [ app_init ] --END-- [ RunTime:0.000060s ]
INFO: [ app_begin ] --START--
INFO: Run Behavior\ReadHtmlCacheBehavior [ RunTime:0.000024s ]
INFO: [ app_begin ] --END-- [ RunTime:0.000051s ]
SQL: SHOW COLUMNS FROM `admin_cookie` [ RunTime:0.0006s ]
SQL: SELECT * FROM `admin_cookie` WHERE `account` = '142011042' LIMIT 1   [ RunTime:0.0003s ]
SQL: SHOW COLUMNS FROM `admin` [ RunTime:0.0003s ]
SQL: SELECT * FROM `admin` WHERE `student_number` = 142011042 LIMIT 1   [ RunTime:0.0002s ]
SQL: SHOW COLUMNS FROM `order_list` [ RunTime:0.0003s ]
SQL: SELECT * FROM `order_list` ORDER BY id desc  [ RunTime:0.0003s ]
SQL: SHOW COLUMNS FROM `order_detail` [ RunTime:0.0003s ]
SQL: SELECT * FROM `order_detail` ORDER BY id desc  [ RunTime:0.0005s ]
INFO: [ view_parse ] --START--
INFO: [ template_filter ] --START--
INFO: Run Behavior\ContentReplaceBehavior [ RunTime:0.000036s ]
INFO: [ template_filter ] --END-- [ RunTime:0.000060s ]
NOTIC: [8] Undefined index: admin /var/www/html/ACM/repair_system/Application/Runtime/Cache/BackgroundAdmin/6b37729e800be5ebfe66855e9a4cb110.php 第 54 行.
NOTIC: [8] Undefined index: admin /var/www/html/ACM/repair_system/Application/Runtime/Cache/BackgroundAdmin/6b37729e800be5ebfe66855e9a4cb110.php 第 54 行.
NOTIC: [8] Undefined index: admin /var/www/html/ACM/repair_system/Application/Runtime/Cache/BackgroundAdmin/6b37729e800be5ebfe66855e9a4cb110.php 第 54 行.
NOTIC: [8] Undefined index: admin /var/www/html/ACM/repair_system/Application/Runtime/Cache/BackgroundAdmin/6b37729e800be5ebfe66855e9a4cb110.php 第 54 行.
NOTIC: [8] Undefined index: admin /var/www/html/ACM/repair_system/Application/Runtime/Cache/BackgroundAdmin/6b37729e800be5ebfe66855e9a4cb110.php 第 54 行.
NOTIC: [8] Undefined index: admin /var/www/html/ACM/repair_system/Application/Runtime/Cache/BackgroundAdmin/6b37729e800be5ebfe66855e9a4cb110.php 第 54 行.
NOTIC: [8] Undefined index: admin /var/www/html/ACM/repair_system/Application/Runtime/Cache/BackgroundAdmin/6b37729e800be5ebfe66855e9a4cb110.php 第 54 行.
NOTIC: [8] Undefined index: admin /var/www/html/ACM/repair_system/Application/Runtime/Cache/BackgroundAdmin/6b37729e800be5ebfe66855e9a4cb110.php 第 54 行.
NOTIC: [8] Undefined index: admin /var/www/html/ACM/repair_system/Application/Runtime/Cache/BackgroundAdmin/6b37729e800be5ebfe66855e9a4cb110.php 第 54 行.
NOTIC: [8] Undefined index: admin /var/www/html/ACM/repair_system/Application/Runtime/Cache/BackgroundAdmin/6b37729e800be5ebfe66855e9a4cb110.php 第 54 行.
NOTIC: [8] Undefined index: admin /var/www/html/ACM/repair_system/Application/Runtime/Cache/BackgroundAdmin/6b37729e800be5ebfe66855e9a4cb110.php 第 54 行.
NOTIC: [8] Undefined index: admin /var/www/html/ACM/repair_system/Application/Runtime/Cache/BackgroundAdmin/6b37729e800be5ebfe66855e9a4cb110.php 第 54 行.
NOTIC: [8] Undefined index: admin /var/www/html/ACM/repair_system/Application/Runtime/Cache/BackgroundAdmin/6b37729e800be5ebfe66855e9a4cb110.php 第 54 行.
NOTIC: [8] Undefined index: admin /var/www/html/ACM/repair_system/Application/Runtime/Cache/BackgroundAdmin/6b37729e800be5ebfe66855e9a4cb110.php 第 54 行.
NOTIC: [8] Undefined index: admin /var/www/html/ACM/repair_system/Application/Runtime/Cache/BackgroundAdmin/6b37729e800be5ebfe66855e9a4cb110.php 第 54 行.
NOTIC: [8] Undefined index: admin /var/www/html/ACM/repair_system/Application/Runtime/Cache/BackgroundAdmin/6b37729e800be5ebfe66855e9a4cb110.php 第 54 行.
NOTIC: [8] Undefined index: admin /var/www/html/ACM/repair_system/Application/Runtime/Cache/BackgroundAdmin/6b37729e800be5ebfe66855e9a4cb110.php 第 54 行.
NOTIC: [8] Undefined index: admin /var/www/html/ACM/repair_system/Application/Runtime/Cache/BackgroundAdmin/6b37729e800be5ebfe66855e9a4cb110.php 第 54 行.
NOTIC: [8] Undefined index: admin /var/www/html/ACM/repair_system/Application/Runtime/Cache/BackgroundAdmin/6b37729e800be5ebfe66855e9a4cb110.php 第 54 行.
NOTIC: [8] Undefined index: admin /var/www/html/ACM/repair_system/Application/Runtime/Cache/BackgroundAdmin/6b37729e800be5ebfe66855e9a4cb110.php 第 54 行.
NOTIC: [8] Undefined index: admin /var/www/html/ACM/repair_system/Application/Runtime/Cache/BackgroundAdmin/6b37729e800be5ebfe66855e9a4cb110.php 第 54 行.
NOTIC: [8] Undefined index: admin /var/www/html/ACM/repair_system/Application/Runtime/Cache/BackgroundAdmin/6b37729e800be5ebfe66855e9a4cb110.php 第 54 行.
NOTIC: [8] Undefined index: admin /var/www/html/ACM/repair_system/Application/Runtime/Cache/BackgroundAdmin/6b37729e800be5ebfe66855e9a4cb110.php 第 54 行.
NOTIC: [8] Undefined index: admin /var/www/html/ACM/repair_system/Application/Runtime/Cache/BackgroundAdmin/6b37729e800be5ebfe66855e9a4cb110.php 第 54 行.
NOTIC: [8] Undefined index: admin /var/www/html/ACM/repair_system/Application/Runtime/Cache/BackgroundAdmin/6b37729e800be5ebfe66855e9a4cb110.php 第 54 行.
NOTIC: [8] Undefined index: admin /var/www/html/ACM/repair_system/Application/Runtime/Cache/BackgroundAdmin/6b37729e800be5ebfe66855e9a4cb110.php 第 54 行.
NOTIC: [8] Undefined index: admin /var/www/html/ACM/repair_system/Application/Runtime/Cache/BackgroundAdmin/6b37729e800be5ebfe66855e9a4cb110.php 第 54 行.
NOTIC: [8] Undefined index: admin /var/www/html/ACM/repair_system/Application/Runtime/Cache/BackgroundAdmin/6b37729e800be5ebfe66855e9a4cb110.php 第 54 行.
NOTIC: [8] Undefined index: admin /var/www/html/ACM/repair_system/Application/Runtime/Cache/BackgroundAdmin/6b37729e800be5ebfe66855e9a4cb110.php 第 54 行.
NOTIC: [8] Undefined index: admin /var/www/html/ACM/repair_system/Application/Runtime/Cache/BackgroundAdmin/6b37729e800be5ebfe66855e9a4cb110.php 第 54 行.
NOTIC: [8] Undefined index: admin /var/www/html/ACM/repair_system/Application/Runtime/Cache/BackgroundAdmin/6b37729e800be5ebfe66855e9a4cb110.php 第 54 行.
NOTIC: [8] Undefined index: admin /var/www/html/ACM/repair_system/Application/Runtime/Cache/BackgroundAdmin/6b37729e800be5ebfe66855e9a4cb110.php 第 54 行.
NOTIC: [8] Undefined index: admin /var/www/html/ACM/repair_system/Application/Runtime/Cache/BackgroundAdmin/6b37729e800be5ebfe66855e9a4cb110.php 第 54 行.
NOTIC: [8] Undefined index: admin /var/www/html/ACM/repair_system/Application/Runtime/Cache/BackgroundAdmin/6b37729e800be5ebfe66855e9a4cb110.php 第 54 行.
NOTIC: [8] Undefined index: admin /var/www/html/ACM/repair_system/Application/Runtime/Cache/BackgroundAdmin/6b37729e800be5ebfe66855e9a4cb110.php 第 54 行.
NOTIC: [8] Undefined index: admin /var/www/html/ACM/repair_system/Application/Runtime/Cache/BackgroundAdmin/6b37729e800be5ebfe66855e9a4cb110.php 第 54 行.
NOTIC: [8] Undefined index: admin /var/www/html/ACM/repair_system/Application/Runtime/Cache/BackgroundAdmin/6b37729e800be5ebfe66855e9a4cb110.php 第 54 行.
NOTIC: [8] Undefined index: admin /var/www/html/ACM/repair_system/Application/Runtime/Cache/BackgroundAdmin/6b37729e800be5ebfe66855e9a4cb110.php 第 54 行.
NOTIC: [8] Undefined index: admin /var/www/html/ACM/repair_system/Application/Runtime/Cache/BackgroundAdmin/6b37729e800be5ebfe66855e9a4cb110.php 第 54 行.
NOTIC: [8] Undefined index: admin /var/www/html/ACM/repair_system/Application/Runtime/Cache/BackgroundAdmin/6b37729e800be5ebfe66855e9a4cb110.php 第 54 行.
NOTIC: [8] Undefined index: admin /var/www/html/ACM/repair_system/Application/Runtime/Cache/BackgroundAdmin/6b37729e800be5ebfe66855e9a4cb110.php 第 54 行.
NOTIC: [8] Undefined index: admin /var/www/html/ACM/repair_system/Application/Runtime/Cache/BackgroundAdmin/6b37729e800be5ebfe66855e9a4cb110.php 第 54 行.
NOTIC: [8] Undefined index: admin /var/www/html/ACM/repair_system/Application/Runtime/Cache/BackgroundAdmin/6b37729e800be5ebfe66855e9a4cb110.php 第 54 行.
NOTIC: [8] Undefined index: admin /var/www/html/ACM/repair_system/Application/Runtime/Cache/BackgroundAdmin/6b37729e800be5ebfe66855e9a4cb110.php 第 54 行.
NOTIC: [8] Undefined index: admin /var/www/html/ACM/repair_system/Application/Runtime/Cache/BackgroundAdmin/6b37729e800be5ebfe66855e9a4cb110.php 第 54 行.
NOTIC: [8] Undefined index: admin /var/www/html/ACM/repair_system/Application/Runtime/Cache/BackgroundAdmin/6b37729e800be5ebfe66855e9a4cb110.php 第 54 行.
NOTIC: [8] Undefined index: admin /var/www/html/ACM/repair_system/Application/Runtime/Cache/BackgroundAdmin/6b37729e800be5ebfe66855e9a4cb110.php 第 54 行.
NOTIC: [8] Undefined index: admin /var/www/html/ACM/repair_system/Application/Runtime/Cache/BackgroundAdmin/6b37729e800be5ebfe66855e9a4cb110.php 第 54 行.
NOTIC: [8] Undefined index: admin /var/www/html/ACM/repair_system/Application/Runtime/Cache/BackgroundAdmin/6b37729e800be5ebfe66855e9a4cb110.php 第 54 行.
NOTIC: [8] Undefined index: admin /var/www/html/ACM/repair_system/Application/Runtime/Cache/BackgroundAdmin/6b37729e800be5ebfe66855e9a4cb110.php 第 54 行.
NOTIC: [8] Undefined index: admin /var/www/html/ACM/repair_system/Application/Runtime/Cache/BackgroundAdmin/6b37729e800be5ebfe66855e9a4cb110.php 第 54 行.
NOTIC: [8] Undefined index: admin /var/www/html/ACM/repair_system/Application/Runtime/Cache/BackgroundAdmin/6b37729e800be5ebfe66855e9a4cb110.php 第 54 行.
NOTIC: [8] Undefined index: admin /var/www/html/ACM/repair_system/Application/Runtime/Cache/BackgroundAdmin/6b37729e800be5ebfe66855e9a4cb110.php 第 54 行.
NOTIC: [8] Undefined index: admin /var/www/html/ACM/repair_system/Application/Runtime/Cache/BackgroundAdmin/6b37729e800be5ebfe66855e9a4cb110.php 第 54 行.
NOTIC: [8] Undefined index: admin /var/www/html/ACM/repair_system/Application/Runtime/Cache/BackgroundAdmin/6b37729e800be5ebfe66855e9a4cb110.php 第 54 行.
NOTIC: [8] Undefined index: admin /var/www/html/ACM/repair_system/Application/Runtime/Cache/BackgroundAdmin/6b37729e800be5ebfe66855e9a4cb110.php 第 54 行.
NOTIC: [8] Undefined index: admin /var/www/html/ACM/repair_system/Application/Runtime/Cache/BackgroundAdmin/6b37729e800be5ebfe66855e9a4cb110.php 第 54 行.
NOTIC: [8] Undefined index: admin /var/www/html/ACM/repair_system/Application/Runtime/Cache/BackgroundAdmin/6b37729e800be5ebfe66855e9a4cb110.php 第 54 行.
NOTIC: [8] Undefined index: admin /var/www/html/ACM/repair_system/Application/Runtime/Cache/BackgroundAdmin/6b37729e800be5ebfe66855e9a4cb110.php 第 54 行.
NOTIC: [8] Undefined index: admin /var/www/html/ACM/repair_system/Application/Runtime/Cache/BackgroundAdmin/6b37729e800be5ebfe66855e9a4cb110.php 第 54 行.
NOTIC: [8] Undefined index: admin /var/www/html/ACM/repair_system/Application/Runtime/Cache/BackgroundAdmin/6b37729e800be5ebfe66855e9a4cb110.php 第 54 行.
NOTIC: [8] Undefined index: admin /var/www/html/ACM/repair_system/Application/Runtime/Cache/BackgroundAdmin/6b37729e800be5ebfe66855e9a4cb110.php 第 54 行.
NOTIC: [8] Undefined index: admin /var/www/html/ACM/repair_system/Application/Runtime/Cache/BackgroundAdmin/6b37729e800be5ebfe66855e9a4cb110.php 第 54 行.
NOTIC: [8] Undefined index: admin /var/www/html/ACM/repair_system/Application/Runtime/Cache/BackgroundAdmin/6b37729e800be5ebfe66855e9a4cb110.php 第 54 行.
NOTIC: [8] Undefined index: admin /var/www/html/ACM/repair_system/Application/Runtime/Cache/BackgroundAdmin/6b37729e800be5ebfe66855e9a4cb110.php 第 54 行.
NOTIC: [8] Undefined index: admin /var/www/html/ACM/repair_system/Application/Runtime/Cache/BackgroundAdmin/6b37729e800be5ebfe66855e9a4cb110.php 第 54 行.
NOTIC: [8] Undefined index: admin /var/www/html/ACM/repair_system/Application/Runtime/Cache/BackgroundAdmin/6b37729e800be5ebfe66855e9a4cb110.php 第 54 行.
NOTIC: [8] Undefined index: admin /var/www/html/ACM/repair_system/Application/Runtime/Cache/BackgroundAdmin/6b37729e800be5ebfe66855e9a4cb110.php 第 54 行.
NOTIC: [8] Undefined index: admin /var/www/html/ACM/repair_system/Application/Runtime/Cache/BackgroundAdmin/6b37729e800be5ebfe66855e9a4cb110.php 第 54 行.
NOTIC: [8] Undefined index: admin /var/www/html/ACM/repair_system/Application/Runtime/Cache/BackgroundAdmin/6b37729e800be5ebfe66855e9a4cb110.php 第 54 行.
NOTIC: [8] Undefined index: admin /var/www/html/ACM/repair_system/Application/Runtime/Cache/BackgroundAdmin/6b37729e800be5ebfe66855e9a4cb110.php 第 54 行.
NOTIC: [8] Undefined index: admin /var/www/html/ACM/repair_system/Application/Runtime/Cache/BackgroundAdmin/6b37729e800be5ebfe66855e9a4cb110.php 第 54 行.
NOTIC: [8] Undefined index: admin /var/www/html/ACM/repair_system/Application/Runtime/Cache/BackgroundAdmin/6b37729e800be5ebfe66855e9a4cb110.php 第 54 行.
NOTIC: [8] Undefined index: admin /var/www/html/ACM/repair_system/Application/Runtime/Cache/BackgroundAdmin/6b37729e800be5ebfe66855e9a4cb110.php 第 54 行.
NOTIC: [8] Undefined index: admin /var/www/html/ACM/repair_system/Application/Runtime/Cache/BackgroundAdmin/6b37729e800be5ebfe66855e9a4cb110.php 第 54 行.
NOTIC: [8] Undefined index: admin /var/www/html/ACM/repair_system/Application/Runtime/Cache/BackgroundAdmin/6b37729e800be5ebfe66855e9a4cb110.php 第 54 行.
NOTIC: [8] Undefined index: admin /var/www/html/ACM/repair_system/Application/Runtime/Cache/BackgroundAdmin/6b37729e800be5ebfe66855e9a4cb110.php 第 54 行.
NOTIC: [8] Undefined index: admin /var/www/html/ACM/repair_system/Application/Runtime/Cache/BackgroundAdmin/6b37729e800be5ebfe66855e9a4cb110.php 第 54 行.
NOTIC: [8] Undefined index: admin /var/www/html/ACM/repair_system/Application/Runtime/Cache/BackgroundAdmin/6b37729e800be5ebfe66855e9a4cb110.php 第 54 行.
NOTIC: [8] Undefined index: admin /var/www/html/ACM/repair_system/Application/Runtime/Cache/BackgroundAdmin/6b37729e800be5ebfe66855e9a4cb110.php 第 54 行.
NOTIC: [8] Undefined index: admin /var/www/html/ACM/repair_system/Application/Runtime/Cache/BackgroundAdmin/6b37729e800be5ebfe66855e9a4cb110.php 第 54 行.
NOTIC: [8] Undefined index: admin /var/www/html/ACM/repair_system/Application/Runtime/Cache/BackgroundAdmin/6b37729e800be5ebfe66855e9a4cb110.php 第 54 行.
NOTIC: [8] Undefined index: admin /var/www/html/ACM/repair_system/Application/Runtime/Cache/BackgroundAdmin/6b37729e800be5ebfe66855e9a4cb110.php 第 54 行.
NOTIC: [8] Undefined index: admin /var/www/html/ACM/repair_system/Application/Runtime/Cache/BackgroundAdmin/6b37729e800be5ebfe66855e9a4cb110.php 第 54 行.
NOTIC: [8] Undefined index: admin /var/www/html/ACM/repair_system/Application/Runtime/Cache/BackgroundAdmin/6b37729e800be5ebfe66855e9a4cb110.php 第 54 行.
NOTIC: [8] Undefined index: admin /var/www/html/ACM/repair_system/Application/Runtime/Cache/BackgroundAdmin/6b37729e800be5ebfe66855e9a4cb110.php 第 54 行.
NOTIC: [8] Undefined index: admin /var/www/html/ACM/repair_system/Application/Runtime/Cache/BackgroundAdmin/6b37729e800be5ebfe66855e9a4cb110.php 第 54 行.
NOTIC: [8] Undefined index: admin /var/www/html/ACM/repair_system/Application/Runtime/Cache/BackgroundAdmin/6b37729e800be5ebfe66855e9a4cb110.php 第 54 行.
NOTIC: [8] Undefined index: admin /var/www/html/ACM/repair_system/Application/Runtime/Cache/BackgroundAdmin/6b37729e800be5ebfe66855e9a4cb110.php 第 54 行.
NOTIC: [8] Undefined index: admin /var/www/html/ACM/repair_system/Application/Runtime/Cache/BackgroundAdmin/6b37729e800be5ebfe66855e9a4cb110.php 第 54 行.
NOTIC: [8] Undefined index: admin /var/www/html/ACM/repair_system/Application/Runtime/Cache/BackgroundAdmin/6b37729e800be5ebfe66855e9a4cb110.php 第 54 行.
NOTIC: [8] Undefined index: admin /var/www/html/ACM/repair_system/Application/Runtime/Cache/BackgroundAdmin/6b37729e800be5ebfe66855e9a4cb110.php 第 54 行.
NOTIC: [8] Undefined index: admin /var/www/html/ACM/repair_system/Application/Runtime/Cache/BackgroundAdmin/6b37729e800be5ebfe66855e9a4cb110.php 第 54 行.
NOTIC: [8] Undefined index: admin /var/www/html/ACM/repair_system/Application/Runtime/Cache/BackgroundAdmin/6b37729e800be5ebfe66855e9a4cb110.php 第 54 行.
NOTIC: [8] Undefined index: admin /var/www/html/ACM/repair_system/Application/Runtime/Cache/BackgroundAdmin/6b37729e800be5ebfe66855e9a4cb110.php 第 54 行.
NOTIC: [8] Undefined index: admin /var/www/html/ACM/repair_system/Application/Runtime/Cache/BackgroundAdmin/6b37729e800be5ebfe66855e9a4cb110.php 第 54 行.
NOTIC: [8] Undefined index: admin /var/www/html/ACM/repair_system/Application/Runtime/Cache/BackgroundAdmin/6b37729e800be5ebfe66855e9a4cb110.php 第 54 行.
NOTIC: [8] Undefined index: admin /var/www/html/ACM/repair_system/Application/Runtime/Cache/BackgroundAdmin/6b37729e800be5ebfe66855e9a4cb110.php 第 54 行.
NOTIC: [8] Undefined index: admin /var/www/html/ACM/repair_system/Application/Runtime/Cache/BackgroundAdmin/6b37729e800be5ebfe66855e9a4cb110.php 第 54 行.
NOTIC: [8] Undefined index: admin /var/www/html/ACM/repair_system/Application/Runtime/Cache/BackgroundAdmin/6b37729e800be5ebfe66855e9a4cb110.php 第 54 行.
NOTIC: [8] Undefined index: admin /var/www/html/ACM/repair_system/Application/Runtime/Cache/BackgroundAdmin/6b37729e800be5ebfe66855e9a4cb110.php 第 54 行.
NOTIC: [8] Undefined index: admin /var/www/html/ACM/repair_system/Application/Runtime/Cache/BackgroundAdmin/6b37729e800be5ebfe66855e9a4cb110.php 第 54 行.
NOTIC: [8] Undefined index: admin /var/www/html/ACM/repair_system/Application/Runtime/Cache/BackgroundAdmin/6b37729e800be5ebfe66855e9a4cb110.php 第 54 行.
NOTIC: [8] Undefined index: admin /var/www/html/ACM/repair_system/Application/Runtime/Cache/BackgroundAdmin/6b37729e800be5ebfe66855e9a4cb110.php 第 54 行.
NOTIC: [8] Undefined index: admin /var/www/html/ACM/repair_system/Application/Runtime/Cache/BackgroundAdmin/6b37729e800be5ebfe66855e9a4cb110.php 第 54 行.
NOTIC: [8] Undefined index: admin /var/www/html/ACM/repair_system/Application/Runtime/Cache/BackgroundAdmin/6b37729e800be5ebfe66855e9a4cb110.php 第 54 行.
NOTIC: [8] Undefined index: admin /var/www/html/ACM/repair_system/Application/Runtime/Cache/BackgroundAdmin/6b37729e800be5ebfe66855e9a4cb110.php 第 54 行.
NOTIC: [8] Undefined index: admin /var/www/html/ACM/repair_system/Application/Runtime/Cache/BackgroundAdmin/6b37729e800be5ebfe66855e9a4cb110.php 第 54 行.
NOTIC: [8] Undefined index: admin /var/www/html/ACM/repair_system/Application/Runtime/Cache/BackgroundAdmin/6b37729e800be5ebfe66855e9a4cb110.php 第 54 行.
NOTIC: [8] Undefined index: admin /var/www/html/ACM/repair_system/Application/Runtime/Cache/BackgroundAdmin/6b37729e800be5ebfe66855e9a4cb110.php 第 54 行.
NOTIC: [8] Undefined index: admin /var/www/html/ACM/repair_system/Application/Runtime/Cache/BackgroundAdmin/6b37729e800be5ebfe66855e9a4cb110.php 第 54 行.
NOTIC: [8] Undefined index: admin /var/www/html/ACM/repair_system/Application/Runtime/Cache/BackgroundAdmin/6b37729e800be5ebfe66855e9a4cb110.php 第 54 行.
NOTIC: [8] Undefined index: admin /var/www/html/ACM/repair_system/Application/Runtime/Cache/BackgroundAdmin/6b37729e800be5ebfe66855e9a4cb110.php 第 54 行.
NOTIC: [8] Undefined index: admin /var/www/html/ACM/repair_system/Application/Runtime/Cache/BackgroundAdmin/6b37729e800be5ebfe66855e9a4cb110.php 第 54 行.
NOTIC: [8] Undefined index: admin /var/www/html/ACM/repair_system/Application/Runtime/Cache/BackgroundAdmin/6b37729e800be5ebfe66855e9a4cb110.php 第 54 行.
NOTIC: [8] Undefined index: admin /var/www/html/ACM/repair_system/Application/Runtime/Cache/BackgroundAdmin/6b37729e800be5ebfe66855e9a4cb110.php 第 54 行.
NOTIC: [8] Undefined index: admin /var/www/html/ACM/repair_system/Application/Runtime/Cache/BackgroundAdmin/6b37729e800be5ebfe66855e9a4cb110.php 第 54 行.
NOTIC: [8] Undefined index: admin /var/www/html/ACM/repair_system/Application/Runtime/Cache/BackgroundAdmin/6b37729e800be5ebfe66855e9a4cb110.php 第 54 行.
NOTIC: [8] Undefined index: admin /var/www/html/ACM/repair_system/Application/Runtime/Cache/BackgroundAdmin/6b37729e800be5ebfe66855e9a4cb110.php 第 54 行.
NOTIC: [8] Undefined index: admin /var/www/html/ACM/repair_system/Application/Runtime/Cache/BackgroundAdmin/6b37729e800be5ebfe66855e9a4cb110.php 第 54 行.
NOTIC: [8] Undefined index: admin /var/www/html/ACM/repair_system/Application/Runtime/Cache/BackgroundAdmin/6b37729e800be5ebfe66855e9a4cb110.php 第 54 行.
NOTIC: [8] Undefined index: admin /var/www/html/ACM/repair_system/Application/Runtime/Cache/BackgroundAdmin/6b37729e800be5ebfe66855e9a4cb110.php 第 54 行.
NOTIC: [8] Undefined index: admin /var/www/html/ACM/repair_system/Application/Runtime/Cache/BackgroundAdmin/6b37729e800be5ebfe66855e9a4cb110.php 第 54 行.
NOTIC: [8] Undefined index: admin /var/www/html/ACM/repair_system/Application/Runtime/Cache/BackgroundAdmin/6b37729e800be5ebfe66855e9a4cb110.php 第 54 行.
INFO: Run Behavior\ParseTemplateBehavior [ RunTime:0.006484s ]
INFO: [ view_parse ] --END-- [ RunTime:0.006505s ]
INFO: [ view_filter ] --START--
INFO: Run Behavior\WriteHtmlCacheBehavior [ RunTime:0.000029s ]
INFO: [ view_filter ] --END-- [ RunTime:0.000045s ]
INFO: [ app_end ] --START--
INFO: Run Behavior\ShowPageTraceBehavior [ RunTime:0.000024s ]
INFO: [ app_end ] --END-- [ RunTime:0.000046s ]

[ 2017-06-26T13:57:05+08:00 ] 14.23.185.42 /ACM/repair_system/index.php/BackgroundAdmin/CheckOrder/listOption/id/123.html
INFO: [ app_init ] --START--
INFO: Run Behavior\BuildLiteBehavior [ RunTime:0.000010s ]
INFO: [ app_init ] --END-- [ RunTime:0.000067s ]
INFO: [ app_begin ] --START--
INFO: Run Behavior\ReadHtmlCacheBehavior [ RunTime:0.000027s ]
INFO: [ app_begin ] --END-- [ RunTime:0.000048s ]
SQL: SHOW COLUMNS FROM `admin_cookie` [ RunTime:0.0006s ]
SQL: SELECT * FROM `admin_cookie` WHERE `account` = '142011042' LIMIT 1   [ RunTime:0.0002s ]
SQL: SHOW COLUMNS FROM `admin` [ RunTime:0.0004s ]
SQL: SELECT * FROM `admin` WHERE `student_number` = 142011042 LIMIT 1   [ RunTime:0.0002s ]
SQL: SHOW COLUMNS FROM `order_list` [ RunTime:0.0003s ]
SQL: SELECT * FROM `order_list` WHERE `id` = 123 LIMIT 1   [ RunTime:0.0002s ]
SQL: SHOW COLUMNS FROM `order_detail` [ RunTime:0.0003s ]
SQL: SELECT * FROM `order_detail` WHERE `id` = 123 LIMIT 1   [ RunTime:0.0002s ]
SQL: SHOW COLUMNS FROM `admin_to_order` [ RunTime:0.0003s ]
SQL: SELECT * FROM `admin_to_order` WHERE `order_id` = 123 LIMIT 1   [ RunTime:0.0003s ]
SQL: SELECT * FROM `admin` WHERE `id` = 19 LIMIT 1   [ RunTime:0.0002s ]
SQL: SHOW COLUMNS FROM `user` [ RunTime:0.0005s ]
SQL: SELECT * FROM `user` WHERE `mobile` = '13418050803' LIMIT 1   [ RunTime:0.0002s ]
INFO: [ view_parse ] --START--
INFO: [ template_filter ] --START--
INFO: Run Behavior\ContentReplaceBehavior [ RunTime:0.000050s ]
INFO: [ template_filter ] --END-- [ RunTime:0.000090s ]
INFO: Run Behavior\ParseTemplateBehavior [ RunTime:0.004455s ]
INFO: [ view_parse ] --END-- [ RunTime:0.004517s ]
INFO: [ view_filter ] --START--
INFO: Run Behavior\WriteHtmlCacheBehavior [ RunTime:0.000059s ]
INFO: [ view_filter ] --END-- [ RunTime:0.000087s ]
INFO: [ app_end ] --START--
INFO: Run Behavior\ShowPageTraceBehavior [ RunTime:0.000039s ]
INFO: [ app_end ] --END-- [ RunTime:0.000114s ]

