[ 2017-11-17T03:28:13+08:00 ] 127.0.0.1 /repair_system/BackgroundAdmin
INFO: [ app_init ] --START--
INFO: Run Behavior\BuildLiteBehavior [ RunTime:0.000020s ]
INFO: [ app_init ] --END-- [ RunTime:0.000493s ]
INFO: [ app_begin ] --START--
INFO: Run Behavior\ReadHtmlCacheBehavior [ RunTime:0.000765s ]
INFO: [ app_begin ] --END-- [ RunTime:0.000852s ]
SQL: SHOW COLUMNS FROM `admin` [ RunTime:0.0029s ]
SQL: SELECT * FROM `admin` WHERE `student_number` = null LIMIT 1   [ RunTime:0.0003s ]
INFO: [ view_parse ] --START--
INFO: [ template_filter ] --START--
INFO: Run Behavior\ContentReplaceBehavior [ RunTime:0.000134s ]
INFO: [ template_filter ] --END-- [ RunTime:0.000207s ]
INFO: Run Behavior\ParseTemplateBehavior [ RunTime:0.027219s ]
INFO: [ view_parse ] --END-- [ RunTime:0.027300s ]
INFO: [ view_filter ] --START--
INFO: Run Behavior\WriteHtmlCacheBehavior [ RunTime:0.000355s ]
INFO: [ view_filter ] --END-- [ RunTime:0.000414s ]
INFO: [ app_end ] --START--
INFO: Run Behavior\ShowPageTraceBehavior [ RunTime:0.000911s ]
INFO: [ app_end ] --END-- [ RunTime:0.000981s ]

[ 2017-11-17T03:28:15+08:00 ] 127.0.0.1 /repair_system/BackgroundAdmin/Index/welcome.html
INFO: [ app_init ] --START--
INFO: Run Behavior\BuildLiteBehavior [ RunTime:0.000020s ]
INFO: [ app_init ] --END-- [ RunTime:0.000494s ]
INFO: [ app_begin ] --START--
INFO: Run Behavior\ReadHtmlCacheBehavior [ RunTime:0.000620s ]
INFO: [ app_begin ] --END-- [ RunTime:0.000702s ]
INFO: [ view_parse ] --START--
INFO: [ template_filter ] --START--
INFO: Run Behavior\ContentReplaceBehavior [ RunTime:0.000059s ]
INFO: [ template_filter ] --END-- [ RunTime:0.000133s ]
INFO: Run Behavior\ParseTemplateBehavior [ RunTime:0.006945s ]
INFO: [ view_parse ] --END-- [ RunTime:0.007023s ]
INFO: [ view_filter ] --START--
INFO: Run Behavior\WriteHtmlCacheBehavior [ RunTime:0.000274s ]
INFO: [ view_filter ] --END-- [ RunTime:0.000331s ]
INFO: [ app_end ] --START--
INFO: Run Behavior\ShowPageTraceBehavior [ RunTime:0.000606s ]
INFO: [ app_end ] --END-- [ RunTime:0.000672s ]

[ 2017-11-17T03:28:15+08:00 ] 127.0.0.1 /repair_system/BackgroundAdmin/Index/welcome.html
INFO: [ app_init ] --START--
INFO: Run Behavior\BuildLiteBehavior [ RunTime:0.000020s ]
INFO: [ app_init ] --END-- [ RunTime:0.000488s ]
INFO: [ app_begin ] --START--
INFO: Run Behavior\ReadHtmlCacheBehavior [ RunTime:0.000728s ]
INFO: [ app_begin ] --END-- [ RunTime:0.000815s ]
INFO: [ view_parse ] --START--
INFO: [ template_filter ] --START--
INFO: Run Behavior\ContentReplaceBehavior [ RunTime:0.000063s ]
INFO: [ template_filter ] --END-- [ RunTime:0.000149s ]
INFO: Run Behavior\ParseTemplateBehavior [ RunTime:0.007027s ]
INFO: [ view_parse ] --END-- [ RunTime:0.007107s ]
INFO: [ view_filter ] --START--
INFO: Run Behavior\WriteHtmlCacheBehavior [ RunTime:0.000278s ]
INFO: [ view_filter ] --END-- [ RunTime:0.000333s ]
INFO: [ app_end ] --START--
INFO: Run Behavior\ShowPageTraceBehavior [ RunTime:0.000620s ]
INFO: [ app_end ] --END-- [ RunTime:0.000682s ]

[ 2017-11-17T03:28:16+08:00 ] 127.0.0.1 /repair_system/backgroundAdmin/User/login.html
INFO: [ app_init ] --START--
INFO: Run Behavior\BuildLiteBehavior [ RunTime:0.000021s ]
INFO: [ app_init ] --END-- [ RunTime:0.000499s ]
INFO: [ app_begin ] --START--
INFO: Run Behavior\ReadHtmlCacheBehavior [ RunTime:0.000649s ]
INFO: [ app_begin ] --END-- [ RunTime:0.000730s ]
INFO: [ view_parse ] --START--
INFO: [ template_filter ] --START--
INFO: Run Behavior\ContentReplaceBehavior [ RunTime:0.000073s ]
INFO: [ template_filter ] --END-- [ RunTime:0.000149s ]
INFO: Run Behavior\ParseTemplateBehavior [ RunTime:0.007018s ]
INFO: [ view_parse ] --END-- [ RunTime:0.007096s ]
INFO: [ view_filter ] --START--
INFO: Run Behavior\WriteHtmlCacheBehavior [ RunTime:0.000272s ]
INFO: [ view_filter ] --END-- [ RunTime:0.000331s ]
INFO: [ app_end ] --START--
INFO: Run Behavior\ShowPageTraceBehavior [ RunTime:0.000629s ]
INFO: [ app_end ] --END-- [ RunTime:0.000688s ]

[ 2017-11-17T03:28:32+08:00 ] 127.0.0.1 /repair_system/backgroundAdmin/User/loginAjax.html
INFO: [ app_init ] --START--
INFO: Run Behavior\BuildLiteBehavior [ RunTime:0.000022s ]
INFO: [ app_init ] --END-- [ RunTime:0.000514s ]
INFO: [ app_begin ] --START--
INFO: Run Behavior\ReadHtmlCacheBehavior [ RunTime:0.000631s ]
INFO: [ app_begin ] --END-- [ RunTime:0.000709s ]
SQL: SHOW COLUMNS FROM `admin_password` [ RunTime:0.0083s ]
SQL: SELECT * FROM `admin_password` WHERE `account` = '162011417' LIMIT 1   [ RunTime:0.0004s ]

[ 2017-11-17T03:28:45+08:00 ] 127.0.0.1 /repair_system/backgroundAdmin/User/loginAjax.html
INFO: [ app_init ] --START--
INFO: Run Behavior\BuildLiteBehavior [ RunTime:0.000022s ]
INFO: [ app_init ] --END-- [ RunTime:0.000506s ]
INFO: [ app_begin ] --START--
INFO: Run Behavior\ReadHtmlCacheBehavior [ RunTime:0.000618s ]
INFO: [ app_begin ] --END-- [ RunTime:0.000698s ]
SQL: SHOW COLUMNS FROM `admin_password` [ RunTime:0.0026s ]
SQL: SELECT * FROM `admin_password` WHERE `account` = '162011417' LIMIT 1   [ RunTime:0.0003s ]
SQL: SHOW COLUMNS FROM `admin_cookie` [ RunTime:0.0026s ]
SQL: UPDATE `admin_cookie` SET `cookie`='94c7651e3a1e91a36a896bbab1088366' WHERE `account` = '162011417' [ RunTime:0.0004s ]

[ 2017-11-17T03:28:47+08:00 ] 127.0.0.1 /repair_system/BackgroundAdmin
INFO: [ app_init ] --START--
INFO: Run Behavior\BuildLiteBehavior [ RunTime:0.000021s ]
INFO: [ app_init ] --END-- [ RunTime:0.000493s ]
INFO: [ app_begin ] --START--
INFO: Run Behavior\ReadHtmlCacheBehavior [ RunTime:0.000614s ]
INFO: [ app_begin ] --END-- [ RunTime:0.000695s ]
SQL: SHOW COLUMNS FROM `admin` [ RunTime:0.0027s ]
SQL: SELECT * FROM `admin` WHERE `student_number` = 162011417 LIMIT 1   [ RunTime:0.0004s ]
INFO: [ view_parse ] --START--
INFO: [ template_filter ] --START--
INFO: Run Behavior\ContentReplaceBehavior [ RunTime:0.000117s ]
INFO: [ template_filter ] --END-- [ RunTime:0.000195s ]
INFO: Run Behavior\ParseTemplateBehavior [ RunTime:0.015813s ]
INFO: [ view_parse ] --END-- [ RunTime:0.015896s ]
INFO: [ view_filter ] --START--
INFO: Run Behavior\WriteHtmlCacheBehavior [ RunTime:0.000286s ]
INFO: [ view_filter ] --END-- [ RunTime:0.000342s ]
INFO: [ app_end ] --START--
INFO: Run Behavior\ShowPageTraceBehavior [ RunTime:0.000629s ]
INFO: [ app_end ] --END-- [ RunTime:0.000697s ]

[ 2017-11-17T03:28:48+08:00 ] 127.0.0.1 /repair_system/BackgroundAdmin/Index/welcome.html
INFO: [ app_init ] --START--
INFO: Run Behavior\BuildLiteBehavior [ RunTime:0.000024s ]
INFO: [ app_init ] --END-- [ RunTime:0.000519s ]
INFO: [ app_begin ] --START--
INFO: Run Behavior\ReadHtmlCacheBehavior [ RunTime:0.000636s ]
INFO: [ app_begin ] --END-- [ RunTime:0.000716s ]
INFO: [ view_parse ] --START--
INFO: [ template_filter ] --START--
INFO: Run Behavior\ContentReplaceBehavior [ RunTime:0.000064s ]
INFO: [ template_filter ] --END-- [ RunTime:0.000155s ]
INFO: Run Behavior\ParseTemplateBehavior [ RunTime:0.012889s ]
INFO: [ view_parse ] --END-- [ RunTime:0.012968s ]
INFO: [ view_filter ] --START--
INFO: Run Behavior\WriteHtmlCacheBehavior [ RunTime:0.000300s ]
INFO: [ view_filter ] --END-- [ RunTime:0.000356s ]
INFO: [ app_end ] --START--
INFO: Run Behavior\ShowPageTraceBehavior [ RunTime:0.000647s ]
INFO: [ app_end ] --END-- [ RunTime:0.000712s ]

[ 2017-11-17T03:28:50+08:00 ] 127.0.0.1 /repair_system/BackgroundAdmin/User/addAdmin.html
INFO: [ app_init ] --START--
INFO: Run Behavior\BuildLiteBehavior [ RunTime:0.000021s ]
INFO: [ app_init ] --END-- [ RunTime:0.000504s ]
INFO: [ app_begin ] --START--
INFO: Run Behavior\ReadHtmlCacheBehavior [ RunTime:0.000607s ]
INFO: [ app_begin ] --END-- [ RunTime:0.000688s ]
SQL: SHOW COLUMNS FROM `admin_cookie` [ RunTime:0.0025s ]
SQL: SELECT * FROM `admin_cookie` WHERE `account` = '162011417' LIMIT 1   [ RunTime:0.0004s ]
SQL: SHOW COLUMNS FROM `admin` [ RunTime:0.0027s ]
SQL: SELECT * FROM `admin` WHERE `student_number` = 162011417 LIMIT 1   [ RunTime:0.0003s ]
INFO: [ view_parse ] --START--
INFO: [ template_filter ] --START--
INFO: Run Behavior\ContentReplaceBehavior [ RunTime:0.000082s ]
INFO: [ template_filter ] --END-- [ RunTime:0.000158s ]
INFO: Run Behavior\ParseTemplateBehavior [ RunTime:0.007640s ]
INFO: [ view_parse ] --END-- [ RunTime:0.007710s ]
INFO: [ view_filter ] --START--
INFO: Run Behavior\WriteHtmlCacheBehavior [ RunTime:0.000295s ]
INFO: [ view_filter ] --END-- [ RunTime:0.000354s ]
INFO: [ app_end ] --START--
INFO: Run Behavior\ShowPageTraceBehavior [ RunTime:0.000617s ]
INFO: [ app_end ] --END-- [ RunTime:0.000685s ]

[ 2017-11-17T03:28:54+08:00 ] 127.0.0.1 /repair_system/BackgroundAdmin/OrderDistribute/orderDistributeView.html
INFO: [ app_init ] --START--
INFO: Run Behavior\BuildLiteBehavior [ RunTime:0.000022s ]
INFO: [ app_init ] --END-- [ RunTime:0.000499s ]
INFO: [ app_begin ] --START--
INFO: Run Behavior\ReadHtmlCacheBehavior [ RunTime:0.000616s ]
INFO: [ app_begin ] --END-- [ RunTime:0.000696s ]
SQL: SHOW COLUMNS FROM `admin_cookie` [ RunTime:0.0024s ]
SQL: SELECT * FROM `admin_cookie` WHERE `account` = '162011417' LIMIT 1   [ RunTime:0.0003s ]
SQL: SHOW COLUMNS FROM `admin` [ RunTime:0.0024s ]
SQL: SELECT * FROM `admin` WHERE `student_number` = 162011417 LIMIT 1   [ RunTime:0.0003s ]
SQL: SHOW COLUMNS FROM `order_list` [ RunTime:0.0027s ]
SQL: SELECT * FROM `order_list` WHERE `state` = 0  [ RunTime:0.0004s ]
SQL: SHOW COLUMNS FROM `order_detail` [ RunTime:0.0027s ]
SQL: SELECT * FROM `order_detail`  [ RunTime:0.0010s ]
SQL: SELECT * FROM `admin` WHERE ( auth < 5 and auth >0 )  [ RunTime:0.0003s ]
INFO: [ view_parse ] --START--
INFO: [ template_filter ] --START--
INFO: Run Behavior\ContentReplaceBehavior [ RunTime:0.000090s ]
INFO: [ template_filter ] --END-- [ RunTime:0.000172s ]
INFO: Run Behavior\ParseTemplateBehavior [ RunTime:0.011937s ]
INFO: [ view_parse ] --END-- [ RunTime:0.012019s ]
INFO: [ view_filter ] --START--
INFO: Run Behavior\WriteHtmlCacheBehavior [ RunTime:0.000286s ]
INFO: [ view_filter ] --END-- [ RunTime:0.000344s ]
INFO: [ app_end ] --START--
INFO: Run Behavior\ShowPageTraceBehavior [ RunTime:0.000649s ]
INFO: [ app_end ] --END-- [ RunTime:0.000715s ]

[ 2017-11-17T03:29:12+08:00 ] 127.0.0.1 /repair_system/BackgroundAdmin/OrderOption/orderOptionView.html
INFO: [ app_init ] --START--
INFO: Run Behavior\BuildLiteBehavior [ RunTime:0.000021s ]
INFO: [ app_init ] --END-- [ RunTime:0.000496s ]
INFO: [ app_begin ] --START--
INFO: Run Behavior\ReadHtmlCacheBehavior [ RunTime:0.000604s ]
INFO: [ app_begin ] --END-- [ RunTime:0.000688s ]
SQL: SHOW COLUMNS FROM `service_types` [ RunTime:0.0026s ]
SQL: SELECT * FROM `service_types`  [ RunTime:0.0003s ]
INFO: [ view_parse ] --START--
INFO: [ template_filter ] --START--
INFO: Run Behavior\ContentReplaceBehavior [ RunTime:0.000081s ]
INFO: [ template_filter ] --END-- [ RunTime:0.000156s ]
INFO: Run Behavior\ParseTemplateBehavior [ RunTime:0.009021s ]
INFO: [ view_parse ] --END-- [ RunTime:0.009099s ]
INFO: [ view_filter ] --START--
INFO: Run Behavior\WriteHtmlCacheBehavior [ RunTime:0.000287s ]
INFO: [ view_filter ] --END-- [ RunTime:0.000346s ]
INFO: [ app_end ] --START--
INFO: Run Behavior\ShowPageTraceBehavior [ RunTime:0.000630s ]
INFO: [ app_end ] --END-- [ RunTime:0.000698s ]

[ 2017-11-17T03:29:15+08:00 ] 127.0.0.1 /repair_system/BackgroundAdmin/OrderDistribute/orderDistributeView.html
INFO: [ app_init ] --START--
INFO: Run Behavior\BuildLiteBehavior [ RunTime:0.000021s ]
INFO: [ app_init ] --END-- [ RunTime:0.000499s ]
INFO: [ app_begin ] --START--
INFO: Run Behavior\ReadHtmlCacheBehavior [ RunTime:0.000610s ]
INFO: [ app_begin ] --END-- [ RunTime:0.000692s ]
SQL: SHOW COLUMNS FROM `admin_cookie` [ RunTime:0.0024s ]
SQL: SELECT * FROM `admin_cookie` WHERE `account` = '162011417' LIMIT 1   [ RunTime:0.0003s ]
SQL: SHOW COLUMNS FROM `admin` [ RunTime:0.0024s ]
SQL: SELECT * FROM `admin` WHERE `student_number` = 162011417 LIMIT 1   [ RunTime:0.0003s ]
SQL: SHOW COLUMNS FROM `order_list` [ RunTime:0.0023s ]
SQL: SELECT * FROM `order_list` WHERE `state` = 0  [ RunTime:0.0003s ]
SQL: SHOW COLUMNS FROM `order_detail` [ RunTime:0.0024s ]
SQL: SELECT * FROM `order_detail`  [ RunTime:0.0010s ]
SQL: SELECT * FROM `admin` WHERE ( auth < 5 and auth >0 )  [ RunTime:0.0003s ]
INFO: [ view_parse ] --START--
INFO: [ template_filter ] --START--
INFO: Run Behavior\ContentReplaceBehavior [ RunTime:0.000085s ]
INFO: [ template_filter ] --END-- [ RunTime:0.000158s ]
INFO: Run Behavior\ParseTemplateBehavior [ RunTime:0.011021s ]
INFO: [ view_parse ] --END-- [ RunTime:0.011100s ]
INFO: [ view_filter ] --START--
INFO: Run Behavior\WriteHtmlCacheBehavior [ RunTime:0.000289s ]
INFO: [ view_filter ] --END-- [ RunTime:0.000346s ]
INFO: [ app_end ] --START--
INFO: Run Behavior\ShowPageTraceBehavior [ RunTime:0.000620s ]
INFO: [ app_end ] --END-- [ RunTime:0.000684s ]

[ 2017-11-17T03:29:23+08:00 ] 127.0.0.1 /repair_system/BackgroundAdmin/OrderTask/orderTaskView.html
INFO: [ app_init ] --START--
INFO: Run Behavior\BuildLiteBehavior [ RunTime:0.000019s ]
INFO: [ app_init ] --END-- [ RunTime:0.000483s ]
INFO: [ app_begin ] --START--
INFO: Run Behavior\ReadHtmlCacheBehavior [ RunTime:0.000624s ]
INFO: [ app_begin ] --END-- [ RunTime:0.000703s ]
SQL: SHOW COLUMNS FROM `admin_cookie` [ RunTime:0.0026s ]
SQL: SELECT * FROM `admin_cookie` WHERE `account` = '162011417' LIMIT 1   [ RunTime:0.0003s ]
SQL: SHOW COLUMNS FROM `admin` [ RunTime:0.0023s ]
SQL: SELECT * FROM `admin` WHERE `student_number` = 162011417 LIMIT 1   [ RunTime:0.0003s ]
SQL: SELECT a.task_id,b.state,b.time,b.user_id,b.id,c.mobile,c.content,c.computer_type,c.service_type,d.name
		FROM admin_to_order as a,order_list as b,order_detail as c,user as d
		where a.admin_id=100 and a.order_id=b.id and a.order_id=c.id and b.user_id=d.id 
		order by a.task_id desc [ RunTime:0.0011s ]
INFO: [ view_parse ] --START--
INFO: [ template_filter ] --START--
INFO: Run Behavior\ContentReplaceBehavior [ RunTime:0.000095s ]
INFO: [ template_filter ] --END-- [ RunTime:0.000169s ]
INFO: Run Behavior\ParseTemplateBehavior [ RunTime:0.011378s ]
INFO: [ view_parse ] --END-- [ RunTime:0.011451s ]
INFO: [ view_filter ] --START--
INFO: Run Behavior\WriteHtmlCacheBehavior [ RunTime:0.000282s ]
INFO: [ view_filter ] --END-- [ RunTime:0.000342s ]
INFO: [ app_end ] --START--
INFO: Run Behavior\ShowPageTraceBehavior [ RunTime:0.000616s ]
INFO: [ app_end ] --END-- [ RunTime:0.000684s ]

[ 2017-11-17T03:29:26+08:00 ] 127.0.0.1 /repair_system/BackgroundAdmin/CheckOrder/checkOrderView.html
INFO: [ app_init ] --START--
INFO: Run Behavior\BuildLiteBehavior [ RunTime:0.000018s ]
INFO: [ app_init ] --END-- [ RunTime:0.000477s ]
INFO: [ app_begin ] --START--
INFO: Run Behavior\ReadHtmlCacheBehavior [ RunTime:0.000602s ]
INFO: [ app_begin ] --END-- [ RunTime:0.000682s ]
SQL: SHOW COLUMNS FROM `admin_cookie` [ RunTime:0.0025s ]
SQL: SELECT * FROM `admin_cookie` WHERE `account` = '162011417' LIMIT 1   [ RunTime:0.0004s ]
SQL: SHOW COLUMNS FROM `admin` [ RunTime:0.0024s ]
SQL: SELECT * FROM `admin` WHERE `student_number` = 162011417 LIMIT 1   [ RunTime:0.0003s ]
SQL: SHOW COLUMNS FROM `order_list` [ RunTime:0.0023s ]
SQL: SELECT * FROM `order_list` ORDER BY id desc  [ RunTime:0.0009s ]
SQL: SHOW COLUMNS FROM `order_detail` [ RunTime:0.0025s ]
SQL: SELECT * FROM `order_detail` ORDER BY id desc  [ RunTime:0.0018s ]
INFO: [ view_parse ] --START--
INFO: [ template_filter ] --START--
INFO: Run Behavior\ContentReplaceBehavior [ RunTime:0.000078s ]
INFO: [ template_filter ] --END-- [ RunTime:0.000151s ]
INFO: Run Behavior\ParseTemplateBehavior [ RunTime:0.017164s ]
INFO: [ view_parse ] --END-- [ RunTime:0.017241s ]
INFO: [ view_filter ] --START--
INFO: Run Behavior\WriteHtmlCacheBehavior [ RunTime:0.000286s ]
INFO: [ view_filter ] --END-- [ RunTime:0.000346s ]
INFO: [ app_end ] --START--
INFO: Run Behavior\ShowPageTraceBehavior [ RunTime:0.000634s ]
INFO: [ app_end ] --END-- [ RunTime:0.000720s ]

[ 2017-11-17T03:29:49+08:00 ] 127.0.0.1 /repair_system/BackgroundAdmin/CheckOrder/checkOrderView.html
INFO: [ app_init ] --START--
INFO: Run Behavior\BuildLiteBehavior [ RunTime:0.000019s ]
INFO: [ app_init ] --END-- [ RunTime:0.000485s ]
INFO: [ app_begin ] --START--
INFO: Run Behavior\ReadHtmlCacheBehavior [ RunTime:0.000597s ]
INFO: [ app_begin ] --END-- [ RunTime:0.000679s ]
SQL: SHOW COLUMNS FROM `admin_cookie` [ RunTime:0.0025s ]
SQL: SELECT * FROM `admin_cookie` WHERE `account` = '162011417' LIMIT 1   [ RunTime:0.0004s ]
SQL: SHOW COLUMNS FROM `admin` [ RunTime:0.0024s ]
SQL: SELECT * FROM `admin` WHERE `student_number` = 162011417 LIMIT 1   [ RunTime:0.0003s ]
SQL: SHOW COLUMNS FROM `order_list` [ RunTime:0.0023s ]
SQL: SELECT * FROM `order_list` ORDER BY id desc  [ RunTime:0.0009s ]
SQL: SHOW COLUMNS FROM `order_detail` [ RunTime:0.0039s ]
SQL: SELECT * FROM `order_detail` ORDER BY id desc  [ RunTime:0.0024s ]
INFO: [ view_parse ] --START--
INFO: [ template_filter ] --START--
INFO: Run Behavior\ContentReplaceBehavior [ RunTime:0.000210s ]
INFO: [ template_filter ] --END-- [ RunTime:0.000785s ]
INFO: Run Behavior\ParseTemplateBehavior [ RunTime:0.021607s ]
INFO: [ view_parse ] --END-- [ RunTime:0.021705s ]
INFO: [ view_filter ] --START--
INFO: Run Behavior\WriteHtmlCacheBehavior [ RunTime:0.000347s ]
INFO: [ view_filter ] --END-- [ RunTime:0.000406s ]
INFO: [ app_end ] --START--
INFO: Run Behavior\ShowPageTraceBehavior [ RunTime:0.000696s ]
INFO: [ app_end ] --END-- [ RunTime:0.000788s ]

[ 2017-11-17T03:29:59+08:00 ] 127.0.0.1 /repair_system/BackgroundAdmin/OrderDistribute/orderDistributeView.html
INFO: [ app_init ] --START--
INFO: Run Behavior\BuildLiteBehavior [ RunTime:0.000020s ]
INFO: [ app_init ] --END-- [ RunTime:0.000537s ]
INFO: [ app_begin ] --START--
INFO: Run Behavior\ReadHtmlCacheBehavior [ RunTime:0.000623s ]
INFO: [ app_begin ] --END-- [ RunTime:0.000707s ]
SQL: SHOW COLUMNS FROM `admin_cookie` [ RunTime:0.0024s ]
SQL: SELECT * FROM `admin_cookie` WHERE `account` = '162011417' LIMIT 1   [ RunTime:0.0003s ]
SQL: SHOW COLUMNS FROM `admin` [ RunTime:0.0023s ]
SQL: SELECT * FROM `admin` WHERE `student_number` = 162011417 LIMIT 1   [ RunTime:0.0003s ]
SQL: SHOW COLUMNS FROM `order_list` [ RunTime:0.0024s ]
SQL: SELECT * FROM `order_list` WHERE `state` = 0  [ RunTime:0.0003s ]
SQL: SHOW COLUMNS FROM `order_detail` [ RunTime:0.0023s ]
SQL: SELECT * FROM `order_detail`  [ RunTime:0.0010s ]
SQL: SELECT * FROM `admin` WHERE ( auth < 5 and auth >0 )  [ RunTime:0.0003s ]
INFO: [ view_parse ] --START--
INFO: [ template_filter ] --START--
INFO: Run Behavior\ContentReplaceBehavior [ RunTime:0.000086s ]
INFO: [ template_filter ] --END-- [ RunTime:0.000160s ]
INFO: Run Behavior\ParseTemplateBehavior [ RunTime:0.011089s ]
INFO: [ view_parse ] --END-- [ RunTime:0.011167s ]
INFO: [ view_filter ] --START--
INFO: Run Behavior\WriteHtmlCacheBehavior [ RunTime:0.000279s ]
INFO: [ view_filter ] --END-- [ RunTime:0.000338s ]
INFO: [ app_end ] --START--
INFO: Run Behavior\ShowPageTraceBehavior [ RunTime:0.000607s ]
INFO: [ app_end ] --END-- [ RunTime:0.000671s ]

[ 2017-11-17T03:30:07+08:00 ] 127.0.0.1 /repair_system/BackgroundAdmin/OrderTask/orderTaskView.html
INFO: [ app_init ] --START--
INFO: Run Behavior\BuildLiteBehavior [ RunTime:0.000020s ]
INFO: [ app_init ] --END-- [ RunTime:0.000501s ]
INFO: [ app_begin ] --START--
INFO: Run Behavior\ReadHtmlCacheBehavior [ RunTime:0.000614s ]
INFO: [ app_begin ] --END-- [ RunTime:0.000698s ]
SQL: SHOW COLUMNS FROM `admin_cookie` [ RunTime:0.0024s ]
SQL: SELECT * FROM `admin_cookie` WHERE `account` = '162011417' LIMIT 1   [ RunTime:0.0004s ]
SQL: SHOW COLUMNS FROM `admin` [ RunTime:0.0024s ]
SQL: SELECT * FROM `admin` WHERE `student_number` = 162011417 LIMIT 1   [ RunTime:0.0003s ]
SQL: SELECT a.task_id,b.state,b.time,b.user_id,b.id,c.mobile,c.content,c.computer_type,c.service_type,d.name
		FROM admin_to_order as a,order_list as b,order_detail as c,user as d
		where a.admin_id=100 and a.order_id=b.id and a.order_id=c.id and b.user_id=d.id 
		order by a.task_id desc [ RunTime:0.0005s ]
INFO: [ view_parse ] --START--
INFO: [ template_filter ] --START--
INFO: Run Behavior\ContentReplaceBehavior [ RunTime:0.000095s ]
INFO: [ template_filter ] --END-- [ RunTime:0.000169s ]
INFO: Run Behavior\ParseTemplateBehavior [ RunTime:0.011569s ]
INFO: [ view_parse ] --END-- [ RunTime:0.011648s ]
INFO: [ view_filter ] --START--
INFO: Run Behavior\WriteHtmlCacheBehavior [ RunTime:0.000286s ]
INFO: [ view_filter ] --END-- [ RunTime:0.000344s ]
INFO: [ app_end ] --START--
INFO: Run Behavior\ShowPageTraceBehavior [ RunTime:0.000658s ]
INFO: [ app_end ] --END-- [ RunTime:0.000722s ]

[ 2017-11-17T03:30:10+08:00 ] 127.0.0.1 /repair_system/BackgroundAdmin/CheckOrder/checkOrderView.html
INFO: [ app_init ] --START--
INFO: Run Behavior\BuildLiteBehavior [ RunTime:0.000021s ]
INFO: [ app_init ] --END-- [ RunTime:0.000490s ]
INFO: [ app_begin ] --START--
INFO: Run Behavior\ReadHtmlCacheBehavior [ RunTime:0.000602s ]
INFO: [ app_begin ] --END-- [ RunTime:0.000688s ]
SQL: SHOW COLUMNS FROM `admin_cookie` [ RunTime:0.0026s ]
SQL: SELECT * FROM `admin_cookie` WHERE `account` = '162011417' LIMIT 1   [ RunTime:0.0003s ]
SQL: SHOW COLUMNS FROM `admin` [ RunTime:0.0025s ]
SQL: SELECT * FROM `admin` WHERE `student_number` = 162011417 LIMIT 1   [ RunTime:0.0003s ]
SQL: SHOW COLUMNS FROM `order_list` [ RunTime:0.0023s ]
SQL: SELECT * FROM `order_list` ORDER BY id desc  [ RunTime:0.0009s ]
SQL: SHOW COLUMNS FROM `order_detail` [ RunTime:0.0024s ]
SQL: SELECT * FROM `order_detail` ORDER BY id desc  [ RunTime:0.0018s ]
INFO: [ view_parse ] --START--
INFO: [ template_filter ] --START--
INFO: Run Behavior\ContentReplaceBehavior [ RunTime:0.000079s ]
INFO: [ template_filter ] --END-- [ RunTime:0.000157s ]
INFO: Run Behavior\ParseTemplateBehavior [ RunTime:0.017176s ]
INFO: [ view_parse ] --END-- [ RunTime:0.017255s ]
INFO: [ view_filter ] --START--
INFO: Run Behavior\WriteHtmlCacheBehavior [ RunTime:0.000287s ]
INFO: [ view_filter ] --END-- [ RunTime:0.000349s ]
INFO: [ app_end ] --START--
INFO: Run Behavior\ShowPageTraceBehavior [ RunTime:0.000635s ]
INFO: [ app_end ] --END-- [ RunTime:0.000721s ]

[ 2017-11-17T03:30:16+08:00 ] 127.0.0.1 /repair_system/BackgroundAdmin/User/addAdmin.html
INFO: [ app_init ] --START--
INFO: Run Behavior\BuildLiteBehavior [ RunTime:0.000018s ]
INFO: [ app_init ] --END-- [ RunTime:0.000474s ]
INFO: [ app_begin ] --START--
INFO: Run Behavior\ReadHtmlCacheBehavior [ RunTime:0.000649s ]
INFO: [ app_begin ] --END-- [ RunTime:0.000730s ]
SQL: SHOW COLUMNS FROM `admin_cookie` [ RunTime:0.0029s ]
SQL: SELECT * FROM `admin_cookie` WHERE `account` = '162011417' LIMIT 1   [ RunTime:0.0004s ]
SQL: SHOW COLUMNS FROM `admin` [ RunTime:0.0025s ]
SQL: SELECT * FROM `admin` WHERE `student_number` = 162011417 LIMIT 1   [ RunTime:0.0003s ]
INFO: [ view_parse ] --START--
INFO: [ template_filter ] --START--
INFO: Run Behavior\ContentReplaceBehavior [ RunTime:0.000083s ]
INFO: [ template_filter ] --END-- [ RunTime:0.000160s ]
INFO: Run Behavior\ParseTemplateBehavior [ RunTime:0.007579s ]
INFO: [ view_parse ] --END-- [ RunTime:0.007651s ]
INFO: [ view_filter ] --START--
INFO: Run Behavior\WriteHtmlCacheBehavior [ RunTime:0.000338s ]
INFO: [ view_filter ] --END-- [ RunTime:0.000397s ]
INFO: [ app_end ] --START--
INFO: Run Behavior\ShowPageTraceBehavior [ RunTime:0.000670s ]
INFO: [ app_end ] --END-- [ RunTime:0.000740s ]

[ 2017-11-17T03:30:20+08:00 ] 127.0.0.1 /repair_system/BackgroundAdmin/OrderDistribute/orderDistributeView.html
INFO: [ app_init ] --START--
INFO: Run Behavior\BuildLiteBehavior [ RunTime:0.000022s ]
INFO: [ app_init ] --END-- [ RunTime:0.000508s ]
INFO: [ app_begin ] --START--
INFO: Run Behavior\ReadHtmlCacheBehavior [ RunTime:0.000633s ]
INFO: [ app_begin ] --END-- [ RunTime:0.000718s ]
SQL: SHOW COLUMNS FROM `admin_cookie` [ RunTime:0.0024s ]
SQL: SELECT * FROM `admin_cookie` WHERE `account` = '162011417' LIMIT 1   [ RunTime:0.0003s ]
SQL: SHOW COLUMNS FROM `admin` [ RunTime:0.0024s ]
SQL: SELECT * FROM `admin` WHERE `student_number` = 162011417 LIMIT 1   [ RunTime:0.0003s ]
SQL: SHOW COLUMNS FROM `order_list` [ RunTime:0.0025s ]
SQL: SELECT * FROM `order_list` WHERE `state` = 0  [ RunTime:0.0003s ]
SQL: SHOW COLUMNS FROM `order_detail` [ RunTime:0.0024s ]
SQL: SELECT * FROM `order_detail`  [ RunTime:0.0010s ]
SQL: SELECT * FROM `admin` WHERE ( auth < 5 and auth >0 )  [ RunTime:0.0003s ]
INFO: [ view_parse ] --START--
INFO: [ template_filter ] --START--
INFO: Run Behavior\ContentReplaceBehavior [ RunTime:0.000086s ]
INFO: [ template_filter ] --END-- [ RunTime:0.000158s ]
INFO: Run Behavior\ParseTemplateBehavior [ RunTime:0.010986s ]
INFO: [ view_parse ] --END-- [ RunTime:0.011065s ]
INFO: [ view_filter ] --START--
INFO: Run Behavior\WriteHtmlCacheBehavior [ RunTime:0.000275s ]
INFO: [ view_filter ] --END-- [ RunTime:0.000332s ]
INFO: [ app_end ] --START--
INFO: Run Behavior\ShowPageTraceBehavior [ RunTime:0.000625s ]
INFO: [ app_end ] --END-- [ RunTime:0.000691s ]

[ 2017-11-17T03:30:56+08:00 ] 127.0.0.1 /repair_system/BackgroundAdmin/User/addAdmin.html
INFO: [ app_init ] --START--
INFO: Run Behavior\BuildLiteBehavior [ RunTime:0.000019s ]
INFO: [ app_init ] --END-- [ RunTime:0.000500s ]
INFO: [ app_begin ] --START--
INFO: Run Behavior\ReadHtmlCacheBehavior [ RunTime:0.000600s ]
INFO: [ app_begin ] --END-- [ RunTime:0.000679s ]
SQL: SHOW COLUMNS FROM `admin_cookie` [ RunTime:0.0025s ]
SQL: SELECT * FROM `admin_cookie` WHERE `account` = '162011417' LIMIT 1   [ RunTime:0.0004s ]
SQL: SHOW COLUMNS FROM `admin` [ RunTime:0.0024s ]
SQL: SELECT * FROM `admin` WHERE `student_number` = 162011417 LIMIT 1   [ RunTime:0.0003s ]
INFO: [ view_parse ] --START--
INFO: [ template_filter ] --START--
INFO: Run Behavior\ContentReplaceBehavior [ RunTime:0.000083s ]
INFO: [ template_filter ] --END-- [ RunTime:0.000164s ]
INFO: Run Behavior\ParseTemplateBehavior [ RunTime:0.007660s ]
INFO: [ view_parse ] --END-- [ RunTime:0.007733s ]
INFO: [ view_filter ] --START--
INFO: Run Behavior\WriteHtmlCacheBehavior [ RunTime:0.000272s ]
INFO: [ view_filter ] --END-- [ RunTime:0.000331s ]
INFO: [ app_end ] --START--
INFO: Run Behavior\ShowPageTraceBehavior [ RunTime:0.000616s ]
INFO: [ app_end ] --END-- [ RunTime:0.000681s ]

[ 2017-11-17T03:31:01+08:00 ] 127.0.0.1 /repair_system/BackgroundAdmin/OrderTask/orderTaskView.html
INFO: [ app_init ] --START--
INFO: Run Behavior\BuildLiteBehavior [ RunTime:0.000019s ]
INFO: [ app_init ] --END-- [ RunTime:0.000484s ]
INFO: [ app_begin ] --START--
INFO: Run Behavior\ReadHtmlCacheBehavior [ RunTime:0.000600s ]
INFO: [ app_begin ] --END-- [ RunTime:0.000680s ]
SQL: SHOW COLUMNS FROM `admin_cookie` [ RunTime:0.0023s ]
SQL: SELECT * FROM `admin_cookie` WHERE `account` = '162011417' LIMIT 1   [ RunTime:0.0003s ]
SQL: SHOW COLUMNS FROM `admin` [ RunTime:0.0023s ]
SQL: SELECT * FROM `admin` WHERE `student_number` = 162011417 LIMIT 1   [ RunTime:0.0003s ]
SQL: SELECT a.task_id,b.state,b.time,b.user_id,b.id,c.mobile,c.content,c.computer_type,c.service_type,d.name
		FROM admin_to_order as a,order_list as b,order_detail as c,user as d
		where a.admin_id=100 and a.order_id=b.id and a.order_id=c.id and b.user_id=d.id 
		order by a.task_id desc [ RunTime:0.0006s ]
INFO: [ view_parse ] --START--
INFO: [ template_filter ] --START--
INFO: Run Behavior\ContentReplaceBehavior [ RunTime:0.000094s ]
INFO: [ template_filter ] --END-- [ RunTime:0.000169s ]
INFO: Run Behavior\ParseTemplateBehavior [ RunTime:0.011341s ]
INFO: [ view_parse ] --END-- [ RunTime:0.011414s ]
INFO: [ view_filter ] --START--
INFO: Run Behavior\WriteHtmlCacheBehavior [ RunTime:0.000276s ]
INFO: [ view_filter ] --END-- [ RunTime:0.000336s ]
INFO: [ app_end ] --START--
INFO: Run Behavior\ShowPageTraceBehavior [ RunTime:0.000610s ]
INFO: [ app_end ] --END-- [ RunTime:0.000677s ]

[ 2017-11-17T03:31:03+08:00 ] 127.0.0.1 /repair_system/BackgroundAdmin/CheckOrder/checkOrderView.html
INFO: [ app_init ] --START--
INFO: Run Behavior\BuildLiteBehavior [ RunTime:0.000021s ]
INFO: [ app_init ] --END-- [ RunTime:0.000500s ]
INFO: [ app_begin ] --START--
INFO: Run Behavior\ReadHtmlCacheBehavior [ RunTime:0.000629s ]
INFO: [ app_begin ] --END-- [ RunTime:0.000712s ]
SQL: SHOW COLUMNS FROM `admin_cookie` [ RunTime:0.0023s ]
SQL: SELECT * FROM `admin_cookie` WHERE `account` = '162011417' LIMIT 1   [ RunTime:0.0003s ]
SQL: SHOW COLUMNS FROM `admin` [ RunTime:0.0025s ]
SQL: SELECT * FROM `admin` WHERE `student_number` = 162011417 LIMIT 1   [ RunTime:0.0003s ]
SQL: SHOW COLUMNS FROM `order_list` [ RunTime:0.0023s ]
SQL: SELECT * FROM `order_list` ORDER BY id desc  [ RunTime:0.0009s ]
SQL: SHOW COLUMNS FROM `order_detail` [ RunTime:0.0024s ]
SQL: SELECT * FROM `order_detail` ORDER BY id desc  [ RunTime:0.0018s ]
INFO: [ view_parse ] --START--
INFO: [ template_filter ] --START--
INFO: Run Behavior\ContentReplaceBehavior [ RunTime:0.000077s ]
INFO: [ template_filter ] --END-- [ RunTime:0.000152s ]
INFO: Run Behavior\ParseTemplateBehavior [ RunTime:0.017139s ]
INFO: [ view_parse ] --END-- [ RunTime:0.017226s ]
INFO: [ view_filter ] --START--
INFO: Run Behavior\WriteHtmlCacheBehavior [ RunTime:0.000328s ]
INFO: [ view_filter ] --END-- [ RunTime:0.000386s ]
INFO: [ app_end ] --START--
INFO: Run Behavior\ShowPageTraceBehavior [ RunTime:0.000647s ]
INFO: [ app_end ] --END-- [ RunTime:0.000731s ]

[ 2017-11-17T03:32:33+08:00 ] 127.0.0.1 /repair_system/BackgroundAdmin/User/addAdmin.html
INFO: [ app_init ] --START--
INFO: Run Behavior\BuildLiteBehavior [ RunTime:0.000021s ]
INFO: [ app_init ] --END-- [ RunTime:0.000563s ]
INFO: [ app_begin ] --START--
INFO: Run Behavior\ReadHtmlCacheBehavior [ RunTime:0.000683s ]
INFO: [ app_begin ] --END-- [ RunTime:0.000764s ]
SQL: SHOW COLUMNS FROM `admin_cookie` [ RunTime:0.0079s ]
SQL: SELECT * FROM `admin_cookie` WHERE `account` = '162011417' LIMIT 1   [ RunTime:0.0004s ]
SQL: SHOW COLUMNS FROM `admin` [ RunTime:0.0026s ]
SQL: SELECT * FROM `admin` WHERE `student_number` = 162011417 LIMIT 1   [ RunTime:0.0004s ]
INFO: [ view_parse ] --START--
INFO: [ template_filter ] --START--
INFO: Run Behavior\ContentReplaceBehavior [ RunTime:0.000099s ]
INFO: [ template_filter ] --END-- [ RunTime:0.000197s ]
INFO: Run Behavior\ParseTemplateBehavior [ RunTime:0.013345s ]
INFO: [ view_parse ] --END-- [ RunTime:0.013422s ]
INFO: [ view_filter ] --START--
INFO: Run Behavior\WriteHtmlCacheBehavior [ RunTime:0.000356s ]
INFO: [ view_filter ] --END-- [ RunTime:0.000414s ]
INFO: [ app_end ] --START--
INFO: Run Behavior\ShowPageTraceBehavior [ RunTime:0.000689s ]
INFO: [ app_end ] --END-- [ RunTime:0.000749s ]

[ 2017-11-17T03:32:36+08:00 ] 127.0.0.1 /repair_system/BackgroundAdmin/CheckOrder/checkOrderView.html
INFO: [ app_init ] --START--
INFO: Run Behavior\BuildLiteBehavior [ RunTime:0.000021s ]
INFO: [ app_init ] --END-- [ RunTime:0.000493s ]
INFO: [ app_begin ] --START--
INFO: Run Behavior\ReadHtmlCacheBehavior [ RunTime:0.000761s ]
INFO: [ app_begin ] --END-- [ RunTime:0.000859s ]
SQL: SHOW COLUMNS FROM `admin_cookie` [ RunTime:0.0024s ]
SQL: SELECT * FROM `admin_cookie` WHERE `account` = '162011417' LIMIT 1   [ RunTime:0.0003s ]
SQL: SHOW COLUMNS FROM `admin` [ RunTime:0.0024s ]
SQL: SELECT * FROM `admin` WHERE `student_number` = 162011417 LIMIT 1   [ RunTime:0.0003s ]
SQL: SHOW COLUMNS FROM `order_list` [ RunTime:0.0078s ]
SQL: SELECT * FROM `order_list` ORDER BY id desc  [ RunTime:0.0009s ]
SQL: SHOW COLUMNS FROM `order_detail` [ RunTime:0.0026s ]
SQL: SELECT * FROM `order_detail` ORDER BY id desc  [ RunTime:0.0021s ]
INFO: [ view_parse ] --START--
INFO: [ template_filter ] --START--
INFO: Run Behavior\ContentReplaceBehavior [ RunTime:0.000082s ]
INFO: [ template_filter ] --END-- [ RunTime:0.000169s ]
INFO: Run Behavior\ParseTemplateBehavior [ RunTime:0.019449s ]
INFO: [ view_parse ] --END-- [ RunTime:0.020315s ]
INFO: [ view_filter ] --START--
INFO: Run Behavior\WriteHtmlCacheBehavior [ RunTime:0.000445s ]
INFO: [ view_filter ] --END-- [ RunTime:0.000537s ]
INFO: [ app_end ] --START--
INFO: Run Behavior\ShowPageTraceBehavior [ RunTime:0.000677s ]
INFO: [ app_end ] --END-- [ RunTime:0.000763s ]

[ 2017-11-17T03:33:00+08:00 ] 127.0.0.1 /repair_system/BackgroundAdmin/CheckOrder/listOption/id/162.html
INFO: [ app_init ] --START--
INFO: Run Behavior\BuildLiteBehavior [ RunTime:0.000020s ]
INFO: [ app_init ] --END-- [ RunTime:0.000478s ]
INFO: [ app_begin ] --START--
INFO: Run Behavior\ReadHtmlCacheBehavior [ RunTime:0.000602s ]
INFO: [ app_begin ] --END-- [ RunTime:0.000712s ]
SQL: SHOW COLUMNS FROM `admin_cookie` [ RunTime:0.0024s ]
SQL: SELECT * FROM `admin_cookie` WHERE `account` = '162011417' LIMIT 1   [ RunTime:0.0003s ]
SQL: SHOW COLUMNS FROM `admin` [ RunTime:0.0025s ]
SQL: SELECT * FROM `admin` WHERE `student_number` = 162011417 LIMIT 1   [ RunTime:0.0003s ]
SQL: SHOW COLUMNS FROM `order_list` [ RunTime:0.0024s ]
SQL: SELECT * FROM `order_list` WHERE `id` = 162 LIMIT 1   [ RunTime:0.0003s ]
NOTIC: [8] Undefined variable: date D:\phpStudy\WWW\repair_system\Application\BackgroundAdmin\Controller\CheckOrderController.class.php 第 73 行.
SQL: SHOW COLUMNS FROM `order_detail` [ RunTime:0.0024s ]
SQL: SELECT * FROM `order_detail` WHERE `id` = 162 LIMIT 1   [ RunTime:0.0003s ]
SQL: SHOW COLUMNS FROM `order_judge` [ RunTime:0.0028s ]
SQL: SELECT * FROM `order_judge` WHERE `order_id` = 162 LIMIT 1   [ RunTime:0.0003s ]
SQL: SHOW COLUMNS FROM `admin_to_order` [ RunTime:0.0024s ]
SQL: SELECT * FROM `admin_to_order` WHERE `order_id` = 162 LIMIT 1   [ RunTime:0.0003s ]
SQL: SELECT * FROM `admin` WHERE `id` = 101 LIMIT 1   [ RunTime:0.0003s ]
SQL: SHOW COLUMNS FROM `user` [ RunTime:0.0075s ]
SQL: SELECT * FROM `user` WHERE `mobile` = '18929889966' LIMIT 1   [ RunTime:0.0003s ]
INFO: [ view_parse ] --START--
INFO: [ template_filter ] --START--
INFO: Run Behavior\ContentReplaceBehavior [ RunTime:0.000080s ]
INFO: [ template_filter ] --END-- [ RunTime:0.000156s ]
INFO: Run Behavior\ParseTemplateBehavior [ RunTime:0.009002s ]
INFO: [ view_parse ] --END-- [ RunTime:0.009105s ]
INFO: [ view_filter ] --START--
INFO: Run Behavior\WriteHtmlCacheBehavior [ RunTime:0.000279s ]
INFO: [ view_filter ] --END-- [ RunTime:0.000340s ]
INFO: [ app_end ] --START--
INFO: Run Behavior\ShowPageTraceBehavior [ RunTime:0.000666s ]
INFO: [ app_end ] --END-- [ RunTime:0.000737s ]

[ 2017-11-17T03:33:57+08:00 ] 127.0.0.1 /repair_system/BackgroundAdmin/OrderDistribute/orderDistributeView.html
INFO: [ app_init ] --START--
INFO: Run Behavior\BuildLiteBehavior [ RunTime:0.000023s ]
INFO: [ app_init ] --END-- [ RunTime:0.000483s ]
INFO: [ app_begin ] --START--
INFO: Run Behavior\ReadHtmlCacheBehavior [ RunTime:0.000596s ]
INFO: [ app_begin ] --END-- [ RunTime:0.000675s ]
SQL: SHOW COLUMNS FROM `admin_cookie` [ RunTime:0.0024s ]
SQL: SELECT * FROM `admin_cookie` WHERE `account` = '162011417' LIMIT 1   [ RunTime:0.0004s ]
SQL: SHOW COLUMNS FROM `admin` [ RunTime:0.0025s ]
SQL: SELECT * FROM `admin` WHERE `student_number` = 162011417 LIMIT 1   [ RunTime:0.0003s ]
SQL: SHOW COLUMNS FROM `order_list` [ RunTime:0.0023s ]
SQL: SELECT * FROM `order_list` WHERE `state` = 0  [ RunTime:0.0003s ]
SQL: SHOW COLUMNS FROM `order_detail` [ RunTime:0.0023s ]
SQL: SELECT * FROM `order_detail`  [ RunTime:0.0010s ]
SQL: SELECT * FROM `admin` WHERE ( auth < 5 and auth >0 )  [ RunTime:0.0003s ]
INFO: [ view_parse ] --START--
INFO: [ template_filter ] --START--
INFO: Run Behavior\ContentReplaceBehavior [ RunTime:0.000085s ]
INFO: [ template_filter ] --END-- [ RunTime:0.000158s ]
INFO: Run Behavior\ParseTemplateBehavior [ RunTime:0.011317s ]
INFO: [ view_parse ] --END-- [ RunTime:0.011394s ]
INFO: [ view_filter ] --START--
INFO: Run Behavior\WriteHtmlCacheBehavior [ RunTime:0.000282s ]
INFO: [ view_filter ] --END-- [ RunTime:0.000340s ]
INFO: [ app_end ] --START--
INFO: Run Behavior\ShowPageTraceBehavior [ RunTime:0.000617s ]
INFO: [ app_end ] --END-- [ RunTime:0.000683s ]

[ 2017-11-17T03:34:20+08:00 ] 127.0.0.1 /repair_system/BackgroundAdmin/OrderTask/orderTaskView.html
INFO: [ app_init ] --START--
INFO: Run Behavior\BuildLiteBehavior [ RunTime:0.000020s ]
INFO: [ app_init ] --END-- [ RunTime:0.000486s ]
INFO: [ app_begin ] --START--
INFO: Run Behavior\ReadHtmlCacheBehavior [ RunTime:0.000599s ]
INFO: [ app_begin ] --END-- [ RunTime:0.000686s ]
SQL: SHOW COLUMNS FROM `admin_cookie` [ RunTime:0.0024s ]
SQL: SELECT * FROM `admin_cookie` WHERE `account` = '162011417' LIMIT 1   [ RunTime:0.0003s ]
SQL: SHOW COLUMNS FROM `admin` [ RunTime:0.0024s ]
SQL: SELECT * FROM `admin` WHERE `student_number` = 162011417 LIMIT 1   [ RunTime:0.0003s ]
SQL: SELECT a.task_id,b.state,b.time,b.user_id,b.id,c.mobile,c.content,c.computer_type,c.service_type,d.name
		FROM admin_to_order as a,order_list as b,order_detail as c,user as d
		where a.admin_id=100 and a.order_id=b.id and a.order_id=c.id and b.user_id=d.id 
		order by a.task_id desc [ RunTime:0.0005s ]
INFO: [ view_parse ] --START--
INFO: [ template_filter ] --START--
INFO: Run Behavior\ContentReplaceBehavior [ RunTime:0.000095s ]
INFO: [ template_filter ] --END-- [ RunTime:0.000169s ]
INFO: Run Behavior\ParseTemplateBehavior [ RunTime:0.015163s ]
INFO: [ view_parse ] --END-- [ RunTime:0.015236s ]
INFO: [ view_filter ] --START--
INFO: Run Behavior\WriteHtmlCacheBehavior [ RunTime:0.000268s ]
INFO: [ view_filter ] --END-- [ RunTime:0.000325s ]
INFO: [ app_end ] --START--
INFO: Run Behavior\ShowPageTraceBehavior [ RunTime:0.000603s ]
INFO: [ app_end ] --END-- [ RunTime:0.000667s ]

[ 2017-11-17T03:34:23+08:00 ] 127.0.0.1 /repair_system/BackgroundAdmin/CheckOrder/checkOrderView.html
INFO: [ app_init ] --START--
INFO: Run Behavior\BuildLiteBehavior [ RunTime:0.000022s ]
INFO: [ app_init ] --END-- [ RunTime:0.000496s ]
INFO: [ app_begin ] --START--
INFO: Run Behavior\ReadHtmlCacheBehavior [ RunTime:0.000606s ]
INFO: [ app_begin ] --END-- [ RunTime:0.000689s ]
SQL: SHOW COLUMNS FROM `admin_cookie` [ RunTime:0.0023s ]
SQL: SELECT * FROM `admin_cookie` WHERE `account` = '162011417' LIMIT 1   [ RunTime:0.0003s ]
SQL: SHOW COLUMNS FROM `admin` [ RunTime:0.0024s ]
SQL: SELECT * FROM `admin` WHERE `student_number` = 162011417 LIMIT 1   [ RunTime:0.0003s ]
SQL: SHOW COLUMNS FROM `order_list` [ RunTime:0.0026s ]
SQL: SELECT * FROM `order_list` ORDER BY id desc  [ RunTime:0.0009s ]
SQL: SHOW COLUMNS FROM `order_detail` [ RunTime:0.0024s ]
SQL: SELECT * FROM `order_detail` ORDER BY id desc  [ RunTime:0.0019s ]
INFO: [ view_parse ] --START--
INFO: [ template_filter ] --START--
INFO: Run Behavior\ContentReplaceBehavior [ RunTime:0.000077s ]
INFO: [ template_filter ] --END-- [ RunTime:0.000154s ]
INFO: Run Behavior\ParseTemplateBehavior [ RunTime:0.016955s ]
INFO: [ view_parse ] --END-- [ RunTime:0.017033s ]
INFO: [ view_filter ] --START--
INFO: Run Behavior\WriteHtmlCacheBehavior [ RunTime:0.000278s ]
INFO: [ view_filter ] --END-- [ RunTime:0.000340s ]
INFO: [ app_end ] --START--
INFO: Run Behavior\ShowPageTraceBehavior [ RunTime:0.000608s ]
INFO: [ app_end ] --END-- [ RunTime:0.000679s ]

[ 2017-11-17T03:34:53+08:00 ] 127.0.0.1 /repair_system/BackgroundAdmin/OrderTask/orderTaskView.html
INFO: [ app_init ] --START--
INFO: Run Behavior\BuildLiteBehavior [ RunTime:0.000018s ]
INFO: [ app_init ] --END-- [ RunTime:0.000519s ]
INFO: [ app_begin ] --START--
INFO: Run Behavior\ReadHtmlCacheBehavior [ RunTime:0.000653s ]
INFO: [ app_begin ] --END-- [ RunTime:0.000735s ]
SQL: SHOW COLUMNS FROM `admin_cookie` [ RunTime:0.0122s ]
SQL: SELECT * FROM `admin_cookie` WHERE `account` = '162011417' LIMIT 1   [ RunTime:0.0003s ]
SQL: SHOW COLUMNS FROM `admin` [ RunTime:0.0024s ]
SQL: SELECT * FROM `admin` WHERE `student_number` = 162011417 LIMIT 1   [ RunTime:0.0003s ]
SQL: SELECT a.task_id,b.state,b.time,b.user_id,b.id,c.mobile,c.content,c.computer_type,c.service_type,d.name
		FROM admin_to_order as a,order_list as b,order_detail as c,user as d
		where a.admin_id=100 and a.order_id=b.id and a.order_id=c.id and b.user_id=d.id 
		order by a.task_id desc [ RunTime:0.0008s ]
INFO: [ view_parse ] --START--
INFO: [ template_filter ] --START--
INFO: Run Behavior\ContentReplaceBehavior [ RunTime:0.000094s ]
INFO: [ template_filter ] --END-- [ RunTime:0.000168s ]
INFO: Run Behavior\ParseTemplateBehavior [ RunTime:0.011636s ]
INFO: [ view_parse ] --END-- [ RunTime:0.011710s ]
INFO: [ view_filter ] --START--
INFO: Run Behavior\WriteHtmlCacheBehavior [ RunTime:0.000331s ]
INFO: [ view_filter ] --END-- [ RunTime:0.000387s ]
INFO: [ app_end ] --START--
INFO: Run Behavior\ShowPageTraceBehavior [ RunTime:0.000673s ]
INFO: [ app_end ] --END-- [ RunTime:0.000736s ]

[ 2017-11-17T03:34:56+08:00 ] 127.0.0.1 /repair_system/BackgroundAdmin/CheckOrder/checkOrderView.html
INFO: [ app_init ] --START--
INFO: Run Behavior\BuildLiteBehavior [ RunTime:0.000021s ]
INFO: [ app_init ] --END-- [ RunTime:0.000495s ]
INFO: [ app_begin ] --START--
INFO: Run Behavior\ReadHtmlCacheBehavior [ RunTime:0.000610s ]
INFO: [ app_begin ] --END-- [ RunTime:0.000691s ]
SQL: SHOW COLUMNS FROM `admin_cookie` [ RunTime:0.0024s ]
SQL: SELECT * FROM `admin_cookie` WHERE `account` = '162011417' LIMIT 1   [ RunTime:0.0003s ]
SQL: SHOW COLUMNS FROM `admin` [ RunTime:0.0026s ]
SQL: SELECT * FROM `admin` WHERE `student_number` = 162011417 LIMIT 1   [ RunTime:0.0003s ]
SQL: SHOW COLUMNS FROM `order_list` [ RunTime:0.0024s ]
SQL: SELECT * FROM `order_list` ORDER BY id desc  [ RunTime:0.0010s ]
SQL: SHOW COLUMNS FROM `order_detail` [ RunTime:0.0024s ]
SQL: SELECT * FROM `order_detail` ORDER BY id desc  [ RunTime:0.0019s ]
INFO: [ view_parse ] --START--
INFO: [ template_filter ] --START--
INFO: Run Behavior\ContentReplaceBehavior [ RunTime:0.000078s ]
INFO: [ template_filter ] --END-- [ RunTime:0.000162s ]
INFO: Run Behavior\ParseTemplateBehavior [ RunTime:0.020640s ]
INFO: [ view_parse ] --END-- [ RunTime:0.020719s ]
INFO: [ view_filter ] --START--
INFO: Run Behavior\WriteHtmlCacheBehavior [ RunTime:0.000286s ]
INFO: [ view_filter ] --END-- [ RunTime:0.000345s ]
INFO: [ app_end ] --START--
INFO: Run Behavior\ShowPageTraceBehavior [ RunTime:0.000648s ]
INFO: [ app_end ] --END-- [ RunTime:0.000736s ]

[ 2017-11-17T03:34:59+08:00 ] 127.0.0.1 /repair_system/BackgroundAdmin/OrderDistribute/orderDistributeView.html
INFO: [ app_init ] --START--
INFO: Run Behavior\BuildLiteBehavior [ RunTime:0.000020s ]
INFO: [ app_init ] --END-- [ RunTime:0.000485s ]
INFO: [ app_begin ] --START--
INFO: Run Behavior\ReadHtmlCacheBehavior [ RunTime:0.000594s ]
INFO: [ app_begin ] --END-- [ RunTime:0.000688s ]
SQL: SHOW COLUMNS FROM `admin_cookie` [ RunTime:0.0024s ]
SQL: SELECT * FROM `admin_cookie` WHERE `account` = '162011417' LIMIT 1   [ RunTime:0.0003s ]
SQL: SHOW COLUMNS FROM `admin` [ RunTime:0.0026s ]
SQL: SELECT * FROM `admin` WHERE `student_number` = 162011417 LIMIT 1   [ RunTime:0.0003s ]
SQL: SHOW COLUMNS FROM `order_list` [ RunTime:0.0023s ]
SQL: SELECT * FROM `order_list` WHERE `state` = 0  [ RunTime:0.0003s ]
SQL: SHOW COLUMNS FROM `order_detail` [ RunTime:0.0024s ]
SQL: SELECT * FROM `order_detail`  [ RunTime:0.0010s ]
SQL: SELECT * FROM `admin` WHERE ( auth < 5 and auth >0 )  [ RunTime:0.0003s ]
INFO: [ view_parse ] --START--
INFO: [ template_filter ] --START--
INFO: Run Behavior\ContentReplaceBehavior [ RunTime:0.000084s ]
INFO: [ template_filter ] --END-- [ RunTime:0.000157s ]
INFO: Run Behavior\ParseTemplateBehavior [ RunTime:0.010963s ]
INFO: [ view_parse ] --END-- [ RunTime:0.011039s ]
INFO: [ view_filter ] --START--
INFO: Run Behavior\WriteHtmlCacheBehavior [ RunTime:0.000276s ]
INFO: [ view_filter ] --END-- [ RunTime:0.000332s ]
INFO: [ app_end ] --START--
INFO: Run Behavior\ShowPageTraceBehavior [ RunTime:0.000620s ]
INFO: [ app_end ] --END-- [ RunTime:0.000682s ]

[ 2017-11-17T03:35:03+08:00 ] 127.0.0.1 /repair_system/BackgroundAdmin/User/addAdmin.html
INFO: [ app_init ] --START--
INFO: Run Behavior\BuildLiteBehavior [ RunTime:0.000019s ]
INFO: [ app_init ] --END-- [ RunTime:0.000487s ]
INFO: [ app_begin ] --START--
INFO: Run Behavior\ReadHtmlCacheBehavior [ RunTime:0.000598s ]
INFO: [ app_begin ] --END-- [ RunTime:0.000680s ]
SQL: SHOW COLUMNS FROM `admin_cookie` [ RunTime:0.0024s ]
SQL: SELECT * FROM `admin_cookie` WHERE `account` = '162011417' LIMIT 1   [ RunTime:0.0004s ]
SQL: SHOW COLUMNS FROM `admin` [ RunTime:0.0024s ]
SQL: SELECT * FROM `admin` WHERE `student_number` = 162011417 LIMIT 1   [ RunTime:0.0003s ]
INFO: [ view_parse ] --START--
INFO: [ template_filter ] --START--
INFO: Run Behavior\ContentReplaceBehavior [ RunTime:0.000088s ]
INFO: [ template_filter ] --END-- [ RunTime:0.000181s ]
INFO: Run Behavior\ParseTemplateBehavior [ RunTime:0.012795s ]
INFO: [ view_parse ] --END-- [ RunTime:0.012888s ]
INFO: [ view_filter ] --START--
INFO: Run Behavior\WriteHtmlCacheBehavior [ RunTime:0.000282s ]
INFO: [ view_filter ] --END-- [ RunTime:0.000338s ]
INFO: [ app_end ] --START--
INFO: Run Behavior\ShowPageTraceBehavior [ RunTime:0.000619s ]
INFO: [ app_end ] --END-- [ RunTime:0.000677s ]

[ 2017-11-17T03:35:09+08:00 ] 127.0.0.1 /repair_system/BackgroundAdmin/OrderDistribute/orderDistributeView.html
INFO: [ app_init ] --START--
INFO: Run Behavior\BuildLiteBehavior [ RunTime:0.000019s ]
INFO: [ app_init ] --END-- [ RunTime:0.000483s ]
INFO: [ app_begin ] --START--
INFO: Run Behavior\ReadHtmlCacheBehavior [ RunTime:0.000598s ]
INFO: [ app_begin ] --END-- [ RunTime:0.000678s ]
SQL: SHOW COLUMNS FROM `admin_cookie` [ RunTime:0.0024s ]
SQL: SELECT * FROM `admin_cookie` WHERE `account` = '162011417' LIMIT 1   [ RunTime:0.0004s ]
SQL: SHOW COLUMNS FROM `admin` [ RunTime:0.0024s ]
SQL: SELECT * FROM `admin` WHERE `student_number` = 162011417 LIMIT 1   [ RunTime:0.0003s ]
SQL: SHOW COLUMNS FROM `order_list` [ RunTime:0.0023s ]
SQL: SELECT * FROM `order_list` WHERE `state` = 0  [ RunTime:0.0004s ]
SQL: SHOW COLUMNS FROM `order_detail` [ RunTime:0.0026s ]
SQL: SELECT * FROM `order_detail`  [ RunTime:0.0010s ]
SQL: SELECT * FROM `admin` WHERE ( auth < 5 and auth >0 )  [ RunTime:0.0004s ]
INFO: [ view_parse ] --START--
INFO: [ template_filter ] --START--
INFO: Run Behavior\ContentReplaceBehavior [ RunTime:0.000085s ]
INFO: [ template_filter ] --END-- [ RunTime:0.000156s ]
INFO: Run Behavior\ParseTemplateBehavior [ RunTime:0.010844s ]
INFO: [ view_parse ] --END-- [ RunTime:0.010922s ]
INFO: [ view_filter ] --START--
INFO: Run Behavior\WriteHtmlCacheBehavior [ RunTime:0.000274s ]
INFO: [ view_filter ] --END-- [ RunTime:0.000332s ]
INFO: [ app_end ] --START--
INFO: Run Behavior\ShowPageTraceBehavior [ RunTime:0.000616s ]
INFO: [ app_end ] --END-- [ RunTime:0.000679s ]

[ 2017-11-17T03:35:14+08:00 ] 127.0.0.1 /repair_system/BackgroundAdmin/User/addAdmin.html
INFO: [ app_init ] --START--
INFO: Run Behavior\BuildLiteBehavior [ RunTime:0.000019s ]
INFO: [ app_init ] --END-- [ RunTime:0.000480s ]
INFO: [ app_begin ] --START--
INFO: Run Behavior\ReadHtmlCacheBehavior [ RunTime:0.000591s ]
INFO: [ app_begin ] --END-- [ RunTime:0.000670s ]
SQL: SHOW COLUMNS FROM `admin_cookie` [ RunTime:0.0026s ]
SQL: SELECT * FROM `admin_cookie` WHERE `account` = '162011417' LIMIT 1   [ RunTime:0.0003s ]
SQL: SHOW COLUMNS FROM `admin` [ RunTime:0.0024s ]
SQL: SELECT * FROM `admin` WHERE `student_number` = 162011417 LIMIT 1   [ RunTime:0.0003s ]
INFO: [ view_parse ] --START--
INFO: [ template_filter ] --START--
INFO: Run Behavior\ContentReplaceBehavior [ RunTime:0.000083s ]
INFO: [ template_filter ] --END-- [ RunTime:0.000163s ]
INFO: Run Behavior\ParseTemplateBehavior [ RunTime:0.007340s ]
INFO: [ view_parse ] --END-- [ RunTime:0.007412s ]
INFO: [ view_filter ] --START--
INFO: Run Behavior\WriteHtmlCacheBehavior [ RunTime:0.000274s ]
INFO: [ view_filter ] --END-- [ RunTime:0.000332s ]
INFO: [ app_end ] --START--
INFO: Run Behavior\ShowPageTraceBehavior [ RunTime:0.000612s ]
INFO: [ app_end ] --END-- [ RunTime:0.000677s ]

[ 2017-11-17T03:35:18+08:00 ] 127.0.0.1 /repair_system/BackgroundAdmin/OrderOption/orderOptionView.html
INFO: [ app_init ] --START--
INFO: Run Behavior\BuildLiteBehavior [ RunTime:0.000021s ]
INFO: [ app_init ] --END-- [ RunTime:0.000514s ]
INFO: [ app_begin ] --START--
INFO: Run Behavior\ReadHtmlCacheBehavior [ RunTime:0.000618s ]
INFO: [ app_begin ] --END-- [ RunTime:0.000700s ]
SQL: SHOW COLUMNS FROM `service_types` [ RunTime:0.0081s ]
SQL: SELECT * FROM `service_types`  [ RunTime:0.0003s ]
INFO: [ view_parse ] --START--
INFO: [ template_filter ] --START--
INFO: Run Behavior\ContentReplaceBehavior [ RunTime:0.001205s ]
INFO: [ template_filter ] --END-- [ RunTime:0.002281s ]
INFO: Run Behavior\ParseTemplateBehavior [ RunTime:0.013706s ]
INFO: [ view_parse ] --END-- [ RunTime:0.013785s ]
INFO: [ view_filter ] --START--
INFO: Run Behavior\WriteHtmlCacheBehavior [ RunTime:0.000463s ]
INFO: [ view_filter ] --END-- [ RunTime:0.000524s ]
INFO: [ app_end ] --START--
INFO: Run Behavior\ShowPageTraceBehavior [ RunTime:0.000622s ]
INFO: [ app_end ] --END-- [ RunTime:0.000684s ]

[ 2017-11-17T03:35:21+08:00 ] 127.0.0.1 /repair_system/BackgroundAdmin/OrderTask/orderTaskView.html
INFO: [ app_init ] --START--
INFO: Run Behavior\BuildLiteBehavior [ RunTime:0.000020s ]
INFO: [ app_init ] --END-- [ RunTime:0.000500s ]
INFO: [ app_begin ] --START--
INFO: Run Behavior\ReadHtmlCacheBehavior [ RunTime:0.000601s ]
INFO: [ app_begin ] --END-- [ RunTime:0.000685s ]
SQL: SHOW COLUMNS FROM `admin_cookie` [ RunTime:0.0024s ]
SQL: SELECT * FROM `admin_cookie` WHERE `account` = '162011417' LIMIT 1   [ RunTime:0.0003s ]
SQL: SHOW COLUMNS FROM `admin` [ RunTime:0.0024s ]
SQL: SELECT * FROM `admin` WHERE `student_number` = 162011417 LIMIT 1   [ RunTime:0.0031s ]
SQL: SELECT a.task_id,b.state,b.time,b.user_id,b.id,c.mobile,c.content,c.computer_type,c.service_type,d.name
		FROM admin_to_order as a,order_list as b,order_detail as c,user as d
		where a.admin_id=100 and a.order_id=b.id and a.order_id=c.id and b.user_id=d.id 
		order by a.task_id desc [ RunTime:0.0006s ]
INFO: [ view_parse ] --START--
INFO: [ template_filter ] --START--
INFO: Run Behavior\ContentReplaceBehavior [ RunTime:0.000095s ]
INFO: [ template_filter ] --END-- [ RunTime:0.000170s ]
INFO: Run Behavior\ParseTemplateBehavior [ RunTime:0.011329s ]
INFO: [ view_parse ] --END-- [ RunTime:0.011402s ]
INFO: [ view_filter ] --START--
INFO: Run Behavior\WriteHtmlCacheBehavior [ RunTime:0.000272s ]
INFO: [ view_filter ] --END-- [ RunTime:0.000328s ]
INFO: [ app_end ] --START--
INFO: Run Behavior\ShowPageTraceBehavior [ RunTime:0.000600s ]
INFO: [ app_end ] --END-- [ RunTime:0.000660s ]

[ 2017-11-17T03:35:24+08:00 ] 127.0.0.1 /repair_system/BackgroundAdmin/CheckOrder/checkOrderView.html
INFO: [ app_init ] --START--
INFO: Run Behavior\BuildLiteBehavior [ RunTime:0.000022s ]
INFO: [ app_init ] --END-- [ RunTime:0.000503s ]
INFO: [ app_begin ] --START--
INFO: Run Behavior\ReadHtmlCacheBehavior [ RunTime:0.000621s ]
INFO: [ app_begin ] --END-- [ RunTime:0.000702s ]
SQL: SHOW COLUMNS FROM `admin_cookie` [ RunTime:0.0068s ]
SQL: SELECT * FROM `admin_cookie` WHERE `account` = '162011417' LIMIT 1   [ RunTime:0.0004s ]
SQL: SHOW COLUMNS FROM `admin` [ RunTime:0.0025s ]
SQL: SELECT * FROM `admin` WHERE `student_number` = 162011417 LIMIT 1   [ RunTime:0.0003s ]
SQL: SHOW COLUMNS FROM `order_list` [ RunTime:0.0024s ]
SQL: SELECT * FROM `order_list` ORDER BY id desc  [ RunTime:0.0009s ]
SQL: SHOW COLUMNS FROM `order_detail` [ RunTime:0.0081s ]
SQL: SELECT * FROM `order_detail` ORDER BY id desc  [ RunTime:0.0018s ]
INFO: [ view_parse ] --START--
INFO: [ template_filter ] --START--
INFO: Run Behavior\ContentReplaceBehavior [ RunTime:0.000087s ]
INFO: [ template_filter ] --END-- [ RunTime:0.000185s ]
INFO: Run Behavior\ParseTemplateBehavior [ RunTime:0.024119s ]
INFO: [ view_parse ] --END-- [ RunTime:0.024364s ]
INFO: [ view_filter ] --START--
INFO: Run Behavior\WriteHtmlCacheBehavior [ RunTime:0.000851s ]
INFO: [ view_filter ] --END-- [ RunTime:0.001127s ]
INFO: [ app_end ] --START--
INFO: Run Behavior\ShowPageTraceBehavior [ RunTime:0.000862s ]
INFO: [ app_end ] --END-- [ RunTime:0.000958s ]

[ 2017-11-17T03:35:47+08:00 ] 127.0.0.1 /repair_system/BackgroundAdmin/User/addAdmin.html
INFO: [ app_init ] --START--
INFO: Run Behavior\BuildLiteBehavior [ RunTime:0.000019s ]
INFO: [ app_init ] --END-- [ RunTime:0.000725s ]
INFO: [ app_begin ] --START--
INFO: Run Behavior\ReadHtmlCacheBehavior [ RunTime:0.000757s ]
INFO: [ app_begin ] --END-- [ RunTime:0.000841s ]
SQL: SHOW COLUMNS FROM `admin_cookie` [ RunTime:0.0025s ]
SQL: SELECT * FROM `admin_cookie` WHERE `account` = '162011417' LIMIT 1   [ RunTime:0.0003s ]
SQL: SHOW COLUMNS FROM `admin` [ RunTime:0.0023s ]
SQL: SELECT * FROM `admin` WHERE `student_number` = 162011417 LIMIT 1   [ RunTime:0.0003s ]
INFO: [ view_parse ] --START--
INFO: [ template_filter ] --START--
INFO: Run Behavior\ContentReplaceBehavior [ RunTime:0.000105s ]
INFO: [ template_filter ] --END-- [ RunTime:0.000190s ]
INFO: Run Behavior\ParseTemplateBehavior [ RunTime:0.023239s ]
INFO: [ view_parse ] --END-- [ RunTime:0.023312s ]
INFO: [ view_filter ] --START--
INFO: Run Behavior\WriteHtmlCacheBehavior [ RunTime:0.000336s ]
INFO: [ view_filter ] --END-- [ RunTime:0.000393s ]
INFO: [ app_end ] --START--
INFO: Run Behavior\ShowPageTraceBehavior [ RunTime:0.000672s ]
INFO: [ app_end ] --END-- [ RunTime:0.000737s ]

[ 2017-11-17T03:35:50+08:00 ] 127.0.0.1 /repair_system/BackgroundAdmin/OrderDistribute/orderDistributeView.html
INFO: [ app_init ] --START--
INFO: Run Behavior\BuildLiteBehavior [ RunTime:0.000018s ]
INFO: [ app_init ] --END-- [ RunTime:0.000476s ]
INFO: [ app_begin ] --START--
INFO: Run Behavior\ReadHtmlCacheBehavior [ RunTime:0.000596s ]
INFO: [ app_begin ] --END-- [ RunTime:0.000676s ]
SQL: SHOW COLUMNS FROM `admin_cookie` [ RunTime:0.0024s ]
SQL: SELECT * FROM `admin_cookie` WHERE `account` = '162011417' LIMIT 1   [ RunTime:0.0003s ]
SQL: SHOW COLUMNS FROM `admin` [ RunTime:0.0023s ]
SQL: SELECT * FROM `admin` WHERE `student_number` = 162011417 LIMIT 1   [ RunTime:0.0003s ]
SQL: SHOW COLUMNS FROM `order_list` [ RunTime:0.0023s ]
SQL: SELECT * FROM `order_list` WHERE `state` = 0  [ RunTime:0.0003s ]
SQL: SHOW COLUMNS FROM `order_detail` [ RunTime:0.0023s ]
SQL: SELECT * FROM `order_detail`  [ RunTime:0.0010s ]
SQL: SELECT * FROM `admin` WHERE ( auth < 5 and auth >0 )  [ RunTime:0.0003s ]
INFO: [ view_parse ] --START--
INFO: [ template_filter ] --START--
INFO: Run Behavior\ContentReplaceBehavior [ RunTime:0.000096s ]
INFO: [ template_filter ] --END-- [ RunTime:0.000190s ]
INFO: Run Behavior\ParseTemplateBehavior [ RunTime:0.012827s ]
INFO: [ view_parse ] --END-- [ RunTime:0.012908s ]
INFO: [ view_filter ] --START--
INFO: Run Behavior\WriteHtmlCacheBehavior [ RunTime:0.000306s ]
INFO: [ view_filter ] --END-- [ RunTime:0.000360s ]
INFO: [ app_end ] --START--
INFO: Run Behavior\ShowPageTraceBehavior [ RunTime:0.000657s ]
INFO: [ app_end ] --END-- [ RunTime:0.000719s ]

[ 2017-11-17T03:36:27+08:00 ] 127.0.0.1 /repair_system/BackgroundAdmin/OrderTask/orderTaskView.html
INFO: [ app_init ] --START--
INFO: Run Behavior\BuildLiteBehavior [ RunTime:0.000018s ]
INFO: [ app_init ] --END-- [ RunTime:0.000477s ]
INFO: [ app_begin ] --START--
INFO: Run Behavior\ReadHtmlCacheBehavior [ RunTime:0.000611s ]
INFO: [ app_begin ] --END-- [ RunTime:0.000692s ]
SQL: SHOW COLUMNS FROM `admin_cookie` [ RunTime:0.0024s ]
SQL: SELECT * FROM `admin_cookie` WHERE `account` = '162011417' LIMIT 1   [ RunTime:0.0003s ]
SQL: SHOW COLUMNS FROM `admin` [ RunTime:0.0024s ]
SQL: SELECT * FROM `admin` WHERE `student_number` = 162011417 LIMIT 1   [ RunTime:0.0003s ]
SQL: SELECT a.task_id,b.state,b.time,b.user_id,b.id,c.mobile,c.content,c.computer_type,c.service_type,d.name
		FROM admin_to_order as a,order_list as b,order_detail as c,user as d
		where a.admin_id=100 and a.order_id=b.id and a.order_id=c.id and b.user_id=d.id 
		order by a.task_id desc [ RunTime:0.0006s ]
INFO: [ view_parse ] --START--
INFO: [ template_filter ] --START--
INFO: Run Behavior\ContentReplaceBehavior [ RunTime:0.000094s ]
INFO: [ template_filter ] --END-- [ RunTime:0.000169s ]
INFO: Run Behavior\ParseTemplateBehavior [ RunTime:0.012153s ]
INFO: [ view_parse ] --END-- [ RunTime:0.012226s ]
INFO: [ view_filter ] --START--
INFO: Run Behavior\WriteHtmlCacheBehavior [ RunTime:0.000275s ]
INFO: [ view_filter ] --END-- [ RunTime:0.000332s ]
INFO: [ app_end ] --START--
INFO: Run Behavior\ShowPageTraceBehavior [ RunTime:0.000608s ]
INFO: [ app_end ] --END-- [ RunTime:0.000671s ]

[ 2017-11-17T03:36:49+08:00 ] 127.0.0.1 /repair_system/BackgroundAdmin/CheckOrder/checkOrderView.html
INFO: [ app_init ] --START--
INFO: Run Behavior\BuildLiteBehavior [ RunTime:0.000019s ]
INFO: [ app_init ] --END-- [ RunTime:0.000482s ]
INFO: [ app_begin ] --START--
INFO: Run Behavior\ReadHtmlCacheBehavior [ RunTime:0.000598s ]
INFO: [ app_begin ] --END-- [ RunTime:0.000680s ]
SQL: SHOW COLUMNS FROM `admin_cookie` [ RunTime:0.0025s ]
SQL: SELECT * FROM `admin_cookie` WHERE `account` = '162011417' LIMIT 1   [ RunTime:0.0004s ]
SQL: SHOW COLUMNS FROM `admin` [ RunTime:0.0024s ]
SQL: SELECT * FROM `admin` WHERE `student_number` = 162011417 LIMIT 1   [ RunTime:0.0003s ]
SQL: SHOW COLUMNS FROM `order_list` [ RunTime:0.0024s ]
SQL: SELECT * FROM `order_list` ORDER BY id desc  [ RunTime:0.0009s ]
SQL: SHOW COLUMNS FROM `order_detail` [ RunTime:0.0024s ]
SQL: SELECT * FROM `order_detail` ORDER BY id desc  [ RunTime:0.0018s ]
INFO: [ view_parse ] --START--
INFO: [ template_filter ] --START--
INFO: Run Behavior\ContentReplaceBehavior [ RunTime:0.000077s ]
INFO: [ template_filter ] --END-- [ RunTime:0.000153s ]
INFO: Run Behavior\ParseTemplateBehavior [ RunTime:0.017133s ]
INFO: [ view_parse ] --END-- [ RunTime:0.017208s ]
INFO: [ view_filter ] --START--
INFO: Run Behavior\WriteHtmlCacheBehavior [ RunTime:0.000287s ]
INFO: [ view_filter ] --END-- [ RunTime:0.000346s ]

[ 2017-11-17T03:36:50+08:00 ] 127.0.0.1 /repair_system/BackgroundAdmin/CheckOrder/checkOrderView.html
INFO: [ app_init ] --START--
INFO: Run Behavior\BuildLiteBehavior [ RunTime:0.000022s ]
INFO: [ app_init ] --END-- [ RunTime:0.000572s ]
INFO: [ app_begin ] --START--
INFO: Run Behavior\ReadHtmlCacheBehavior [ RunTime:0.000769s ]
INFO: [ app_begin ] --END-- [ RunTime:0.000850s ]
SQL: SHOW COLUMNS FROM `admin_cookie` [ RunTime:0.0026s ]
SQL: SELECT * FROM `admin_cookie` WHERE `account` = '162011417' LIMIT 1   [ RunTime:0.0004s ]
SQL: SHOW COLUMNS FROM `admin` [ RunTime:0.0025s ]
SQL: SELECT * FROM `admin` WHERE `student_number` = 162011417 LIMIT 1   [ RunTime:0.0004s ]
SQL: SHOW COLUMNS FROM `order_list` [ RunTime:0.0024s ]
SQL: SELECT * FROM `order_list` ORDER BY id desc  [ RunTime:0.0051s ]
SQL: SHOW COLUMNS FROM `order_detail` [ RunTime:0.0023s ]
SQL: SELECT * FROM `order_detail` ORDER BY id desc  [ RunTime:0.0020s ]
INFO: [ view_parse ] --START--
INFO: [ template_filter ] --START--
INFO: Run Behavior\ContentReplaceBehavior [ RunTime:0.000102s ]
INFO: [ template_filter ] --END-- [ RunTime:0.000192s ]
INFO: Run Behavior\ParseTemplateBehavior [ RunTime:0.033879s ]
INFO: [ view_parse ] --END-- [ RunTime:0.033955s ]
INFO: [ view_filter ] --START--
INFO: Run Behavior\WriteHtmlCacheBehavior [ RunTime:0.000369s ]
INFO: [ view_filter ] --END-- [ RunTime:0.000431s ]
INFO: [ app_end ] --START--
INFO: Run Behavior\ShowPageTraceBehavior [ RunTime:0.000723s ]
INFO: [ app_end ] --END-- [ RunTime:0.000810s ]

[ 2017-11-17T03:36:51+08:00 ] 127.0.0.1 /repair_system/BackgroundAdmin/Index/welcome.html
INFO: [ app_init ] --START--
INFO: Run Behavior\BuildLiteBehavior [ RunTime:0.000023s ]
INFO: [ app_init ] --END-- [ RunTime:0.000499s ]
INFO: [ app_begin ] --START--
INFO: Run Behavior\ReadHtmlCacheBehavior [ RunTime:0.000610s ]
INFO: [ app_begin ] --END-- [ RunTime:0.000691s ]
INFO: [ view_parse ] --START--
INFO: [ template_filter ] --START--
INFO: Run Behavior\ContentReplaceBehavior [ RunTime:0.000067s ]
INFO: [ template_filter ] --END-- [ RunTime:0.000161s ]
INFO: Run Behavior\ParseTemplateBehavior [ RunTime:0.009200s ]
INFO: [ view_parse ] --END-- [ RunTime:0.009542s ]
INFO: [ view_filter ] --START--
INFO: Run Behavior\WriteHtmlCacheBehavior [ RunTime:0.000297s ]
INFO: [ view_filter ] --END-- [ RunTime:0.000355s ]
INFO: [ app_end ] --START--
INFO: Run Behavior\ShowPageTraceBehavior [ RunTime:0.000638s ]
INFO: [ app_end ] --END-- [ RunTime:0.000701s ]

[ 2017-11-17T03:36:54+08:00 ] 127.0.0.1 /repair_system/BackgroundAdmin/OrderDistribute/orderDistributeView.html
INFO: [ app_init ] --START--
INFO: Run Behavior\BuildLiteBehavior [ RunTime:0.000021s ]
INFO: [ app_init ] --END-- [ RunTime:0.000493s ]
INFO: [ app_begin ] --START--
INFO: Run Behavior\ReadHtmlCacheBehavior [ RunTime:0.000766s ]
INFO: [ app_begin ] --END-- [ RunTime:0.001368s ]
SQL: SHOW COLUMNS FROM `admin_cookie` [ RunTime:0.0024s ]
SQL: SELECT * FROM `admin_cookie` WHERE `account` = '162011417' LIMIT 1   [ RunTime:0.0003s ]
SQL: SHOW COLUMNS FROM `admin` [ RunTime:0.0024s ]
SQL: SELECT * FROM `admin` WHERE `student_number` = 162011417 LIMIT 1   [ RunTime:0.0003s ]
SQL: SHOW COLUMNS FROM `order_list` [ RunTime:0.0023s ]
SQL: SELECT * FROM `order_list` WHERE `state` = 0  [ RunTime:0.0003s ]
SQL: SHOW COLUMNS FROM `order_detail` [ RunTime:0.0023s ]
SQL: SELECT * FROM `order_detail`  [ RunTime:0.0010s ]
SQL: SELECT * FROM `admin` WHERE ( auth < 5 and auth >0 )  [ RunTime:0.0003s ]
INFO: [ view_parse ] --START--
INFO: [ template_filter ] --START--
INFO: Run Behavior\ContentReplaceBehavior [ RunTime:0.000087s ]
INFO: [ template_filter ] --END-- [ RunTime:0.000162s ]
INFO: Run Behavior\ParseTemplateBehavior [ RunTime:0.011781s ]
INFO: [ view_parse ] --END-- [ RunTime:0.011865s ]
INFO: [ view_filter ] --START--
INFO: Run Behavior\WriteHtmlCacheBehavior [ RunTime:0.000316s ]
INFO: [ view_filter ] --END-- [ RunTime:0.000374s ]
INFO: [ app_end ] --START--
INFO: Run Behavior\ShowPageTraceBehavior [ RunTime:0.000630s ]
INFO: [ app_end ] --END-- [ RunTime:0.000691s ]

[ 2017-11-17T03:37:01+08:00 ] 127.0.0.1 /repair_system/BackgroundAdmin/OrderDistribute/checkDetail/id/160.html
INFO: [ app_init ] --START--
INFO: Run Behavior\BuildLiteBehavior [ RunTime:0.000020s ]
INFO: [ app_init ] --END-- [ RunTime:0.000490s ]
INFO: [ app_begin ] --START--
INFO: Run Behavior\ReadHtmlCacheBehavior [ RunTime:0.000597s ]
INFO: [ app_begin ] --END-- [ RunTime:0.000675s ]
SQL: SHOW COLUMNS FROM `admin_cookie` [ RunTime:0.0024s ]
SQL: SELECT * FROM `admin_cookie` WHERE `account` = '162011417' LIMIT 1   [ RunTime:0.0003s ]
SQL: SHOW COLUMNS FROM `admin` [ RunTime:0.0024s ]
SQL: SELECT * FROM `admin` WHERE `student_number` = 162011417 LIMIT 1   [ RunTime:0.0003s ]
SQL: SHOW COLUMNS FROM `order_detail` [ RunTime:0.0023s ]
SQL: SELECT * FROM `order_detail` WHERE `id` = 160 LIMIT 1   [ RunTime:0.0003s ]
SQL: SHOW COLUMNS FROM `order_list` [ RunTime:0.0023s ]
SQL: SELECT * FROM `order_list` WHERE `id` = 160 LIMIT 1   [ RunTime:0.0003s ]
SQL: SHOW COLUMNS FROM `user` [ RunTime:0.0025s ]
SQL: SELECT * FROM `user` WHERE `id` = 108 LIMIT 1   [ RunTime:0.0003s ]
SQL: SELECT * FROM `admin` WHERE ( auth < 5 and auth >0 )  [ RunTime:0.0003s ]
INFO: [ view_parse ] --START--
INFO: [ template_filter ] --START--
INFO: Run Behavior\ContentReplaceBehavior [ RunTime:0.000086s ]
INFO: [ template_filter ] --END-- [ RunTime:0.000159s ]
INFO: Run Behavior\ParseTemplateBehavior [ RunTime:0.009956s ]
INFO: [ view_parse ] --END-- [ RunTime:0.010035s ]
INFO: [ view_filter ] --START--
INFO: Run Behavior\WriteHtmlCacheBehavior [ RunTime:0.000276s ]
INFO: [ view_filter ] --END-- [ RunTime:0.000333s ]
INFO: [ app_end ] --START--
INFO: Run Behavior\ShowPageTraceBehavior [ RunTime:0.000606s ]
INFO: [ app_end ] --END-- [ RunTime:0.000668s ]

[ 2017-11-17T03:37:55+08:00 ] 127.0.0.1 /repair_system/BackgroundAdmin
INFO: [ app_init ] --START--
INFO: Run Behavior\BuildLiteBehavior [ RunTime:0.000020s ]
INFO: [ app_init ] --END-- [ RunTime:0.000486s ]
INFO: [ app_begin ] --START--
INFO: Run Behavior\ReadHtmlCacheBehavior [ RunTime:0.000595s ]
INFO: [ app_begin ] --END-- [ RunTime:0.000678s ]
SQL: SHOW COLUMNS FROM `admin` [ RunTime:0.0026s ]
SQL: SELECT * FROM `admin` WHERE `student_number` = 162011417 LIMIT 1   [ RunTime:0.0003s ]
INFO: [ view_parse ] --START--
INFO: [ template_filter ] --START--
INFO: Run Behavior\ContentReplaceBehavior [ RunTime:0.000115s ]
INFO: [ template_filter ] --END-- [ RunTime:0.000187s ]
INFO: Run Behavior\ParseTemplateBehavior [ RunTime:0.010808s ]
INFO: [ view_parse ] --END-- [ RunTime:0.010886s ]
INFO: [ view_filter ] --START--
INFO: Run Behavior\WriteHtmlCacheBehavior [ RunTime:0.000280s ]
INFO: [ view_filter ] --END-- [ RunTime:0.000338s ]
INFO: [ app_end ] --START--
INFO: Run Behavior\ShowPageTraceBehavior [ RunTime:0.000621s ]
INFO: [ app_end ] --END-- [ RunTime:0.000685s ]

[ 2017-11-17T03:37:55+08:00 ] 127.0.0.1 /repair_system/BackgroundAdmin/Index/welcome.html
INFO: [ app_init ] --START--
INFO: Run Behavior\BuildLiteBehavior [ RunTime:0.000019s ]
INFO: [ app_init ] --END-- [ RunTime:0.000487s ]
INFO: [ app_begin ] --START--
INFO: Run Behavior\ReadHtmlCacheBehavior [ RunTime:0.000596s ]
INFO: [ app_begin ] --END-- [ RunTime:0.000680s ]
INFO: [ view_parse ] --START--
INFO: [ template_filter ] --START--
INFO: Run Behavior\ContentReplaceBehavior [ RunTime:0.000060s ]
INFO: [ template_filter ] --END-- [ RunTime:0.000140s ]
INFO: Run Behavior\ParseTemplateBehavior [ RunTime:0.006807s ]
INFO: [ view_parse ] --END-- [ RunTime:0.006880s ]
INFO: [ view_filter ] --START--
INFO: Run Behavior\WriteHtmlCacheBehavior [ RunTime:0.000274s ]
INFO: [ view_filter ] --END-- [ RunTime:0.000327s ]
INFO: [ app_end ] --START--
INFO: Run Behavior\ShowPageTraceBehavior [ RunTime:0.000612s ]
INFO: [ app_end ] --END-- [ RunTime:0.000675s ]

